
Turn 3
================================================================
warning: entity 0 was directed to use 3 halite to move north, but only 0 halite was available
At command 1 of 2:
>>> 1   m 0 n
    2   g


Turn 8
================================================================
warning: entity 5 was directed to use 2 halite to move north, but only 0 halite was available
At command 2 of 4:
    1   m 2 o
>>> 2   m 5 n
    3   m 0 s
    4   g


Turn 11
================================================================
warning: entity 7 was directed to use 1 halite to move west, but only 0 halite was available
At command 1 of 5:
>>> 1   m 7 w
    2   m 2 o
    3   m 5 o


Turn 15
================================================================
warning: entity 9 was directed to use 5 halite to move east, but only 4 halite was available
At command 1 of 5:
>>> 1   m 9 e
    2   m 7 o
    3   m 2 o


Turn 40
================================================================
warning: entity 11 was directed to use 1 halite to move north, but only 0 halite was available
At command 2 of 6:
    1   m 9 o
>>> 2   m 11 n
    3   m 0 o
    4   m 5 o


Turn 43
================================================================
warning: entity 11 was directed to use 5 halite to move west, but only 0 halite was available
At command 3 of 6:
    1   m 2 o
    2   m 7 e
>>> 3   m 11 w
    4   m 0 o
    5   m 9 o


Turn 47
================================================================
warning: entity 5 was directed to use 5 halite to move east, but only 3 halite was available
At command 3 of 6:
    1   m 7 n
    2   m 9 e
>>> 3   m 5 e
    4   m 2 o
    5   m 0 o


Turn 48
================================================================
warning: entity 9 was directed to use 3 halite to move south, but only 0 halite was available
At command 2 of 7:
    1   m 7 n
>>> 2   m 9 s
    3   m 5 o
    4   m 2 o


Turn 51
================================================================
warning: entity 9 was directed to use 5 halite to move east, but only 3 halite was available
At command 1 of 7:
>>> 1   m 9 e
    2   m 12 n
    3   m 5 o

warning: entity 12 was directed to use 2 halite to move north, but only 0 halite was available
At command 2 of 7:
    1   m 9 e
>>> 2   m 12 n
    3   m 5 o
    4   m 7 n


Turn 54
================================================================
warning: entity 7 was directed to use 2 halite to move north, but only 0 halite was available
At command 1 of 8:
>>> 1   m 7 n
    2   m 9 e
    3   m 2 s


Turn 57
================================================================
warning: entity 14 was directed to use 3 halite to move west, but only 0 halite was available
At command 1 of 8:
>>> 1   m 14 w
    2   m 2 s
    3   m 5 o


Turn 60
================================================================
warning: entity 14 was directed to use 6 halite to move south, but only 3 halite was available
At command 4 of 8:
    2   m 7 e
    3   m 5 o
>>> 4   m 14 s
    5   m 9 o
    6   m 12 e


Turn 71
================================================================
warning: entity 0 was directed to use 3 halite to move north, but only 0 halite was available
At command 3 of 9:
    1   m 5 w
    2   m 11 s
>>> 3   m 0 n
    4   m 12 o
    5   m 14 o


Turn 74
================================================================
warning: entity 0 was directed to use 3 halite to move west, but only 2 halite was available
At command 2 of 9:
    1   m 5 n
>>> 2   m 0 w
    3   m 11 s
    4   m 17 w


Turn 75
================================================================
warning: entity 17 was directed to use 2 halite to move south, but only 0 halite was available
At command 4 of 9:
    2   m 9 w
    3   m 7 o
>>> 4   m 17 s
    5   m 12 w
    6   m 11 s


Turn 77
================================================================
warning: entity 0 was directed to use 6 halite to move west, but only 5 halite was available
At command 5 of 9:
    3   m 9 o
    4   m 12 n
>>> 5   m 0 w
    6   m 11 s
    7   m 7 o


Turn 78
================================================================
warning: entity 5 was directed to use 3 halite to move east, but only 0 halite was available
At command 1 of 9:
>>> 1   m 5 e
    2   m 17 w
    3   m 14 o

warning: entity 17 was directed to use 6 halite to move west, but only 0 halite was available
At command 2 of 9:
    1   m 5 e
>>> 2   m 17 w
    3   m 14 o
    4   m 12 n


Turn 80
================================================================
warning: entity 11 was directed to use 5 halite to move east, but only 0 halite was available
At command 3 of 9:
    1   m 12 n
    2   m 9 e
>>> 3   m 11 e
    4   m 0 o
    5   m 5 s


Turn 81
================================================================
warning: entity 5 was directed to use 6 halite to move east, but only 0 halite was available
At command 3 of 9:
    1   m 12 n
    2   m 9 s
>>> 3   m 5 e
    4   m 7 o
    5   m 14 e


Turn 82
================================================================
warning: entity 9 was directed to use 2 halite to move south, but only 0 halite was available
At command 2 of 9:
    1   m 2 e
>>> 2   m 9 s
    3   m 14 e
    4   m 12 w


Turn 86
================================================================
warning: entity 19 was directed to use 1 halite to move south, but only 0 halite was available
At command 2 of 11:
    1   m 7 w
>>> 2   m 19 s
    3   m 2 n
    4   m 14 o


Turn 88
================================================================
warning: entity 19 was directed to use 4 halite to move south, but only 3 halite was available
At command 3 of 11:
    1   m 7 s
    2   m 2 n
>>> 3   m 19 s
    4   m 14 o
    5   m 12 s


Turn 89
================================================================
warning: entity 20 was directed to use 1 halite to move south, but only 0 halite was available
At command 9 of 11:
    7   m 14 w
    8   m 17 o
>>> 9   m 20 s
    10   m 9 o
    11   m 5 o


Turn 91
================================================================
warning: entity 14 was directed to use 5 halite to move south, but only 0 halite was available
At command 2 of 11:
    1   m 7 o
>>> 2   m 14 s
    3   m 19 e
    4   m 2 o


Turn 92
================================================================
warning: entity 19 was directed to use 5 halite to move south, but only 4 halite was available
At command 1 of 11:
>>> 1   m 19 s
    2   m 5 o
    3   m 7 o

warning: entity 20 was directed to use 2 halite to move south, but only 0 halite was available
At command 6 of 11:
    4   m 14 n
    5   m 2 w
>>> 6   m 20 s
    7   m 9 o
    8   m 12 o


Turn 94
================================================================
warning: entity 2 was directed to use 4 halite to move north, but only 0 halite was available
At command 3 of 11:
    1   m 14 n
    2   m 19 e
>>> 3   m 2 n
    4   m 7 e
    5   m 17 o

warning: entity 20 was directed to use 6 halite to move east, but only 5 halite was available
At command 7 of 11:
    5   m 17 o
    6   m 5 o
>>> 7   m 20 e
    8   m 9 o
    9   m 12 o


Turn 95
================================================================
warning: entity 14 was directed to use 4 halite to move west, but only 0 halite was available
At command 3 of 12:
    1   m 7 e
    2   m 19 o
>>> 3   m 14 w
    4   m 2 w
    5   m 17 o


Turn 96
================================================================
warning: entity 7 was directed to use 3 halite to move south, but only 0 halite was available
At command 2 of 12:
    1   m 22 n
>>> 2   m 7 s
    3   m 2 w
    4   m 5 o


Turn 98
================================================================
warning: entity 22 was directed to use 3 halite to move west, but only 0 halite was available
At command 1 of 12:
>>> 1   m 22 w
    2   m 7 e
    3   m 12 o


Turn 101
================================================================
warning: entity 7 was directed to use 5 halite to move east, but only 0 halite was available
At command 1 of 12:
>>> 1   m 7 e
    2   m 22 n
    3   m 17 e


Turn 105
================================================================
warning: entity 7 was directed to use 5 halite to move east, but only 0 halite was available
At command 1 of 12:
>>> 1   m 7 e
    2   m 5 n
    3   m 22 w


Turn 112
================================================================
warning: entity 17 was directed to use 2 halite to move west, but only 0 halite was available
At command 2 of 12:
    1   m 0 s
>>> 2   m 17 w
    3   m 20 o
    4   m 12 e


Turn 114
================================================================
warning: entity 5 was directed to use 2 halite to move east, but only 0 halite was available
At command 6 of 12:
    4   m 19 w
    5   m 9 e
>>> 6   m 5 e
    7   m 2 n
    8   m 17 w


Turn 115
================================================================
warning: entity 17 was directed to use 5 halite to move west, but only 3 halite was available
At command 2 of 12:
    1   m 19 w
>>> 2   m 17 w
    3   m 12 n
    4   m 9 s


Turn 117
================================================================
warning: entity 9 was directed to use 3 halite to move east, but only 0 halite was available
At command 6 of 12:
    4   m 0 s
    5   m 19 w
>>> 6   m 9 e
    7   m 17 w
    8   m 5 e


Turn 121
================================================================
warning: entity 9 was directed to use 3 halite to move south, but only 2 halite was available
At command 3 of 12:
    1   m 2 w
    2   m 7 w
>>> 3   m 9 s
    4   m 14 e
    5   m 5 o


Turn 125
================================================================
warning: entity 9 was directed to use 4 halite to move south, but only 0 halite was available
At command 1 of 12:
>>> 1   m 9 s
    2   m 14 s
    3   m 7 n


Turn 128
================================================================
warning: entity 11 was directed to use 3 halite to move east, but only 0 halite was available
At command 1 of 12:
>>> 1   m 11 e
    2   m 22 n
    3   m 14 o


Turn 132
================================================================
warning: entity 11 was directed to use 6 halite to move north, but only 0 halite was available
At command 2 of 12:
    1   m 19 s
>>> 2   m 11 n
    3   m 20 e
    4   m 17 n


Turn 133
================================================================
warning: entity 19 was directed to use 5 halite to move east, but only 0 halite was available
At command 1 of 12:
>>> 1   m 19 e
    2   m 20 e
    3   m 17 n


Turn 134
================================================================
warning: entity 20 was directed to use 2 halite to move south, but only 0 halite was available
At command 1 of 12:
>>> 1   m 20 s
    2   m 5 o
    3   m 17 w


Turn 137
================================================================
warning: entity 7 was directed to use 3 halite to move east, but only 0 halite was available
At command 1 of 12:
>>> 1   m 7 e
    2   m 11 e
    3   m 19 e

warning: entity 19 was directed to use 5 halite to move east, but only 3 halite was available
At command 3 of 12:
    1   m 7 e
    2   m 11 e
>>> 3   m 19 e
    4   m 22 e
    5   m 5 w

warning: entity 20 was directed to use 5 halite to move north, but only 3 halite was available
At command 8 of 12:
    6   m 0 w
    7   m 17 o
>>> 8   m 20 n
    9   m 14 s
    10   m 9 s


Turn 138
================================================================
warning: entity 0 was directed to use 2 halite to move south, but only 0 halite was available
At command 3 of 12:
    1   m 14 o
    2   m 5 w
>>> 3   m 0 s
    4   m 9 o
    5   m 11 o


Turn 141
================================================================
warning: entity 7 was directed to use 2 halite to move south, but only 0 halite was available
At command 3 of 12:
    1   m 17 o
    2   m 2 e
>>> 3   m 7 s
    4   m 19 o
    5   m 5 w

warning: entity 0 was directed to use 4 halite to move south, but only 0 halite was available
At command 6 of 12:
    4   m 19 o
    5   m 5 w
>>> 6   m 0 s
    7   m 14 w
    8   m 12 o

warning: entity 14 was directed to use 1 halite to move west, but only 0 halite was available
At command 7 of 12:
    5   m 5 w
    6   m 0 s
>>> 7   m 14 w
    8   m 12 o
    9   m 22 e


Turn 144
================================================================
warning: entity 7 was directed to use 5 halite to move south, but only 0 halite was available
At command 4 of 12:
    2   m 2 e
    3   m 19 o
>>> 4   m 7 s
    5   m 0 s
    6   m 5 e

warning: entity 14 was directed to use 3 halite to move north, but only 2 halite was available
At command 7 of 12:
    5   m 0 s
    6   m 5 e
>>> 7   m 14 n
    8   m 12 s
    9   m 20 o

warning: entity 12 was directed to use 1 halite to move south, but only 0 halite was available
At command 8 of 12:
    6   m 5 e
    7   m 14 n
>>> 8   m 12 s
    9   m 20 o
    10   m 17 o


Turn 145
================================================================
warning: entity 0 was directed to use 5 halite to move south, but only 0 halite was available
At command 6 of 12:
    4   m 9 n
    5   m 11 o
>>> 6   m 0 s
    7   m 19 o
    8   m 7 s


Turn 146
================================================================
warning: entity 5 was directed to use 2 halite to move east, but only 0 halite was available
At command 4 of 12:
    2   m 9 w
    3   m 22 s
>>> 4   m 5 e
    5   m 12 s
    6   m 2 e

warning: entity 12 was directed to use 5 halite to move south, but only 3 halite was available
At command 5 of 12:
    3   m 22 s
    4   m 5 e
>>> 5   m 12 s
    6   m 2 e
    7   m 14 w


Turn 148
================================================================
warning: entity 14 was directed to use 4 halite to move west, but only 0 halite was available
At command 4 of 12:
    2   m 5 o
    3   m 2 e
>>> 4   m 14 w
    5   m 22 s
    6   m 0 s


Turn 151
================================================================
warning: entity 14 was directed to use 5 halite to move north, but only 4 halite was available
At command 5 of 12:
    3   m 2 s
    4   m 19 o
>>> 5   m 14 n
    6   m 7 o
    7   m 12 o


Turn 155
================================================================
warning: entity 14 was directed to use 5 halite to move north, but only 2 halite was available
At command 2 of 12:
    1   m 2 s
>>> 2   m 14 n
    3   m 22 n
    4   m 9 n


Turn 156
================================================================
warning: entity 22 was directed to use 2 halite to move east, but only 0 halite was available
At command 2 of 12:
    1   m 2 s
>>> 2   m 22 e
    3   m 9 e
    4   m 20 o


Turn 158
================================================================
warning: entity 9 was directed to use 1 halite to move south, but only 0 halite was available
At command 3 of 12:
    1   m 11 w
    2   m 5 o
>>> 3   m 9 s
    4   m 2 s
    5   m 19 w

warning: entity 22 was directed to use 6 halite to move east, but only 5 halite was available
At command 8 of 12:
    6   m 14 w
    7   m 12 s
>>> 8   m 22 e
    9   m 0 o
    10   m 17 e


Turn 160
================================================================
warning: entity 14 was directed to use 2 halite to move west, but only 0 halite was available
At command 3 of 12:
    1   m 20 w
    2   m 2 s
>>> 3   m 14 w
    4   m 9 s
    5   m 17 e


Turn 161
================================================================
warning: entity 9 was directed to use 4 halite to move south, but only 1 halite was available
At command 3 of 12:
    1   m 20 s
    2   m 11 w
>>> 3   m 9 s
    4   m 17 e
    5   m 19 n


Turn 162
================================================================
warning: entity 14 was directed to use 6 halite to move west, but only 5 halite was available
At command 5 of 12:
    3   m 11 s
    4   m 17 e
>>> 5   m 14 w
    6   m 2 w
    7   m 7 w


Turn 164
================================================================
warning: entity 2 was directed to use 4 halite to move north, but only 0 halite was available
At command 3 of 12:
    1   m 19 n
    2   m 20 s
>>> 3   m 2 n
    4   m 14 w
    5   m 11 w


Turn 165
================================================================
warning: entity 9 was directed to use 6 halite to move south, but only 5 halite was available
At command 2 of 12:
    1   m 19 n
>>> 2   m 9 s
    3   m 14 o
    4   m 0 e


Turn 166
================================================================
warning: entity 11 was directed to use 1 halite to move south, but only 0 halite was available
At command 7 of 12:
    5   m 19 o
    6   m 12 e
>>> 7   m 11 s
    8   m 2 w
    9   m 9 e


Turn 167
================================================================
warning: entity 2 was directed to use 4 halite to move south, but only 3 halite was available
At command 8 of 12:
    6   m 0 e
    7   m 17 e
>>> 8   m 2 s
    9   m 9 e
    10   m 5 w


Turn 170
================================================================
warning: entity 9 was directed to use 6 halite to move east, but only 2 halite was available
At command 1 of 12:
>>> 1   m 9 e
    2   m 7 n
    3   m 5 s


Turn 171
================================================================
warning: entity 2 was directed to use 5 halite to move south, but only 2 halite was available
At command 2 of 12:
    1   m 0 n
>>> 2   m 2 s
    3   m 17 e
    4   m 5 o


Turn 172
================================================================
warning: entity 19 was directed to use 2 halite to move north, but only 0 halite was available
At command 7 of 12:
    5   m 7 e
    6   m 9 e
>>> 7   m 19 n
    8   m 12 n
    9   m 2 w


Turn 173
================================================================
warning: entity 7 was directed to use 1 halite to move east, but only 0 halite was available
At command 2 of 12:
    1   m 0 n
>>> 2   m 7 e
    3   m 12 n
    4   m 11 w

warning: entity 11 was directed to use 5 halite to move west, but only 0 halite was available
At command 4 of 12:
    2   m 7 e
    3   m 12 n
>>> 4   m 11 w
    5   m 17 s
    6   m 20 s


Turn 174
================================================================
warning: entity 20 was directed to use 4 halite to move west, but only 2 halite was available
At command 5 of 12:
    3   m 17 s
    4   m 19 n
>>> 5   m 20 w
    6   m 14 o
    7   m 7 s


Turn 175
================================================================
warning: entity 0 was directed to use 1 halite to move west, but only 0 halite was available
At command 1 of 12:
>>> 1   m 0 w
    2   m 17 s
    3   m 19 o


Turn 176
================================================================
warning: entity 7 was directed to use 3 halite to move south, but only 1 halite was available
At command 2 of 12:
    1   m 17 s
>>> 2   m 7 s
    3   m 12 w
    4   m 5 s


Turn 177
================================================================
warning: entity 20 was directed to use 5 halite to move south, but only 4 halite was available
At command 5 of 12:
    3   m 12 w
    4   m 22 w
>>> 5   m 20 s
    6   m 5 s
    7   m 14 o


Turn 178
================================================================
warning: entity 0 was directed to use 5 halite to move west, but only 2 halite was available
At command 2 of 12:
    1   m 17 s
>>> 2   m 0 w
    3   m 22 s
    4   m 12 s

warning: entity 12 was directed to use 3 halite to move south, but only 0 halite was available
At command 4 of 12:
    2   m 0 w
    3   m 22 s
>>> 4   m 12 s
    5   m 9 o
    6   m 7 s


Turn 180
================================================================
warning: entity 5 was directed to use 2 halite to move south, but only 0 halite was available
At command 6 of 12:
    4   m 2 o
    5   m 11 o
>>> 6   m 5 s
    7   m 12 w
    8   m 7 s

warning: entity 7 was directed to use 5 halite to move south, but only 1 halite was available
At command 8 of 12:
    6   m 5 s
    7   m 12 w
>>> 8   m 7 s
    9   m 0 o
    10   m 9 o


Turn 181
================================================================
warning: entity 20 was directed to use 5 halite to move south, but only 4 halite was available
At command 3 of 12:
    1   m 22 s
    2   m 19 o
>>> 3   m 20 s
    4   m 12 s
    5   m 17 s


Turn 182
================================================================
warning: entity 12 was directed to use 3 halite to move west, but only 0 halite was available
At command 4 of 12:
    2   m 5 e
    3   m 7 e
>>> 4   m 12 w
    5   m 17 s
    6   m 0 w


Turn 183
================================================================
warning: entity 5 was directed to use 4 halite to move south, but only 3 halite was available
At command 4 of 12:
    2   m 0 w
    3   m 7 e
>>> 4   m 5 s
    5   m 20 o
    6   m 2 e


Turn 184
================================================================
warning: entity 7 was directed to use 6 halite to move east, but only 4 halite was available
At command 4 of 12:
    2   m 0 n
    3   m 9 o
>>> 4   m 7 e
    5   m 19 o
    6   m 12 w


Turn 185
================================================================
warning: entity 22 was directed to use 1 halite to move east, but only 0 halite was available
At command 1 of 12:
>>> 1   m 22 e
    2   m 5 e
    3   m 0 w

warning: entity 12 was directed to use 5 halite to move west, but only 2 halite was available
At command 4 of 12:
    2   m 5 e
    3   m 0 w
>>> 4   m 12 w
    5   m 14 e
    6   m 2 e


Turn 187
================================================================
warning: entity 22 was directed to use 4 halite to move east, but only 3 halite was available
At command 8 of 12:
    6   m 2 e
    7   m 19 o
>>> 8   m 22 e
    9   m 5 o
    10   m 0 o


Turn 189
================================================================
warning: entity 7 was directed to use 5 halite to move east, but only 1 halite was available
At command 1 of 12:
>>> 1   m 7 e
    2   m 20 e
    3   m 17 s


Turn 190
================================================================
warning: entity 17 was directed to use 2 halite to move south, but only 0 halite was available
At command 2 of 12:
    1   m 20 e
>>> 2   m 17 s
    3   m 14 e
    4   m 2 n


Turn 191
================================================================
warning: entity 22 was directed to use 6 halite to move north, but only 3 halite was available
At command 9 of 12:
    7   m 5 o
    8   m 12 s
>>> 9   m 22 n
    10   m 17 e
    11   m 19 o


Turn 193
================================================================
warning: entity 2 was directed to use 3 halite to move south, but only 0 halite was available
At command 4 of 12:
    2   m 9 w
    3   m 0 w
>>> 4   m 2 s
    5   m 22 e
    6   m 17 s

warning: entity 17 was directed to use 3 halite to move south, but only 2 halite was available
At command 6 of 12:
    4   m 2 s
    5   m 22 e
>>> 6   m 17 s
    7   m 14 e
    8   m 12 o


Turn 197
================================================================
warning: entity 17 was directed to use 4 halite to move south, but only 3 halite was available
At command 2 of 12:
    1   m 14 s
>>> 2   m 17 s
    3   m 11 n
    4   m 9 n


Turn 200
================================================================
warning: entity 20 was directed to use 2 halite to move west, but only 0 halite was available
At command 3 of 11:
    1   m 11 s
    2   m 17 s
>>> 3   m 20 w
    4   m 2 n
    5   m 14 s


Turn 202
================================================================
warning: entity 17 was directed to use 5 halite to move south, but only 1 halite was available
At command 4 of 11:
    2   m 14 s
    3   m 2 w
>>> 4   m 17 s
    5   m 22 o
    6   m 7 o

warning: entity 11 was directed to use 3 halite to move west, but only 0 halite was available
At command 9 of 11:
    7   m 20 n
    8   m 5 w
>>> 9   m 11 w
    10   m 9 n
    11   m 12 o


Turn 204
================================================================
warning: entity 20 was directed to use 5 halite to move north, but only 0 halite was available
At command 3 of 11:
    1   m 5 w
    2   m 9 n
>>> 3   m 20 n
    4   m 2 n
    5   m 19 n


Turn 206
================================================================
warning: entity 19 was directed to use 4 halite to move north, but only 0 halite was available
At command 3 of 11:
    1   m 9 w
    2   m 2 w
>>> 3   m 19 n
    4   m 20 w
    5   m 5 n


Turn 208
================================================================
warning: entity 20 was directed to use 5 halite to move west, but only 3 halite was available
At command 3 of 11:
    1   m 14 s
    2   m 5 o
>>> 3   m 20 w
    4   m 9 w
    5   m 12 e

warning: entity 9 was directed to use 1 halite to move west, but only 0 halite was available
At command 4 of 11:
    2   m 5 o
    3   m 20 w
>>> 4   m 9 w
    5   m 12 e
    6   m 7 w


Turn 210
================================================================
warning: entity 19 was directed to use 6 halite to move west, but only 1 halite was available
At command 7 of 11:
    5   m 22 w
    6   m 20 w
>>> 7   m 19 w
    8   m 2 n
    9   m 11 o


Turn 212
================================================================
warning: entity 14 was directed to use 1 halite to move west, but only 0 halite was available
At command 4 of 11:
    2   m 7 w
    3   m 12 e
>>> 4   m 14 w
    5   m 20 n
    6   m 5 n

warning: entity 20 was directed to use 6 halite to move north, but only 2 halite was available
At command 5 of 11:
    3   m 12 e
    4   m 14 w
>>> 5   m 20 n
    6   m 5 n
    7   m 22 s


Turn 214
================================================================
warning: entity 19 was directed to use 5 halite to move west, but only 2 halite was available
At command 1 of 11:
>>> 1   m 19 w
    2   m 12 n
    3   m 9 w


Turn 215
================================================================
warning: entity 9 was directed to use 2 halite to move west, but only 1 halite was available
At command 1 of 11:
>>> 1   m 9 w
    2   m 7 w
    3   m 5 w

warning: entity 14 was directed to use 5 halite to move west, but only 1 halite was available
At command 7 of 11:
    5   m 12 n
    6   m 20 n
>>> 7   m 14 w
    8   m 2 n
    9   m 19 w


Turn 217
================================================================
warning: entity 2 was directed to use 5 halite to move west, but only 2 halite was available
At command 6 of 11:
    4   m 9 n
    5   m 12 n
>>> 6   m 2 w
    7   m 5 n
    8   m 14 n

warning: entity 5 was directed to use 3 halite to move north, but only 1 halite was available
At command 7 of 11:
    5   m 12 n
    6   m 2 w
>>> 7   m 5 n
    8   m 14 n
    9   m 7 w


Turn 218
================================================================
warning: entity 22 was directed to use 1 halite to move north, but only 0 halite was available
At command 1 of 11:
>>> 1   m 22 n
    2   m 9 w
    3   m 14 o

warning: entity 9 was directed to use 5 halite to move west, but only 2 halite was available
At command 2 of 11:
    1   m 22 n
>>> 2   m 9 w
    3   m 14 o
    4   m 17 w


Turn 221
================================================================
warning: entity 5 was directed to use 5 halite to move north, but only 1 halite was available
At command 2 of 11:
    1   m 17 w
>>> 2   m 5 n
    3   m 12 e
    4   m 7 n

warning: entity 22 was directed to use 3 halite to move north, but only 0 halite was available
At command 6 of 11:
    4   m 7 n
    5   m 9 n
>>> 6   m 22 n
    7   m 19 o
    8   m 2 o


Turn 222
================================================================
warning: entity 9 was directed to use 5 halite to move north, but only 2 halite was available
At command 2 of 11:
    1   m 17 w
>>> 2   m 9 n
    3   m 12 n
    4   m 7 n


Turn 223
================================================================
warning: entity 12 was directed to use 3 halite to move east, but only 0 halite was available
At command 2 of 11:
    1   m 5 w
>>> 2   m 12 e
    3   m 7 n
    4   m 2 o


Turn 225
================================================================
warning: entity 5 was directed to use 5 halite to move west, but only 4 halite was available
At command 1 of 11:
>>> 1   m 5 w
    2   m 11 o
    3   m 9 w


Turn 226
================================================================
warning: entity 12 was directed to use 6 halite to move east, but only 1 halite was available
At command 4 of 11:
    2   m 17 n
    3   m 7 w
>>> 4   m 12 e
    5   m 20 e
    6   m 5 w


Turn 228
================================================================
warning: entity 7 was directed to use 2 halite to move south, but only 0 halite was available
At command 4 of 11:
    2   m 17 n
    3   m 11 n
>>> 4   m 7 s
    5   m 12 o
    6   m 19 n

warning: entity 9 was directed to use 5 halite to move west, but only 0 halite was available
At command 8 of 11:
    6   m 19 n
    7   m 5 w
>>> 8   m 9 w
    9   m 22 o
    10   m 14 o


Turn 231
================================================================
warning: entity 5 was directed to use 5 halite to move north, but only 0 halite was available
At command 2 of 11:
    1   m 20 s
>>> 2   m 5 n
    3   m 14 n
    4   m 19 o

warning: entity 7 was directed to use 5 halite to move west, but only 2 halite was available
At command 10 of 11:
    8   m 9 w
    9   m 22 e
>>> 10   m 7 w
    11   m 2 o


Turn 232
================================================================
warning: entity 9 was directed to use 5 halite to move north, but only 1 halite was available
At command 2 of 11:
    1   m 20 s
>>> 2   m 9 n
    3   m 11 n
    4   m 17 w


Turn 233
================================================================
warning: entity 17 was directed to use 2 halite to move west, but only 0 halite was available
At command 1 of 11:
>>> 1   m 17 w
    2   m 11 n
    3   m 20 s


Turn 235
================================================================
warning: entity 7 was directed to use 4 halite to move west, but only 2 halite was available
At command 5 of 11:
    3   m 17 w
    4   m 12 o
>>> 5   m 7 w
    6   m 20 s
    7   m 2 o


Turn 236
================================================================
warning: entity 17 was directed to use 6 halite to move west, but only 0 halite was available
At command 1 of 11:
>>> 1   m 17 w
    2   m 20 s
    3   m 11 w


Turn 237
================================================================
warning: entity 11 was directed to use 1 halite to move south, but only 0 halite was available
At command 3 of 11:
    1   m 20 e
    2   m 5 w
>>> 3   m 11 s
    4   m 7 w
    5   m 17 w


Turn 239
================================================================
warning: entity 11 was directed to use 5 halite to move west, but only 4 halite was available
At command 5 of 11:
    3   m 5 o
    4   m 20 s
>>> 5   m 11 w
    6   m 14 n
    7   m 9 o


Turn 240
================================================================
warning: entity 20 was directed to use 1 halite to move south, but only 0 halite was available
At command 4 of 11:
    2   m 12 o
    3   m 2 e
>>> 4   m 20 s
    5   m 14 o
    6   m 22 w


Turn 243
================================================================
warning: entity 20 was directed to use 3 halite to move south, but only 1 halite was available
At command 3 of 11:
    1   m 19 w
    2   m 2 e
>>> 3   m 20 s
    4   m 11 s
    5   m 5 o


Turn 244
================================================================
warning: entity 11 was directed to use 5 halite to move south, but only 2 halite was available
At command 4 of 11:
    2   m 2 e
    3   m 22 w
>>> 4   m 11 s
    5   m 9 n
    6   m 20 s


Turn 248
================================================================
warning: entity 11 was directed to use 5 halite to move west, but only 4 halite was available
At command 8 of 11:
    6   m 19 e
    7   m 9 w
>>> 8   m 11 w
    9   m 14 e
    10   m 20 o


Turn 253
================================================================
warning: entity 22 was directed to use 2 halite to move north, but only 0 halite was available
At command 7 of 11:
    5   m 12 s
    6   m 14 e
>>> 7   m 22 n
    8   m 9 n
    9   m 11 o


Turn 256
================================================================
warning: entity 22 was directed to use 4 halite to move north, but only 3 halite was available
At command 6 of 9:
    4   m 5 o
    5   m 17 w
>>> 6   m 22 n
    7   m 12 s
    8   m 20 o


Turn 257
================================================================
warning: entity 17 was directed to use 2 halite to move south, but only 0 halite was available
At command 4 of 9:
    2   m 12 e
    3   m 2 s
>>> 4   m 17 s
    5   m 14 s
    6   m 5 o


Turn 259
================================================================
warning: entity 12 was directed to use 2 halite to move south, but only 0 halite was available
At command 2 of 9:
    1   m 2 s
>>> 2   m 12 s
    3   m 14 s
    4   m 22 n


Turn 260
================================================================
warning: entity 17 was directed to use 5 halite to move south, but only 1 halite was available
At command 7 of 9:
    5   m 11 w
    6   m 14 s
>>> 7   m 17 s
    8   m 12 s
    9   m 5 o


Turn 261
================================================================
warning: entity 22 was directed to use 5 halite to move west, but only 1 halite was available
At command 4 of 9:
    2   m 20 e
    3   m 14 s
>>> 4   m 22 w
    5   m 19 s
    6   m 11 s


Turn 264
================================================================
warning: entity 12 was directed to use 4 halite to move south, but only 0 halite was available
At command 5 of 9:
    3   m 19 s
    4   m 22 w
>>> 5   m 12 s
    6   m 17 w
    7   m 11 e


Turn 265
================================================================
warning: entity 22 was directed to use 3 halite to move north, but only 0 halite was available
At command 3 of 9:
    1   m 14 s
    2   m 19 s
>>> 3   m 22 n
    4   m 2 s
    5   m 11 e

warning: entity 17 was directed to use 5 halite to move west, but only 0 halite was available
At command 6 of 9:
    4   m 2 s
    5   m 11 e
>>> 6   m 17 w
    7   m 12 e
    8   m 20 w


Turn 266
================================================================
warning: entity 2 was directed to use 2 halite to move south, but only 0 halite was available
At command 2 of 9:
    1   m 19 s
>>> 2   m 2 s
    3   m 12 s
    4   m 11 e


Turn 268
================================================================
warning: entity 14 was directed to use 1 halite to move east, but only 0 halite was available
At command 4 of 9:
    2   m 20 w
    3   m 2 s
>>> 4   m 14 e
    5   m 22 n
    6   m 19 s

warning: entity 22 was directed to use 5 halite to move north, but only 4 halite was available
At command 5 of 9:
    3   m 2 s
    4   m 14 e
>>> 5   m 22 n
    6   m 19 s
    7   m 17 s


Turn 269
================================================================
warning: entity 17 was directed to use 5 halite to move west, but only 1 halite was available
At command 2 of 9:
    1   m 11 e
>>> 2   m 17 w
    3   m 2 w
    4   m 19 w

warning: entity 2 was directed to use 6 halite to move west, but only 1 halite was available
At command 3 of 9:
    1   m 11 e
    2   m 17 w
>>> 3   m 2 w
    4   m 19 w
    5   m 12 s


Turn 271
================================================================
warning: entity 12 was directed to use 4 halite to move east, but only 3 halite was available
At command 1 of 9:
>>> 1   m 12 e
    2   m 22 n
    3   m 20 w

warning: entity 14 was directed to use 6 halite to move east, but only 3 halite was available
At command 6 of 9:
    4   m 11 e
    5   m 19 s
>>> 6   m 14 e
    7   m 17 w
    8   m 2 w


Turn 272
================================================================
warning: entity 22 was directed to use 5 halite to move north, but only 3 halite was available
At command 1 of 9:
>>> 1   m 22 n
    2   m 17 w
    3   m 20 w

warning: entity 19 was directed to use 1 halite to move south, but only 0 halite was available
At command 5 of 9:
    3   m 20 w
    4   m 2 w
>>> 5   m 19 s
    6   m 11 e
    7   m 12 s


Turn 273
================================================================
warning: entity 17 was directed to use 4 halite to move west, but only 2 halite was available
At command 1 of 9:
>>> 1   m 17 w
    2   m 11 e
    3   m 2 w

warning: entity 2 was directed to use 6 halite to move west, but only 4 halite was available
At command 3 of 9:
    1   m 17 w
    2   m 11 e
>>> 3   m 2 w
    4   m 12 o
    5   m 14 s


Turn 275
================================================================
warning: entity 19 was directed to use 3 halite to move west, but only 0 halite was available
At command 3 of 9:
    1   m 11 n
    2   m 14 e
>>> 3   m 19 w
    4   m 17 w
    5   m 20 n


Turn 276
================================================================
warning: entity 17 was directed to use 6 halite to move south, but only 5 halite was available
At command 2 of 9:
    1   m 11 n
>>> 2   m 17 s
    3   m 20 n
    4   m 22 o

warning: entity 14 was directed to use 5 halite to move east, but only 0 halite was available
At command 5 of 9:
    3   m 20 n
    4   m 22 o
>>> 5   m 14 e
    6   m 19 s
    7   m 2 s


Turn 278
================================================================
warning: entity 19 was directed to use 5 halite to move south, but only 2 halite was available
At command 4 of 9:
    2   m 17 w
    3   m 22 o
>>> 4   m 19 s
    5   m 20 s
    6   m 14 o


Turn 280
================================================================
warning: entity 20 was directed to use 1 halite to move south, but only 0 halite was available
At command 5 of 9:
    3   m 17 s
    4   m 22 n
>>> 5   m 20 s
    6   m 14 o
    7   m 2 o


Turn 283
================================================================
warning: entity 20 was directed to use 4 halite to move south, but only 2 halite was available
At command 2 of 9:
    1   m 11 n
>>> 2   m 20 s
    3   m 22 o
    4   m 12 o


Turn 284
================================================================
warning: entity 11 was directed to use 1 halite to move west, but only 0 halite was available
At command 1 of 9:
>>> 1   m 11 w
    2   m 19 o
    3   m 2 o


Turn 287
================================================================
warning: entity 11 was directed to use 3 halite to move north, but only 1 halite was available
At command 2 of 9:
    1   m 12 w
>>> 2   m 11 n
    3   m 20 s
    4   m 2 e

warning: entity 20 was directed to use 5 halite to move south, but only 1 halite was available
At command 3 of 9:
    1   m 12 w
    2   m 11 n
>>> 3   m 20 s
    4   m 2 e
    5   m 22 n


Turn 290
================================================================
warning: entity 11 was directed to use 4 halite to move west, but only 2 halite was available
At command 5 of 9:
    3   m 14 w
    4   m 12 w
>>> 5   m 11 w
    6   m 22 o
    7   m 17 o


Turn 291
================================================================
warning: entity 20 was directed to use 4 halite to move south, but only 2 halite was available
At command 1 of 9:
>>> 1   m 20 s
    2   m 14 w
    3   m 2 n


Turn 294
================================================================
warning: entity 11 was directed to use 6 halite to move west, but only 3 halite was available
At command 3 of 9:
    1   m 14 w
    2   m 12 n
>>> 3   m 11 w
    4   m 2 n
    5   m 17 e


Turn 300
================================================================
warning: entity 2 was directed to use 2 halite to move north, but only 0 halite was available
At command 5 of 9:
    3   m 19 n
    4   m 12 n
>>> 5   m 2 n
    6   m 22 o
    7   m 11 o


Turn 302
================================================================
warning: entity 14 was directed to use 3 halite to move west, but only 0 halite was available
At command 1 of 9:
>>> 1   m 14 w
    2   m 17 e
    3   m 12 w

warning: entity 2 was directed to use 6 halite to move east, but only 5 halite was available
At command 4 of 9:
    2   m 17 e
    3   m 12 w
>>> 4   m 2 e
    5   m 20 o
    6   m 19 n


Turn 304
================================================================
warning: entity 12 was directed to use 1 halite to move west, but only 0 halite was available
At command 1 of 9:
>>> 1   m 12 w
    2   m 17 e
    3   m 14 w


Turn 306
================================================================
warning: entity 14 was directed to use 5 halite to move north, but only 2 halite was available
At command 1 of 9:
>>> 1   m 14 n
    2   m 2 o
    3   m 17 e


Turn 307
================================================================
warning: entity 12 was directed to use 2 halite to move south, but only 0 halite was available
At command 1 of 9:
>>> 1   m 12 s
    2   m 19 w
    3   m 17 n


Turn 309
================================================================
warning: entity 19 was directed to use 1 halite to move south, but only 0 halite was available
At command 1 of 9:
>>> 1   m 19 s
    2   m 14 o
    3   m 22 e

warning: entity 12 was directed to use 6 halite to move south, but only 5 halite was available
At command 6 of 9:
    4   m 17 n
    5   m 20 w
>>> 6   m 12 s
    7   m 11 n
    8   m 2 o


Turn 310
================================================================
warning: entity 17 was directed to use 8 halite to move north, but only 4 halite was available
At command 2 of 9:
    1   m 22 e
>>> 2   m 17 n
    3   m 20 w
    4   m 11 w


Turn 311
================================================================
warning: entity 19 was directed to use 4 halite to move south, but only 3 halite was available
At command 4 of 9:
    2   m 20 w
    3   m 11 w
>>> 4   m 19 s
    5   m 12 s
    6   m 17 n


Turn 314
================================================================
warning: entity 12 was directed to use 6 halite to move west, but only 1 halite was available
At command 5 of 9:
    3   m 2 n
    4   m 20 n
>>> 5   m 12 w
    6   m 19 s
    7   m 11 n


Turn 316
================================================================
warning: entity 19 was directed to use 5 halite to move south, but only 0 halite was available
At command 3 of 9:
    1   m 17 e
    2   m 20 n
>>> 3   m 19 s
    4   m 22 n
    5   m 12 o


Turn 319
================================================================
warning: entity 17 was directed to use 2 halite to move east, but only 0 halite was available
At command 4 of 9:
    2   m 22 n
    3   m 19 s
>>> 4   m 17 e
    5   m 20 n
    6   m 2 e


Turn 320
================================================================
warning: entity 19 was directed to use 6 halite to move west, but only 1 halite was available
At command 2 of 9:
    1   m 22 n
>>> 2   m 19 w
    3   m 11 e
    4   m 2 o


Turn 322
================================================================
warning: entity 17 was directed to use 4 halite to move north, but only 2 halite was available
At command 5 of 9:
    3   m 20 e
    4   m 14 e
>>> 5   m 17 n
    6   m 19 o
    7   m 2 o


Turn 323
================================================================
warning: entity 20 was directed to use 1 halite to move east, but only 0 halite was available
At command 4 of 9:
    2   m 14 e
    3   m 11 e
>>> 4   m 20 e
    5   m 17 n
    6   m 19 o


Turn 325
================================================================
warning: entity 20 was directed to use 4 halite to move south, but only 3 halite was available
At command 4 of 9:
    2   m 17 n
    3   m 22 n
>>> 4   m 20 s
    5   m 11 s
    6   m 12 o


Turn 326
================================================================
warning: entity 17 was directed to use 5 halite to move east, but only 1 halite was available
At command 2 of 9:
    1   m 2 e
>>> 2   m 17 e
    3   m 22 n
    4   m 14 s


Turn 329
================================================================
warning: entity 20 was directed to use 4 halite to move south, but only 0 halite was available
At command 2 of 9:
    1   m 11 s
>>> 2   m 20 s
    3   m 14 w
    4   m 22 n


Turn 330
================================================================
warning: entity 14 was directed to use 1 halite to move north, but only 0 halite was available
At command 2 of 9:
    1   m 11 s
>>> 2   m 14 n
    3   m 22 s
    4   m 19 e


Turn 333
================================================================
warning: entity 20 was directed to use 4 halite to move east, but only 1 halite was available
At command 4 of 9:
    2   m 11 s
    3   m 12 n
>>> 4   m 20 e
    5   m 14 s
    6   m 2 o

warning: entity 14 was directed to use 3 halite to move south, but only 2 halite was available
At command 5 of 9:
    3   m 12 n
    4   m 20 e
>>> 5   m 14 s
    6   m 2 o
    7   m 22 s


Turn 335
================================================================
warning: entity 22 was directed to use 3 halite to move south, but only 2 halite was available
At command 2 of 9:
    1   m 11 s
>>> 2   m 22 s
    3   m 19 n
    4   m 12 n


Turn 337
================================================================
warning: entity 14 was directed to use 4 halite to move west, but only 2 halite was available
At command 4 of 9:
    2   m 2 w
    3   m 12 o
>>> 4   m 14 w
    5   m 11 e
    6   m 22 s


Turn 339
================================================================
warning: entity 22 was directed to use 4 halite to move south, but only 0 halite was available
At command 1 of 9:
>>> 1   m 22 s
    2   m 11 s
    3   m 2 s


Turn 340
================================================================
warning: entity 11 was directed to use 3 halite to move east, but only 0 halite was available
At command 1 of 9:
>>> 1   m 11 e
    2   m 2 s
    3   m 19 n


Turn 341
================================================================
warning: entity 14 was directed to use 4 halite to move south, but only 3 halite was available
At command 6 of 9:
    4   m 12 e
    5   m 20 s
>>> 6   m 14 s
    7   m 11 s
    8   m 17 o


Turn 342
================================================================
warning: entity 22 was directed to use 6 halite to move south, but only 4 halite was available
At command 2 of 9:
    1   m 2 s
>>> 2   m 22 s
    3   m 11 e
    4   m 12 e


Turn 343
================================================================
warning: entity 11 was directed to use 4 halite to move east, but only 1 halite was available
At command 2 of 9:
    1   m 2 s
>>> 2   m 11 e
    3   m 20 o
    4   m 14 s

warning: entity 12 was directed to use 5 halite to move south, but only 0 halite was available
At command 7 of 9:
    5   m 17 w
    6   m 19 n
>>> 7   m 12 s
    8   m 22 s
    9   m 5 o


Turn 345
================================================================
warning: entity 19 was directed to use 1 halite to move north, but only 0 halite was available
At command 3 of 9:
    1   m 2 s
    2   m 22 w
>>> 3   m 19 n
    4   m 20 o
    5   m 17 s


Turn 347
================================================================
warning: entity 11 was directed to use 6 halite to move south, but only 0 halite was available
At command 2 of 9:
    1   m 2 s
>>> 2   m 11 s
    3   m 12 e
    4   m 19 n


Turn 348
================================================================
warning: entity 12 was directed to use 5 halite to move south, but only 1 halite was available
At command 2 of 9:
    1   m 2 s
>>> 2   m 12 s
    3   m 14 o
    4   m 17 s

warning: entity 19 was directed to use 3 halite to move east, but only 1 halite was available
At command 5 of 9:
    3   m 14 o
    4   m 17 s
>>> 5   m 19 e
    6   m 11 s
    7   m 22 o


Turn 352
================================================================
warning: entity 19 was directed to use 6 halite to move north, but only 0 halite was available
At command 1 of 9:
>>> 1   m 19 n
    2   m 12 o
    3   m 17 o


Turn 356
================================================================
warning: entity 2 was directed to use 2 halite to move west, but only 0 halite was available
At command 3 of 10:
    1   m 20 n
    2   m 17 s
>>> 3   m 2 w
    4   m 14 e
    5   m 19 w


Turn 358
================================================================
error: communication error with bot: read failed, errno was: 0 (Undefined error: 0)
Last input received was:


Bot error output was:
Traceback (most recent call last):
  File "MyBot.py", line 37, in <module>
    command_queue.append(ship.move(random.choice(game_map.get_unsafe_moves(ship.position, yard))))
  File "/Library/Frameworks/Python.framework/Versions/3.7/lib/python3.7/random.py", line 261, in choice
    raise IndexError('Cannot choose from an empty sequence') from None
IndexError: Cannot choose from an empty sequence

