
Turn 33
================================================================
warning: entity 3 was directed to use 4 halite to move west, but only 0 halite was available
At command 1 of 5:
>>> 1   m 3 w
    2   m 9 o
    3   m 7 e


Turn 37
================================================================
warning: entity 1 was directed to use 3 halite to move east, but only 0 halite was available
At command 1 of 6:
>>> 1   m 1 e
    2   m 9 o
    3   m 5 s


Turn 40
================================================================
warning: entity 10 was directed to use 3 halite to move east, but only 0 halite was available
At command 4 of 6:
    2   m 9 o
    3   m 1 e
>>> 4   m 10 e
    5   m 5 s
    6   m 3 o


Turn 42
================================================================
warning: entity 5 was directed to use 2 halite to move north, but only 0 halite was available
At command 3 of 7:
    1   m 7 o
    2   m 10 e
>>> 3   m 5 n
    4   m 1 o
    5   m 9 e


Turn 43
================================================================
warning: entity 10 was directed to use 4 halite to move south, but only 3 halite was available
At command 2 of 7:
    1   m 9 o
>>> 2   m 10 s
    3   m 3 o
    4   m 7 o


Turn 44
================================================================
warning: entity 12 was directed to use 4 halite to move south, but only 0 halite was available
At command 2 of 7:
    1   m 5 n
>>> 2   m 12 s
    3   m 1 o
    4   m 9 e


Turn 46
================================================================
warning: entity 5 was directed to use 4 halite to move north, but only 0 halite was available
At command 2 of 7:
    1   m 7 o
>>> 2   m 5 n
    3   m 9 s
    4   m 10 o


Turn 54
================================================================
warning: entity 3 was directed to use 2 halite to move east, but only 0 halite was available
At command 1 of 7:
>>> 1   m 3 e
    2   m 5 n
    3   m 9 s


Turn 80
================================================================
warning: entity 12 was directed to use 2 halite to move south, but only 0 halite was available
At command 3 of 8:
    1   m 5 w
    2   m 9 w
>>> 3   m 12 s
    4   m 1 o
    5   m 3 o


Turn 83
================================================================
warning: entity 15 was directed to use 2 halite to move north, but only 0 halite was available
At command 5 of 8:
    3   m 3 s
    4   m 5 w
>>> 5   m 15 n
    6   m 12 e
    7   m 1 o

warning: entity 12 was directed to use 4 halite to move east, but only 2 halite was available
At command 6 of 8:
    4   m 5 w
    5   m 15 n
>>> 6   m 12 e
    7   m 1 o
    8   m 10 n


Turn 86
================================================================
warning: entity 3 was directed to use 1 halite to move west, but only 0 halite was available
At command 2 of 8:
    1   m 5 s
>>> 2   m 3 w
    3   m 7 s
    4   m 10 o


Turn 88
================================================================
warning: entity 7 was directed to use 1 halite to move west, but only 0 halite was available
At command 2 of 9:
    1   m 5 s
>>> 2   m 7 w
    3   m 9 w
    4   m 3 s


Turn 89
================================================================
warning: entity 3 was directed to use 3 halite to move south, but only 0 halite was available
At command 4 of 9:
    2   m 5 o
    3   m 9 n
>>> 4   m 3 s
    5   m 10 o
    6   m 7 o


Turn 91
================================================================
warning: entity 17 was directed to use 3 halite to move west, but only 0 halite was available
At command 2 of 9:
    1   m 15 o
>>> 2   m 17 w
    3   m 3 w
    4   m 9 n


Turn 95
================================================================
warning: entity 19 was directed to use 2 halite to move west, but only 0 halite was available
At command 2 of 11:
    1   m 9 n
>>> 2   m 19 w
    3   m 15 e
    4   m 17 s

warning: entity 17 was directed to use 4 halite to move south, but only 0 halite was available
At command 4 of 11:
    2   m 19 w
    3   m 15 e
>>> 4   m 17 s
    5   m 1 o
    6   m 12 e


Turn 98
================================================================
warning: entity 20 was directed to use 3 halite to move south, but only 0 halite was available
At command 6 of 11:
    4   m 1 n
    5   m 19 o
>>> 6   m 20 s
    7   m 9 n
    8   m 17 w


Turn 100
================================================================
warning: entity 10 was directed to use 4 halite to move north, but only 2 halite was available
At command 1 of 11:
>>> 1   m 10 n
    2   m 5 o
    3   m 9 e


Turn 101
================================================================
warning: entity 9 was directed to use 1 halite to move north, but only 0 halite was available
At command 1 of 11:
>>> 1   m 9 n
    2   m 20 s
    3   m 15 e


Turn 102
================================================================
warning: entity 20 was directed to use 4 halite to move east, but only 0 halite was available
At command 5 of 11:
    3   m 5 w
    4   m 10 o
>>> 5   m 20 e
    6   m 9 s
    7   m 17 o


Turn 103
================================================================
warning: entity 5 was directed to use 1 halite to move west, but only 0 halite was available
At command 1 of 12:
>>> 1   m 5 w
    2   m 19 o
    3   m 15 e


Turn 104
================================================================
warning: entity 9 was directed to use 3 halite to move south, but only 1 halite was available
At command 4 of 12:
    2   m 15 e
    3   m 3 o
>>> 4   m 9 s
    5   m 20 e
    6   m 17 o


Turn 106
================================================================
warning: entity 20 was directed to use 4 halite to move south, but only 0 halite was available
At command 3 of 12:
    1   m 1 o
    2   m 15 o
>>> 3   m 20 s
    4   m 9 s
    5   m 5 w

warning: entity 5 was directed to use 3 halite to move west, but only 0 halite was available
At command 5 of 12:
    3   m 20 s
    4   m 9 s
>>> 5   m 5 w
    6   m 17 o
    7   m 12 s


Turn 108
================================================================
warning: entity 9 was directed to use 4 halite to move east, but only 1 halite was available
At command 3 of 12:
    1   m 12 s
    2   m 5 n
>>> 3   m 9 e
    4   m 21 s
    5   m 1 n

warning: entity 21 was directed to use 2 halite to move south, but only 0 halite was available
At command 4 of 12:
    2   m 5 n
    3   m 9 e
>>> 4   m 21 s
    5   m 1 n
    6   m 20 o


Turn 110
================================================================
warning: entity 5 was directed to use 4 halite to move west, but only 0 halite was available
At command 5 of 12:
    3   m 1 e
    4   m 19 s
>>> 5   m 5 w
    6   m 20 s
    7   m 10 o


Turn 111
================================================================
warning: entity 1 was directed to use 2 halite to move east, but only 0 halite was available
At command 1 of 12:
>>> 1   m 1 e
    2   m 19 w
    3   m 20 e

warning: entity 21 was directed to use 3 halite to move south, but only 1 halite was available
At command 5 of 12:
    3   m 20 e
    4   m 9 s
>>> 5   m 21 s
    6   m 15 o
    7   m 12 o


Turn 114
================================================================
warning: entity 1 was directed to use 4 halite to move east, but only 3 halite was available
At command 5 of 12:
    3   m 19 w
    4   m 17 s
>>> 5   m 1 e
    6   m 21 e
    7   m 5 o

warning: entity 21 was directed to use 4 halite to move east, but only 3 halite was available
At command 6 of 12:
    4   m 17 s
    5   m 1 e
>>> 6   m 21 e
    7   m 5 o
    8   m 9 o


Turn 119
================================================================
warning: entity 23 was directed to use 1 halite to move east, but only 0 halite was available
At command 2 of 12:
    1   m 21 s
>>> 2   m 23 e
    3   m 19 s
    4   m 9 e


Turn 120
================================================================
warning: entity 21 was directed to use 4 halite to move east, but only 0 halite was available
At command 4 of 12:
    2   m 5 o
    3   m 12 o
>>> 4   m 21 e
    5   m 1 o
    6   m 19 s


Turn 122
================================================================
warning: entity 23 was directed to use 2 halite to move east, but only 1 halite was available
At command 6 of 12:
    4   m 9 s
    5   m 21 s
>>> 6   m 23 e
    7   m 10 o
    8   m 5 o


Turn 123
================================================================
warning: entity 25 was directed to use 4 halite to move east, but only 0 halite was available
At command 3 of 12:
    1   m 1 o
    2   m 9 e
>>> 3   m 25 e
    4   m 19 s
    5   m 21 e


Turn 125
================================================================
warning: entity 23 was directed to use 4 halite to move east, but only 2 halite was available
At command 6 of 12:
    4   m 19 o
    5   m 21 o
>>> 6   m 23 e
    7   m 10 w
    8   m 15 o


Turn 127
================================================================
warning: entity 25 was directed to use 4 halite to move east, but only 1 halite was available
At command 3 of 12:
    1   m 3 n
    2   m 21 e
>>> 3   m 25 e
    4   m 10 o
    5   m 19 w


Turn 129
================================================================
warning: entity 23 was directed to use 4 halite to move south, but only 3 halite was available
At command 4 of 12:
    2   m 15 n
    3   m 5 o
>>> 4   m 23 s
    5   m 21 s
    6   m 25 o

warning: entity 21 was directed to use 4 halite to move south, but only 3 halite was available
At command 5 of 12:
    3   m 5 o
    4   m 23 s
>>> 5   m 21 s
    6   m 25 o
    7   m 9 o


Turn 133
================================================================
warning: entity 3 was directed to use 2 halite to move east, but only 0 halite was available
At command 2 of 12:
    1   m 5 o
>>> 2   m 3 e
    3   m 23 s
    4   m 15 e


Turn 134
================================================================
warning: entity 23 was directed to use 3 halite to move south, but only 0 halite was available
At command 1 of 12:
>>> 1   m 23 s
    2   m 15 o
    3   m 1 e


Turn 136
================================================================
warning: entity 3 was directed to use 2 halite to move south, but only 1 halite was available
At command 4 of 12:
    2   m 21 o
    3   m 1 e
>>> 4   m 3 s
    5   m 20 o
    6   m 23 e


Turn 141
================================================================
warning: entity 23 was directed to use 2 halite to move east, but only 0 halite was available
At command 2 of 12:
    1   m 1 s
>>> 2   m 23 e
    3   m 9 o
    4   m 12 e


Turn 144
================================================================
warning: entity 23 was directed to use 3 halite to move south, but only 2 halite was available
At command 1 of 12:
>>> 1   m 23 s
    2   m 10 o
    3   m 12 e


Turn 152
================================================================
warning: entity 10 was directed to use 1 halite to move north, but only 0 halite was available
At command 5 of 12:
    3   m 20 w
    4   m 21 w
>>> 5   m 10 n
    6   m 9 s
    7   m 12 o


Turn 154
================================================================
warning: entity 10 was directed to use 4 halite to move west, but only 3 halite was available
At command 3 of 12:
    1   m 21 w
    2   m 20 w
>>> 3   m 10 w
    4   m 3 s
    5   m 5 e


Turn 171
================================================================
warning: entity 5 was directed to use 1 halite to move east, but only 0 halite was available
At command 4 of 12:
    2   m 20 n
    3   m 25 o
>>> 4   m 5 e
    5   m 12 s
    6   m 1 o


Turn 174
================================================================
warning: entity 5 was directed to use 1 halite to move south, but only 0 halite was available
At command 5 of 12:
    3   m 20 o
    4   m 21 n
>>> 5   m 5 s
    6   m 15 s
    7   m 10 w


Turn 176
================================================================
warning: entity 5 was directed to use 5 halite to move south, but only 4 halite was available
At command 2 of 12:
    1   m 21 n
>>> 2   m 5 s
    3   m 15 s
    4   m 10 w


Turn 181
================================================================
warning: entity 12 was directed to use 3 halite to move south, but only 0 halite was available
At command 3 of 11:
    1   m 21 s
    2   m 20 n
>>> 3   m 12 s
    4   m 9 w
    5   m 25 s


Turn 182
================================================================
warning: entity 21 was directed to use 1 halite to move east, but only 0 halite was available
At command 2 of 11:
    1   m 9 o
>>> 2   m 21 e
    3   m 15 s
    4   m 20 n


Turn 185
================================================================
warning: entity 21 was directed to use 3 halite to move east, but only 2 halite was available
At command 2 of 11:
    1   m 9 n
>>> 2   m 21 e
    3   m 25 o
    4   m 20 o

warning: entity 12 was directed to use 4 halite to move east, but only 1 halite was available
At command 6 of 11:
    4   m 20 o
    5   m 15 o
>>> 6   m 12 e
    7   m 19 o
    8   m 1 e


Turn 189
================================================================
warning: entity 21 was directed to use 4 halite to move south, but only 3 halite was available
At command 3 of 11:
    1   m 3 o
    2   m 1 e
>>> 3   m 21 s
    4   m 12 e
    5   m 19 n

warning: entity 20 was directed to use 3 halite to move north, but only 0 halite was available
At command 7 of 11:
    5   m 19 n
    6   m 5 e
>>> 7   m 20 n
    8   m 10 o
    9   m 9 n


Turn 192
================================================================
warning: entity 12 was directed to use 4 halite to move east, but only 0 halite was available
At command 1 of 11:
>>> 1   m 12 e
    2   m 5 s
    3   m 9 n


Turn 194
================================================================
warning: entity 15 was directed to use 2 halite to move west, but only 0 halite was available
At command 1 of 11:
>>> 1   m 15 w
    2   m 5 s
    3   m 3 o

warning: entity 21 was directed to use 4 halite to move south, but only 1 halite was available
At command 5 of 11:
    3   m 3 o
    4   m 19 n
>>> 5   m 21 s
    6   m 1 n
    7   m 25 s


Turn 197
================================================================
warning: entity 12 was directed to use 3 halite to move south, but only 1 halite was available
At command 2 of 11:
    1   m 25 n
>>> 2   m 12 s
    3   m 9 o
    4   m 21 e


Turn 198
================================================================
warning: entity 21 was directed to use 4 halite to move east, but only 2 halite was available
At command 1 of 11:
>>> 1   m 21 e
    2   m 1 n
    3   m 5 s

warning: entity 25 was directed to use 2 halite to move north, but only 0 halite was available
At command 4 of 11:
    2   m 1 n
    3   m 5 s
>>> 4   m 25 n
    5   m 10 e
    6   m 19 n


Turn 202
================================================================
warning: entity 25 was directed to use 3 halite to move north, but only 1 halite was available
At command 4 of 11:
    2   m 3 w
    3   m 9 n
>>> 4   m 25 n
    5   m 5 e
    6   m 19 n


Turn 204
================================================================
warning: entity 19 was directed to use 3 halite to move north, but only 0 halite was available
At command 8 of 11:
    6   m 9 w
    7   m 1 n
>>> 8   m 19 n
    9   m 21 o
    10   m 12 o


Turn 205
================================================================
warning: entity 9 was directed to use 1 halite to move west, but only 0 halite was available
At command 2 of 11:
    1   m 1 o
>>> 2   m 9 w
    3   m 3 w
    4   m 25 w


Turn 206
================================================================
warning: entity 25 was directed to use 4 halite to move west, but only 1 halite was available
At command 1 of 11:
>>> 1   m 25 w
    2   m 3 w
    3   m 15 o


Turn 207
================================================================
warning: entity 19 was directed to use 4 halite to move north, but only 3 halite was available
At command 6 of 11:
    4   m 10 e
    5   m 3 o
>>> 6   m 19 n
    7   m 1 n
    8   m 12 o


Turn 208
================================================================
warning: entity 9 was directed to use 4 halite to move north, but only 1 halite was available
At command 3 of 11:
    1   m 5 o
    2   m 1 n
>>> 3   m 9 n
    4   m 21 e
    5   m 10 s


Turn 210
================================================================
warning: entity 10 was directed to use 1 halite to move south, but only 0 halite was available
At command 4 of 11:
    2   m 25 o
    3   m 9 n
>>> 4   m 10 s
    5   m 1 e
    6   m 5 o


Turn 212
================================================================
warning: entity 9 was directed to use 4 halite to move west, but only 1 halite was available
At command 1 of 11:
>>> 1   m 9 w
    2   m 10 e
    3   m 1 n

warning: entity 1 was directed to use 2 halite to move north, but only 0 halite was available
At command 3 of 11:
    1   m 9 w
    2   m 10 e
>>> 3   m 1 n
    4   m 21 e
    5   m 25 n


Turn 213
================================================================
warning: entity 10 was directed to use 4 halite to move south, but only 1 halite was available
At command 1 of 11:
>>> 1   m 10 s
    2   m 25 o
    3   m 21 e


Turn 215
================================================================
warning: entity 1 was directed to use 3 halite to move north, but only 1 halite was available
At command 5 of 11:
    3   m 19 e
    4   m 9 w
>>> 5   m 1 n
    6   m 12 e
    7   m 3 w


Turn 217
================================================================
warning: entity 9 was directed to use 4 halite to move west, but only 1 halite was available
At command 5 of 11:
    3   m 12 s
    4   m 3 n
>>> 5   m 9 w
    6   m 10 s
    7   m 1 o

warning: entity 10 was directed to use 2 halite to move south, but only 1 halite was available
At command 6 of 11:
    4   m 3 n
    5   m 9 w
>>> 6   m 10 s
    7   m 1 o
    8   m 15 w


Turn 220
================================================================
warning: entity 10 was directed to use 4 halite to move east, but only 2 halite was available
At command 3 of 11:
    1   m 3 n
    2   m 15 s
>>> 3   m 10 e
    4   m 9 n
    5   m 25 o


Turn 228
================================================================
warning: entity 10 was directed to use 3 halite to move south, but only 1 halite was available
At command 1 of 11:
>>> 1   m 10 s
    2   m 15 s
    3   m 19 o

warning: entity 20 was directed to use 4 halite to move south, but only 0 halite was available
At command 4 of 11:
    2   m 15 s
    3   m 19 o
>>> 4   m 20 s
    5   m 3 n
    6   m 1 o


Turn 232
================================================================
warning: entity 10 was directed to use 3 halite to move east, but only 0 halite was available
At command 4 of 11:
    2   m 3 n
    3   m 15 w
>>> 4   m 10 e
    5   m 1 e
    6   m 25 o


Turn 236
================================================================
warning: entity 3 was directed to use 1 halite to move west, but only 0 halite was available
At command 2 of 11:
    1   m 15 w
>>> 2   m 3 w
    3   m 10 s
    4   m 1 o


Turn 239
================================================================
warning: entity 3 was directed to use 3 halite to move west, but only 2 halite was available
At command 3 of 11:
    1   m 10 s
    2   m 15 w
>>> 3   m 3 w
    4   m 1 n
    5   m 20 o


Turn 241
================================================================
warning: entity 10 was directed to use 3 halite to move south, but only 0 halite was available
At command 4 of 11:
    2   m 1 n
    3   m 25 e
>>> 4   m 10 s
    5   m 15 o
    6   m 20 o


Turn 262
================================================================
warning: entity 25 was directed to use 4 halite to move south, but only 0 halite was available
At command 3 of 11:
    1   m 19 s
    2   m 20 w
>>> 3   m 25 s
    4   m 9 e
    5   m 3 o


Turn 266
================================================================
warning: entity 25 was directed to use 3 halite to move west, but only 2 halite was available
At command 4 of 11:
    2   m 20 o
    3   m 9 s
>>> 4   m 25 w
    5   m 3 o
    6   m 1 o


Turn 270
================================================================
warning: entity 25 was directed to use 3 halite to move south, but only 2 halite was available
At command 2 of 11:
    1   m 20 s
>>> 2   m 25 s
    3   m 9 s
    4   m 3 o


Turn 274
================================================================
warning: entity 9 was directed to use 2 halite to move west, but only 0 halite was available
At command 3 of 11:
    1   m 20 o
    2   m 19 w
>>> 3   m 9 w
    4   m 25 o
    5   m 3 o


Turn 276
================================================================
warning: entity 19 was directed to use 2 halite to move north, but only 0 halite was available
At command 1 of 11:
>>> 1   m 19 n
    2   m 9 w
    3   m 20 o


Turn 278
================================================================
warning: entity 9 was directed to use 4 halite to move west, but only 2 halite was available
At command 1 of 11:
>>> 1   m 9 w
    2   m 25 o
    3   m 19 w


Turn 280
================================================================
warning: entity 19 was directed to use 4 halite to move north, but only 1 halite was available
At command 1 of 11:
>>> 1   m 19 n
    2   m 3 e
    3   m 9 s


Turn 283
================================================================
warning: entity 9 was directed to use 3 halite to move west, but only 0 halite was available
At command 3 of 11:
    1   m 25 s
    2   m 3 s
>>> 3   m 9 w
    4   m 19 o
    5   m 20 o


Turn 293
================================================================
warning: entity 3 was directed to use 2 halite to move south, but only 0 halite was available
At command 1 of 11:
>>> 1   m 3 s
    2   m 9 w
    3   m 25 w


Turn 297
================================================================
warning: entity 3 was directed to use 3 halite to move south, but only 2 halite was available
At command 2 of 11:
    1   m 25 w
>>> 2   m 3 s
    3   m 9 s
    4   m 19 o


Turn 301
================================================================
warning: entity 3 was directed to use 3 halite to move east, but only 2 halite was available
At command 2 of 11:
    1   m 25 w
>>> 2   m 3 e
    3   m 9 w
    4   m 19 o


Turn 307
================================================================
warning: entity 3 was directed to use 2 halite to move south, but only 0 halite was available
At command 1 of 11:
>>> 1   m 3 s
    2   m 19 o
    3   m 9 o


Turn 313
================================================================
warning: entity 3 was directed to use 3 halite to move south, but only 0 halite was available
At command 1 of 11:
>>> 1   m 3 s
    2   m 19 o
    3   m 9 o


Turn 317
================================================================
warning: entity 3 was directed to use 3 halite to move south, but only 1 halite was available
At command 1 of 11:
>>> 1   m 3 s
    2   m 19 o
    3   m 9 o


Turn 321
================================================================
warning: entity 3 was directed to use 4 halite to move south, but only 1 halite was available
At command 1 of 11:
>>> 1   m 3 s
    2   m 19 s
    3   m 9 o


Turn 334
================================================================
warning: entity 19 was directed to use 3 halite to move south, but only 0 halite was available
At command 1 of 11:
>>> 1   m 19 s
    2   m 3 o
    3   m 9 o


Turn 338
================================================================
warning: entity 19 was directed to use 4 halite to move west, but only 0 halite was available
At command 1 of 11:
>>> 1   m 19 w
    2   m 3 o
    3   m 9 o


Turn 346
================================================================
warning: entity 19 was directed to use 4 halite to move west, but only 3 halite was available
At command 1 of 11:
>>> 1   m 19 w
    2   m 3 o
    3   m 9 o


Turn 356
================================================================
warning: entity 19 was directed to use 4 halite to move east, but only 3 halite was available
At command 1 of 12:
>>> 1   m 19 e
    2   m 3 n
    3   m 9 e


Turn 357
================================================================
warning: owned entities 25, 20 collided on cell (25, 29) as the result of moves on this turn
At command 7 of 12:
    5   m 10 n
    6   m 9 n
>>> 7   m 25 e
    8   m 20 n
    9   m 1 s

Other commands that placed an entity on this cell:
    6   m 9 n
    7   m 25 e
>>> 8   m 20 n
    9   m 1 s
    10   m 12 n


Turn 360
================================================================
warning: entity 19 was directed to use 4 halite to move east, but only 3 halite was available
At command 9 of 10:
    7   m 23 n
    8   m 12 e
>>> 9   m 19 e
    10   m 10 n

warning: owned entities 21, 10 collided on cell (20, 29) as the result of moves on this turn
At command 5 of 10:
    3   m 1 s
    4   m 5 n
>>> 5   m 21 w
    6   m 9 e
    7   m 23 n

Other commands that placed an entity on this cell:
    8   m 12 e
    9   m 19 e
>>> 10   m 10 n


Turn 366
================================================================
warning: entity 19 was directed to use 4 halite to move north, but only 0 halite was available
At command 3 of 7:
    1   m 3 e
    2   m 12 e
>>> 3   m 19 n
    4   m 1 s
    5   m 15 e


Turn 378
================================================================
warning: owned entities 5, 15 collided on cell (8, 24) as the result of moves on this turn
At command 1 of 6:
>>> 1   m 5 w
    2   m 12 e
    3   m 15 e

Other commands that placed an entity on this cell:
    1   m 5 w
    2   m 12 e
>>> 3   m 15 e
    4   m 23 n
    5   m 1 s


Turn 379
================================================================
warning: entity 3 was directed to use 3 halite to move north, but only 2 halite was available
At command 4 of 4:
    2   m 23 e
    3   m 1 e
>>> 4   m 3 n


Turn 381
================================================================
warning: entity 3 was directed to use 10 halite to move north, but only 9 halite was available
At command 4 of 4:
    2   m 1 s
    3   m 12 e
>>> 4   m 3 n


Turn 384
================================================================
warning: entity 1 was directed to use 23 halite to move east, but only 3 halite was available
At command 4 of 4:
    2   m 12 n
    3   m 23 e
>>> 4   m 1 e


Turn 386
================================================================
warning: owned entities 12, 3 collided on cell (8, 16) as the result of moves on this turn
At command 1 of 4:
>>> 1   m 12 n
    2   m 3 o
    3   m 23 e


Turn 387
================================================================
warning: owned entities 23, 1 collided on cell (8, 16) as the result of moves on this turn
At command 1 of 2:
>>> 1   m 23 n
    2   m 1 e

Other commands that placed an entity on this cell:
    1   m 23 n
>>> 2   m 1 e

