
Turn 15
================================================================
warning: entity 8 was directed to use 2 halite to move east, but only 0 halite was available
At command 1 of 5:
>>> 1   m 8 e
    2   m 3 o
    3   m 4 o


Turn 34
================================================================
warning: entity 3 was directed to use 4 halite to move south, but only 0 halite was available
At command 2 of 5:
    1   m 4 o
>>> 2   m 3 s
    3   m 8 o
    4   m 1 n


Turn 36
================================================================
warning: entity 1 was directed to use 4 halite to move east, but only 0 halite was available
At command 4 of 6:
    2   m 3 o
    3   m 8 o
>>> 4   m 1 e
    5   m 6 e
    6   g


Turn 43
================================================================
warning: entity 6 was directed to use 1 halite to move east, but only 0 halite was available
At command 2 of 6:
    1   m 11 w
>>> 2   m 6 e
    3   m 4 s
    4   m 3 o


Turn 44
================================================================
warning: entity 11 was directed to use 4 halite to move north, but only 3 halite was available
At command 1 of 6:
>>> 1   m 11 n
    2   m 4 o
    3   m 6 e


Turn 45
================================================================
warning: entity 6 was directed to use 4 halite to move south, but only 3 halite was available
At command 1 of 6:
>>> 1   m 6 s
    2   m 11 n
    3   m 4 s


Turn 46
================================================================
warning: entity 4 was directed to use 4 halite to move west, but only 0 halite was available
At command 2 of 7:
    1   m 11 o
>>> 2   m 4 w
    3   m 6 e
    4   m 3 o


Turn 48
================================================================
warning: entity 12 was directed to use 1 halite to move north, but only 0 halite was available
At command 6 of 7:
    4   m 11 o
    5   m 3 s
>>> 6   m 12 n
    7   m 1 o


Turn 50
================================================================
warning: entity 12 was directed to use 4 halite to move east, but only 3 halite was available
At command 6 of 7:
    4   m 3 o
    5   m 11 o
>>> 6   m 12 e
    7   m 1 e


Turn 56
================================================================
warning: entity 8 was directed to use 1 halite to move north, but only 0 halite was available
At command 1 of 8:
>>> 1   m 8 n
    2   m 1 o
    3   m 12 o


Turn 59
================================================================
warning: entity 8 was directed to use 3 halite to move north, but only 0 halite was available
At command 1 of 8:
>>> 1   m 8 n
    2   m 11 o
    3   m 6 o


Turn 66
================================================================
warning: entity 3 was directed to use 3 halite to move west, but only 0 halite was available
At command 1 of 9:
>>> 1   m 3 w
    2   m 14 o
    3   m 1 s


Turn 69
================================================================
warning: entity 3 was directed to use 4 halite to move south, but only 3 halite was available
At command 5 of 9:
    3   m 8 o
    4   m 11 o
>>> 5   m 3 s
    6   m 14 o
    7   m 17 e

warning: entity 17 was directed to use 2 halite to move east, but only 0 halite was available
At command 7 of 9:
    5   m 3 s
    6   m 14 o
>>> 7   m 17 e
    8   m 6 n
    9   m 4 e


Turn 71
================================================================
warning: entity 1 was directed to use 1 halite to move north, but only 0 halite was available
At command 2 of 10:
    1   m 4 e
>>> 2   m 1 n
    3   m 12 e
    4   m 8 o


Turn 73
================================================================
warning: entity 18 was directed to use 1 halite to move south, but only 0 halite was available
At command 1 of 10:
>>> 1   m 18 s
    2   m 4 n
    3   m 11 o


Turn 78
================================================================
warning: entity 19 was directed to use 4 halite to move north, but only 0 halite was available
At command 4 of 11:
    2   m 6 o
    3   m 18 o
>>> 4   m 19 n
    5   m 8 o
    6   m 4 o


Turn 82
================================================================
warning: entity 19 was directed to use 3 halite to move east, but only 0 halite was available
At command 6 of 11:
    4   m 17 o
    5   m 4 w
>>> 6   m 19 e
    7   m 8 w
    8   m 1 n


Turn 85
================================================================
warning: entity 11 was directed to use 1 halite to move south, but only 0 halite was available
At command 1 of 12:
>>> 1   m 11 s
    2   m 4 w
    3   m 14 o


Turn 88
================================================================
warning: entity 21 was directed to use 3 halite to move south, but only 0 halite was available
At command 1 of 12:
>>> 1   m 21 s
    2   m 1 n
    3   m 11 n

warning: entity 11 was directed to use 4 halite to move north, but only 0 halite was available
At command 3 of 12:
    1   m 21 s
    2   m 1 n
>>> 3   m 11 n
    4   m 14 n
    5   m 6 s


Turn 89
================================================================
warning: entity 6 was directed to use 1 halite to move west, but only 0 halite was available
At command 3 of 12:
    1   m 14 o
    2   m 1 o
>>> 3   m 6 w
    4   m 18 n
    5   m 21 e


Turn 91
================================================================
warning: entity 21 was directed to use 4 halite to move east, but only 3 halite was available
At command 2 of 12:
    1   m 18 o
>>> 2   m 21 e
    3   m 11 w
    4   m 6 s


Turn 92
================================================================
warning: entity 6 was directed to use 5 halite to move south, but only 3 halite was available
At command 1 of 12:
>>> 1   m 6 s
    2   m 11 w
    3   m 14 n

warning: entity 11 was directed to use 4 halite to move west, but only 0 halite was available
At command 2 of 12:
    1   m 6 s
>>> 2   m 11 w
    3   m 14 n
    4   m 19 o


Turn 95
================================================================
warning: entity 14 was directed to use 3 halite to move north, but only 0 halite was available
At command 6 of 12:
    4   m 11 n
    5   m 6 w
>>> 6   m 14 n
    7   m 3 o
    8   m 17 o


Turn 99
================================================================
warning: entity 14 was directed to use 4 halite to move north, but only 0 halite was available
At command 1 of 12:
>>> 1   m 14 n
    2   m 12 s
    3   m 8 e

warning: entity 12 was directed to use 1 halite to move south, but only 0 halite was available
At command 2 of 12:
    1   m 14 n
>>> 2   m 12 s
    3   m 8 e
    4   m 1 o


Turn 103
================================================================
warning: entity 14 was directed to use 2 halite to move west, but only 1 halite was available
At command 1 of 12:
>>> 1   m 14 w
    2   m 12 o
    3   m 17 o


Turn 111
================================================================
warning: entity 8 was directed to use 2 halite to move north, but only 0 halite was available
At command 2 of 12:
    1   m 1 o
>>> 2   m 8 n
    3   m 3 o
    4   m 11 o


Turn 114
================================================================
warning: entity 8 was directed to use 4 halite to move south, but only 1 halite was available
At command 2 of 12:
    1   m 12 s
>>> 2   m 8 s
    3   m 1 s
    4   m 17 n


Turn 120
================================================================
warning: entity 1 was directed to use 3 halite to move east, but only 0 halite was available
At command 1 of 12:
>>> 1   m 1 e
    2   m 19 s
    3   m 17 w


Turn 121
================================================================
warning: entity 17 was directed to use 1 halite to move south, but only 0 halite was available
At command 2 of 12:
    1   m 19 s
>>> 2   m 17 s
    3   m 18 s
    4   m 1 e


Turn 124
================================================================
warning: entity 1 was directed to use 3 halite to move east, but only 0 halite was available
At command 1 of 12:
>>> 1   m 1 e
    2   m 12 o
    3   m 3 n

warning: entity 17 was directed to use 2 halite to move west, but only 1 halite was available
At command 5 of 12:
    3   m 3 n
    4   m 4 o
>>> 5   m 17 w
    6   m 18 w
    7   m 14 o


Turn 127
================================================================
warning: entity 17 was directed to use 4 halite to move west, but only 2 halite was available
At command 4 of 12:
    2   m 19 o
    3   m 4 s
>>> 4   m 17 w
    5   m 6 n
    6   m 3 o


Turn 128
================================================================
warning: entity 1 was directed to use 4 halite to move east, but only 1 halite was available
At command 5 of 12:
    3   m 18 w
    4   m 6 o
>>> 5   m 1 e
    6   m 14 o
    7   m 19 o


Turn 129
================================================================
warning: entity 18 was directed to use 3 halite to move west, but only 0 halite was available
At command 3 of 12:
    1   m 12 n
    2   m 4 s
>>> 3   m 18 w
    4   m 17 w
    5   m 11 o


Turn 131
================================================================
warning: entity 19 was directed to use 1 halite to move south, but only 0 halite was available
At command 3 of 12:
    1   m 18 n
    2   m 4 o
>>> 3   m 19 s
    4   m 1 e
    5   m 17 n


Turn 132
================================================================
warning: entity 1 was directed to use 3 halite to move east, but only 1 halite was available
At command 1 of 12:
>>> 1   m 1 e
    2   m 18 o
    3   m 17 w

warning: entity 17 was directed to use 3 halite to move west, but only 0 halite was available
At command 3 of 12:
    1   m 1 e
    2   m 18 o
>>> 3   m 17 w
    4   m 6 o
    5   m 4 o


Turn 134
================================================================
warning: entity 19 was directed to use 3 halite to move east, but only 0 halite was available
At command 2 of 12:
    1   m 11 e
>>> 2   m 19 e
    3   m 6 o
    4   m 3 n

warning: entity 3 was directed to use 1 halite to move north, but only 0 halite was available
At command 4 of 12:
    2   m 19 e
    3   m 6 o
>>> 4   m 3 n
    5   m 1 e
    6   m 17 w


Turn 137
================================================================
warning: entity 3 was directed to use 4 halite to move north, but only 3 halite was available
At command 1 of 12:
>>> 1   m 3 n
    2   m 19 o
    3   m 6 s

warning: entity 6 was directed to use 1 halite to move south, but only 0 halite was available
At command 3 of 12:
    1   m 3 n
    2   m 19 o
>>> 3   m 6 s
    4   m 18 n
    5   m 8 o


Turn 139
================================================================
warning: entity 12 was directed to use 1 halite to move west, but only 0 halite was available
At command 4 of 12:
    2   m 6 e
    3   m 3 w
>>> 4   m 12 w
    5   m 14 e
    6   m 4 w


Turn 140
================================================================
warning: entity 6 was directed to use 2 halite to move east, but only 0 halite was available
At command 1 of 12:
>>> 1   m 6 e
    2   m 11 e
    3   m 3 n


Turn 142
================================================================
warning: entity 12 was directed to use 4 halite to move west, but only 0 halite was available
At command 1 of 12:
>>> 1   m 12 w
    2   m 3 w
    3   m 19 e

warning: entity 3 was directed to use 4 halite to move west, but only 2 halite was available
At command 2 of 12:
    1   m 12 w
>>> 2   m 3 w
    3   m 19 e
    4   m 6 s


Turn 143
================================================================
warning: entity 6 was directed to use 4 halite to move east, but only 0 halite was available
At command 3 of 12:
    1   m 21 w
    2   m 19 e
>>> 3   m 6 e
    4   m 11 o
    5   m 12 s


Turn 146
================================================================
warning: entity 12 was directed to use 4 halite to move south, but only 2 halite was available
At command 5 of 12:
    3   m 1 e
    4   m 3 n
>>> 5   m 12 s
    6   m 18 w
    7   m 11 o


Turn 147
================================================================
warning: entity 3 was directed to use 4 halite to move west, but only 1 halite was available
At command 3 of 12:
    1   m 21 s
    2   m 1 e
>>> 3   m 3 w
    4   m 8 w
    5   m 18 n


Turn 151
================================================================
warning: entity 3 was directed to use 4 halite to move west, but only 2 halite was available
At command 4 of 12:
    2   m 17 w
    3   m 8 w
>>> 4   m 3 w
    5   m 6 o
    6   m 14 o


Turn 157
================================================================
warning: entity 21 was directed to use 2 halite to move north, but only 0 halite was available
At command 2 of 11:
    1   m 8 e
>>> 2   m 21 n
    3   m 14 s
    4   m 4 o


Turn 160
================================================================
warning: entity 8 was directed to use 4 halite to move east, but only 0 halite was available
At command 2 of 11:
    1   m 14 o
>>> 2   m 8 e
    3   m 1 w
    4   m 21 w


Turn 162
================================================================
warning: entity 21 was directed to use 3 halite to move north, but only 2 halite was available
At command 2 of 11:
    1   m 8 n
>>> 2   m 21 n
    3   m 11 s
    4   m 1 w


Turn 164
================================================================
warning: entity 8 was directed to use 4 halite to move north, but only 3 halite was available
At command 1 of 10:
>>> 1   m 8 n
    2   m 21 w
    3   m 19 e


Turn 165
================================================================
warning: entity 11 was directed to use 3 halite to move east, but only 0 halite was available
At command 2 of 10:
    1   m 19 e
>>> 2   m 11 e
    3   m 21 w
    4   m 14 n


Turn 166
================================================================
warning: entity 21 was directed to use 4 halite to move west, but only 0 halite was available
At command 2 of 10:
    1   m 19 s
>>> 2   m 21 w
    3   m 14 n
    4   m 8 n


Turn 168
================================================================
warning: entity 11 was directed to use 4 halite to move north, but only 2 halite was available
At command 3 of 10:
    1   m 8 e
    2   m 4 e
>>> 3   m 11 n
    4   m 19 e
    5   m 21 w


Turn 169
================================================================
warning: entity 8 was directed to use 4 halite to move east, but only 2 halite was available
At command 1 of 10:
>>> 1   m 8 e
    2   m 4 e
    3   m 14 o


Turn 173
================================================================
warning: entity 11 was directed to use 4 halite to move north, but only 1 halite was available
At command 2 of 10:
    1   m 4 n
>>> 2   m 11 n
    3   m 18 e
    4   m 14 o


Turn 176
================================================================
warning: entity 4 was directed to use 1 halite to move north, but only 0 halite was available
At command 4 of 10:
    2   m 18 o
    3   m 11 e
>>> 4   m 4 n
    5   m 12 n
    6   m 6 w


Turn 177
================================================================
warning: entity 11 was directed to use 4 halite to move north, but only 3 halite was available
At command 5 of 10:
    3   m 19 w
    4   m 21 w
>>> 5   m 11 n
    6   m 18 o
    7   m 4 w


Turn 179
================================================================
warning: entity 4 was directed to use 4 halite to move north, but only 2 halite was available
At command 2 of 10:
    1   m 19 w
>>> 2   m 4 n
    3   m 12 n
    4   m 11 e


Turn 184
================================================================
warning: entity 12 was directed to use 3 halite to move south, but only 0 halite was available
At command 2 of 10:
    1   m 21 w
>>> 2   m 12 s
    3   m 6 n
    4   m 19 o


Turn 188
================================================================
warning: entity 12 was directed to use 4 halite to move west, but only 1 halite was available
At command 3 of 10:
    1   m 18 e
    2   m 6 n
>>> 3   m 12 w
    4   m 14 o
    5   m 19 o


Turn 191
================================================================
warning: entity 6 was directed to use 2 halite to move north, but only 0 halite was available
At command 5 of 10:
    3   m 12 w
    4   m 19 o
>>> 5   m 6 n
    6   m 18 e
    7   m 8 o


Turn 194
================================================================
warning: entity 6 was directed to use 2 halite to move east, but only 1 halite was available
At command 1 of 10:
>>> 1   m 6 e
    2   m 3 o
    3   m 21 o


Turn 207
================================================================
warning: entity 18 was directed to use 1 halite to move north, but only 0 halite was available
At command 3 of 10:
    1   m 3 e
    2   m 14 s
>>> 3   m 18 n
    4   m 11 w
    5   m 19 n

warning: entity 4 was directed to use 2 halite to move south, but only 0 halite was available
At command 6 of 10:
    4   m 11 w
    5   m 19 n
>>> 6   m 4 s
    7   m 21 e
    8   m 6 o


Turn 210
================================================================
warning: entity 4 was directed to use 4 halite to move south, but only 3 halite was available
At command 1 of 10:
>>> 1   m 4 s
    2   m 11 w
    3   m 19 e

warning: entity 19 was directed to use 2 halite to move east, but only 0 halite was available
At command 3 of 10:
    1   m 4 s
    2   m 11 w
>>> 3   m 19 e
    4   m 21 e
    5   m 18 e


Turn 211
================================================================
warning: entity 18 was directed to use 2 halite to move north, but only 0 halite was available
At command 4 of 10:
    2   m 11 s
    3   m 21 e
>>> 4   m 18 n
    5   m 12 e
    6   m 4 s


Turn 214
================================================================
warning: entity 18 was directed to use 4 halite to move north, but only 3 halite was available
At command 8 of 10:
    6   m 21 e
    7   m 3 s
>>> 8   m 18 n
    9   m 8 w
    10   m 6 o


Turn 215
================================================================
warning: entity 4 was directed to use 3 halite to move west, but only 1 halite was available
At command 6 of 10:
    4   m 3 s
    5   m 12 n
>>> 6   m 4 w
    7   m 8 o
    8   m 19 o


Turn 218
================================================================
warning: entity 11 was directed to use 3 halite to move north, but only 0 halite was available
At command 2 of 10:
    1   m 18 n
>>> 2   m 11 n
    3   m 3 s
    4   m 21 e


Turn 219
================================================================
warning: entity 18 was directed to use 3 halite to move north, but only 2 halite was available
At command 3 of 10:
    1   m 8 s
    2   m 19 e
>>> 3   m 18 n
    4   m 14 n
    5   m 3 s


Turn 221
================================================================
warning: entity 14 was directed to use 1 halite to move west, but only 0 halite was available
At command 3 of 10:
    1   m 18 n
    2   m 8 s
>>> 3   m 14 w
    4   m 19 e
    5   m 3 e


Turn 222
================================================================
warning: entity 11 was directed to use 4 halite to move north, but only 1 halite was available
At command 1 of 10:
>>> 1   m 11 n
    2   m 21 o
    3   m 18 e


Turn 223
================================================================
warning: entity 3 was directed to use 3 halite to move east, but only 0 halite was available
At command 3 of 10:
    1   m 8 s
    2   m 19 s
>>> 3   m 3 e
    4   m 18 o
    5   m 14 w


Turn 224
================================================================
warning: entity 14 was directed to use 4 halite to move west, but only 1 halite was available
At command 4 of 10:
    2   m 21 s
    3   m 19 e
>>> 4   m 14 w
    5   m 12 s
    6   m 11 n


Turn 225
================================================================
warning: entity 12 was directed to use 2 halite to move west, but only 0 halite was available
At command 3 of 10:
    1   m 21 s
    2   m 8 s
>>> 3   m 12 w
    4   m 19 o
    5   m 11 n


Turn 227
================================================================
warning: entity 3 was directed to use 3 halite to move east, but only 1 halite was available
At command 2 of 10:
    1   m 14 n
>>> 2   m 3 e
    3   m 8 s
    4   m 11 n

warning: entity 11 was directed to use 4 halite to move north, but only 0 halite was available
At command 4 of 10:
    2   m 3 e
    3   m 8 s
>>> 4   m 11 n
    5   m 12 w
    6   m 4 o


Turn 228
================================================================
warning: entity 8 was directed to use 2 halite to move east, but only 0 halite was available
At command 3 of 10:
    1   m 14 n
    2   m 12 w
>>> 3   m 8 e
    4   m 21 s
    5   m 19 s


Turn 229
================================================================
warning: entity 12 was directed to use 3 halite to move south, but only 0 halite was available
At command 2 of 10:
    1   m 18 o
>>> 2   m 12 s
    3   m 14 n
    4   m 21 s

warning: entity 14 was directed to use 3 halite to move north, but only 0 halite was available
At command 3 of 10:
    1   m 18 o
    2   m 12 s
>>> 3   m 14 n
    4   m 21 s
    5   m 19 s


Turn 231
================================================================
warning: entity 8 was directed to use 4 halite to move south, but only 1 halite was available
At command 1 of 10:
>>> 1   m 8 s
    2   m 11 w
    3   m 19 e

warning: entity 11 was directed to use 4 halite to move west, but only 2 halite was available
At command 2 of 10:
    1   m 8 s
>>> 2   m 11 w
    3   m 19 e
    4   m 21 s

warning: entity 3 was directed to use 3 halite to move east, but only 2 halite was available
At command 5 of 10:
    3   m 19 e
    4   m 21 s
>>> 5   m 3 e
    6   m 12 s
    7   m 6 w


Turn 232
================================================================
warning: entity 12 was directed to use 4 halite to move west, but only 1 halite was available
At command 5 of 10:
    3   m 21 s
    4   m 6 w
>>> 5   m 12 w
    6   m 4 w
    7   m 8 e


Turn 233
================================================================
warning: entity 14 was directed to use 3 halite to move north, but only 1 halite was available
At command 3 of 10:
    1   m 21 s
    2   m 8 e
>>> 3   m 14 n
    4   m 6 o
    5   m 19 o


Turn 236
================================================================
warning: entity 3 was directed to use 3 halite to move north, but only 0 halite was available
At command 2 of 10:
    1   m 4 o
>>> 2   m 3 n
    3   m 18 w
    4   m 21 s

warning: entity 8 was directed to use 3 halite to move south, but only 1 halite was available
At command 5 of 10:
    3   m 18 w
    4   m 21 s
>>> 5   m 8 s
    6   m 11 w
    7   m 12 o

warning: entity 11 was directed to use 3 halite to move west, but only 2 halite was available
At command 6 of 10:
    4   m 21 s
    5   m 8 s
>>> 6   m 11 w
    7   m 12 o
    8   m 14 n


Turn 238
================================================================
warning: entity 21 was directed to use 2 halite to move west, but only 0 halite was available
At command 2 of 10:
    1   m 3 n
>>> 2   m 21 w
    3   m 18 w
    4   m 14 w


Turn 240
================================================================
warning: entity 11 was directed to use 2 halite to move north, but only 1 halite was available
At command 5 of 10:
    3   m 18 o
    4   m 14 n
>>> 5   m 11 n
    6   m 19 o
    7   m 8 o


Turn 241
================================================================
warning: entity 21 was directed to use 2 halite to move west, but only 1 halite was available
At command 2 of 10:
    1   m 6 s
>>> 2   m 21 w
    3   m 14 w
    4   m 3 o


Turn 242
================================================================
warning: entity 14 was directed to use 5 halite to move west, but only 3 halite was available
At command 1 of 10:
>>> 1   m 14 w
    2   m 6 s
    3   m 11 n


Turn 245
================================================================
warning: entity 21 was directed to use 3 halite to move south, but only 1 halite was available
At command 3 of 10:
    1   m 6 s
    2   m 3 e
>>> 3   m 21 s
    4   m 4 w
    5   m 8 s


Turn 252
================================================================
warning: entity 6 was directed to use 1 halite to move south, but only 0 halite was available
At command 1 of 9:
>>> 1   m 6 s
    2   m 21 w
    3   m 8 o


Turn 255
================================================================
warning: entity 6 was directed to use 3 halite to move west, but only 0 halite was available
At command 1 of 9:
>>> 1   m 6 w
    2   m 19 w
    3   m 18 s


Turn 258
================================================================
warning: entity 6 was directed to use 4 halite to move west, but only 2 halite was available
At command 4 of 9:
    2   m 18 w
    3   m 19 w
>>> 4   m 6 w
    5   m 12 w
    6   m 3 o


Turn 259
================================================================
warning: entity 18 was directed to use 1 halite to move north, but only 0 halite was available
At command 1 of 9:
>>> 1   m 18 n
    2   m 19 w
    3   m 4 e


Turn 262
================================================================
warning: entity 18 was directed to use 2 halite to move west, but only 0 halite was available
At command 2 of 9:
    1   m 19 w
>>> 2   m 18 w
    3   m 6 w
    4   m 3 e

warning: entity 6 was directed to use 4 halite to move west, but only 3 halite was available
At command 3 of 9:
    1   m 19 w
    2   m 18 w
>>> 3   m 6 w
    4   m 3 e
    5   m 4 o


Turn 265
================================================================
warning: entity 18 was directed to use 3 halite to move west, but only 1 halite was available
At command 2 of 9:
    1   m 21 w
>>> 2   m 18 w
    3   m 3 e
    4   m 19 o


Turn 270
================================================================
warning: entity 18 was directed to use 4 halite to move west, but only 2 halite was available
At command 3 of 9:
    1   m 3 e
    2   m 14 e
>>> 3   m 18 w
    4   m 12 o
    5   m 8 o


Turn 279
================================================================
warning: entity 18 was directed to use 4 halite to move west, but only 0 halite was available
At command 2 of 9:
    1   m 19 n
>>> 2   m 18 w
    3   m 4 n
    4   m 3 s


Turn 283
================================================================
warning: entity 18 was directed to use 5 halite to move north, but only 0 halite was available
At command 3 of 9:
    1   m 3 s
    2   m 12 o
>>> 3   m 18 n
    4   m 14 s
    5   m 21 e


Turn 285
================================================================
warning: entity 19 was directed to use 4 halite to move south, but only 0 halite was available
At command 5 of 9:
    3   m 8 o
    4   m 4 o
>>> 5   m 19 s
    6   m 18 n
    7   m 14 s


Turn 288
================================================================
warning: entity 3 was directed to use 1 halite to move east, but only 0 halite was available
At command 4 of 9:
    2   m 19 s
    3   m 12 e
>>> 4   m 3 e
    5   m 8 w
    6   m 4 e


Turn 290
================================================================
warning: entity 4 was directed to use 1 halite to move east, but only 0 halite was available
At command 3 of 9:
    1   m 14 s
    2   m 19 s
>>> 3   m 4 e
    4   m 8 w
    5   m 3 n


Turn 291
================================================================
warning: entity 19 was directed to use 5 halite to move west, but only 1 halite was available
At command 3 of 9:
    1   m 14 s
    2   m 12 e
>>> 3   m 19 w
    4   m 8 w
    5   m 3 n

warning: entity 3 was directed to use 3 halite to move north, but only 0 halite was available
At command 5 of 9:
    3   m 19 w
    4   m 8 w
>>> 5   m 3 n
    6   m 4 s
    7   m 6 o


Turn 293
================================================================
warning: entity 4 was directed to use 3 halite to move east, but only 0 halite was available
At command 3 of 9:
    1   m 14 s
    2   m 12 e
>>> 3   m 4 e
    4   m 19 w
    5   m 3 e


Turn 294
================================================================
warning: entity 3 was directed to use 4 halite to move east, but only 3 halite was available
At command 1 of 9:
>>> 1   m 3 e
    2   m 12 o
    3   m 14 s


Turn 297
================================================================
warning: entity 19 was directed to use 4 halite to move south, but only 1 halite was available
At command 4 of 9:
    2   m 12 o
    3   m 14 w
>>> 4   m 19 s
    5   m 3 e
    6   m 4 s

warning: entity 4 was directed to use 4 halite to move south, but only 3 halite was available
At command 6 of 9:
    4   m 19 s
    5   m 3 e
>>> 6   m 4 s
    7   m 18 o
    8   m 6 o


Turn 298
================================================================
warning: entity 14 was directed to use 3 halite to move north, but only 0 halite was available
At command 2 of 9:
    1   m 8 o
>>> 2   m 14 n
    3   m 3 o
    4   m 21 o


Turn 301
================================================================
warning: entity 19 was directed to use 2 halite to move south, but only 0 halite was available
At command 4 of 9:
    2   m 8 o
    3   m 4 e
>>> 4   m 19 s
    5   m 14 w
    6   m 21 e


Turn 302
================================================================
warning: entity 4 was directed to use 4 halite to move south, but only 1 halite was available
At command 1 of 9:
>>> 1   m 4 s
    2   m 14 o
    3   m 21 o


Turn 305
================================================================
warning: entity 19 was directed to use 4 halite to move south, but only 2 halite was available
At command 3 of 9:
    1   m 21 n
    2   m 8 n
>>> 3   m 19 s
    4   m 4 s
    5   m 12 n


Turn 306
================================================================
warning: entity 4 was directed to use 4 halite to move south, but only 2 halite was available
At command 3 of 9:
    1   m 6 e
    2   m 21 o
>>> 3   m 4 s
    4   m 12 e
    5   m 8 n


Turn 309
================================================================
warning: entity 12 was directed to use 4 halite to move east, but only 0 halite was available
At command 3 of 9:
    1   m 8 n
    2   m 3 e
>>> 3   m 12 e
    4   m 4 s
    5   m 19 o


Turn 311
================================================================
warning: entity 4 was directed to use 2 halite to move east, but only 0 halite was available
At command 2 of 9:
    1   m 14 o
>>> 2   m 4 e
    3   m 12 n
    4   m 8 o


Turn 314
================================================================
warning: entity 12 was directed to use 3 halite to move east, but only 0 halite was available
At command 4 of 9:
    2   m 3 e
    3   m 19 o
>>> 4   m 12 e
    5   m 6 n
    6   m 4 s

warning: entity 4 was directed to use 4 halite to move south, but only 1 halite was available
At command 6 of 9:
    4   m 12 e
    5   m 6 n
>>> 6   m 4 s
    7   m 14 o
    8   m 8 o


Turn 316
================================================================
warning: entity 8 was directed to use 1 halite to move east, but only 0 halite was available
At command 2 of 9:
    1   m 12 n
>>> 2   m 8 e
    3   m 4 e
    4   m 3 n


Turn 318
================================================================
warning: entity 12 was directed to use 4 halite to move east, but only 0 halite was available
At command 1 of 9:
>>> 1   m 12 e
    2   m 8 e
    3   m 4 e

warning: entity 4 was directed to use 4 halite to move east, but only 3 halite was available
At command 3 of 9:
    1   m 12 e
    2   m 8 e
>>> 3   m 4 e
    4   m 6 o
    5   m 21 e


Turn 319
================================================================
warning: entity 8 was directed to use 2 halite to move south, but only 0 halite was available
At command 1 of 9:
>>> 1   m 8 s
    2   m 21 n
    3   m 14 e


Turn 321
================================================================
warning: entity 21 was directed to use 2 halite to move north, but only 0 halite was available
At command 3 of 9:
    1   m 4 o
    2   m 6 n
>>> 3   m 21 n
    4   m 18 o
    5   m 12 n


Turn 322
================================================================
warning: entity 12 was directed to use 4 halite to move east, but only 1 halite was available
At command 2 of 9:
    1   m 6 n
>>> 2   m 12 e
    3   m 8 s
    4   m 14 n


Turn 323
================================================================
warning: entity 8 was directed to use 3 halite to move east, but only 0 halite was available
At command 3 of 9:
    1   m 14 e
    2   m 6 n
>>> 3   m 8 e
    4   m 21 n
    5   m 18 o


Turn 325
================================================================
warning: entity 21 was directed to use 3 halite to move north, but only 1 halite was available
At command 4 of 9:
    2   m 12 e
    3   m 14 n
>>> 4   m 21 n
    5   m 8 s
    6   m 3 o


Turn 326
================================================================
warning: entity 14 was directed to use 1 halite to move east, but only 0 halite was available
At command 1 of 9:
>>> 1   m 14 e
    2   m 8 e
    3   m 6 e

warning: entity 12 was directed to use 4 halite to move north, but only 2 halite was available
At command 4 of 9:
    2   m 8 e
    3   m 6 e
>>> 4   m 12 n
    5   m 21 n
    6   m 3 o


Turn 327
================================================================
warning: entity 8 was directed to use 4 halite to move south, but only 0 halite was available
At command 1 of 9:
>>> 1   m 8 s
    2   m 6 n
    3   m 21 e


Turn 329
================================================================
warning: entity 21 was directed to use 4 halite to move north, but only 2 halite was available
At command 1 of 9:
>>> 1   m 21 n
    2   m 6 n
    3   m 12 o

warning: entity 6 was directed to use 3 halite to move north, but only 0 halite was available
At command 2 of 9:
    1   m 21 n
>>> 2   m 6 n
    3   m 12 o
    4   m 14 o


Turn 331
================================================================
warning: entity 8 was directed to use 4 halite to move south, but only 2 halite was available
At command 4 of 9:
    2   m 3 o
    3   m 6 e
>>> 4   m 8 s
    5   m 21 n
    6   m 18 s


Turn 334
================================================================
warning: entity 6 was directed to use 4 halite to move north, but only 1 halite was available
At command 2 of 8:
    1   m 18 s
>>> 2   m 6 n
    3   m 8 e
    4   m 12 o


Turn 337
================================================================
warning: entity 8 was directed to use 4 halite to move east, but only 1 halite was available
At command 3 of 8:
    1   m 18 s
    2   m 19 e
>>> 3   m 8 e
    4   m 6 n
    5   m 14 e


Turn 339
================================================================
warning: entity 6 was directed to use 4 halite to move north, but only 0 halite was available
At command 1 of 8:
>>> 1   m 6 n
    2   m 18 s
    3   m 12 o


Turn 341
================================================================
warning: entity 8 was directed to use 4 halite to move south, but only 2 halite was available
At command 3 of 8:
    1   m 18 w
    2   m 14 n
>>> 3   m 8 s
    4   m 19 e
    5   m 6 n


Turn 343
================================================================
warning: entity 6 was directed to use 3 halite to move east, but only 2 halite was available
At command 1 of 8:
>>> 1   m 6 e
    2   m 14 n
    3   m 12 o

warning: entity 18 was directed to use 2 halite to move north, but only 0 halite was available
At command 4 of 8:
    2   m 14 n
    3   m 12 o
>>> 4   m 18 n
    5   m 4 w
    6   m 8 s


Turn 346
================================================================
warning: entity 18 was directed to use 4 halite to move west, but only 2 halite was available
At command 3 of 8:
    1   m 19 e
    2   m 14 n
>>> 3   m 18 w
    4   m 6 e
    5   m 4 w


Turn 347
================================================================
warning: entity 6 was directed to use 4 halite to move east, but only 2 halite was available
At command 1 of 8:
>>> 1   m 6 e
    2   m 19 n
    3   m 14 n


Turn 360
================================================================
warning: entity 18 was directed to use 70 halite to move east, but only 63 halite was available
At command 8 of 8:
    6   m 19 n
    7   m 3 s
>>> 8   m 18 e

warning: owned entities 14, 6 collided on cell (16, 9) as the result of moves on this turn
At command 2 of 8:
    1   m 12 s
>>> 2   m 14 w
    3   m 8 w
    4   m 6 s

Other commands that placed an entity on this cell:
    2   m 14 w
    3   m 8 w
>>> 4   m 6 s
    5   m 4 n
    6   m 19 n


Turn 364
================================================================
warning: owned entities 18, 19 collided on cell (8, 16) as the result of moves on this turn
At command 3 of 6:
    1   m 12 w
    2   m 4 n
>>> 3   m 18 e
    4   m 3 s
    5   m 8 w


Turn 370
================================================================
warning: owned entities 4, 3 collided on cell (8, 16) as the result of moves on this turn
At command 1 of 4:
>>> 1   m 4 n
    2   m 8 n
    3   m 12 s


Turn 382
================================================================
warning: owned entities 8, 12 collided on cell (8, 16) as the result of moves on this turn
At command 1 of 2:
>>> 1   m 8 w
    2   m 12 o

