
Turn 18
================================================================
warning: entity 8 was directed to use 4 halite to move south, but only 0 halite was available
At command 2 of 5:
    1   m 5 o
>>> 2   m 8 s
    3   m 3 w
    4   m 1 e


Turn 28
================================================================
warning: entity 1 was directed to use 3 halite to move north, but only 0 halite was available
At command 1 of 5:
>>> 1   m 1 n
    2   m 6 w
    3   m 5 o


Turn 30
================================================================
warning: entity 6 was directed to use 4 halite to move east, but only 0 halite was available
At command 2 of 6:
    1   m 1 o
>>> 2   m 6 e
    3   m 5 e
    4   m 8 o


Turn 34
================================================================
warning: entity 10 was directed to use 2 halite to move west, but only 0 halite was available
At command 1 of 6:
>>> 1   m 10 w
    2   m 6 o
    3   m 3 s


Turn 37
================================================================
warning: entity 5 was directed to use 2 halite to move west, but only 0 halite was available
At command 2 of 6:
    1   m 10 o
>>> 2   m 5 w
    3   m 1 o
    4   m 8 o


Turn 39
================================================================
warning: entity 3 was directed to use 3 halite to move north, but only 0 halite was available
At command 2 of 7:
    1   m 6 o
>>> 2   m 3 n
    3   m 5 s
    4   m 10 o


Turn 40
================================================================
warning: entity 5 was directed to use 4 halite to move west, but only 2 halite was available
At command 2 of 7:
    1   m 13 o
>>> 2   m 5 w
    3   m 6 o
    4   m 3 s


Turn 42
================================================================
warning: entity 13 was directed to use 1 halite to move east, but only 0 halite was available
At command 2 of 8:
    1   m 3 o
>>> 2   m 13 e
    3   m 5 o
    4   m 6 o


Turn 44
================================================================
warning: entity 13 was directed to use 4 halite to move east, but only 3 halite was available
At command 1 of 8:
>>> 1   m 13 e
    2   m 15 s
    3   m 8 n

warning: entity 15 was directed to use 1 halite to move south, but only 0 halite was available
At command 2 of 8:
    1   m 13 e
>>> 2   m 15 s
    3   m 8 n
    4   m 6 o


Turn 46
================================================================
warning: entity 8 was directed to use 1 halite to move north, but only 0 halite was available
At command 2 of 9:
    1   m 13 o
>>> 2   m 8 n
    3   m 15 n
    4   m 10 o


Turn 49
================================================================
warning: entity 16 was directed to use 1 halite to move south, but only 0 halite was available
At command 8 of 9:
    6   m 1 o
    7   m 6 n
>>> 8   m 16 s
    9   m 5 o


Turn 52
================================================================
warning: entity 16 was directed to use 3 halite to move south, but only 1 halite was available
At command 3 of 9:
    1   m 8 w
    2   m 15 o
>>> 3   m 16 s
    4   m 5 o
    5   m 6 o


Turn 57
================================================================
warning: entity 1 was directed to use 1 halite to move east, but only 0 halite was available
At command 1 of 10:
>>> 1   m 1 e
    2   m 13 o
    3   m 6 o


Turn 59
================================================================
warning: entity 1 was directed to use 4 halite to move east, but only 3 halite was available
At command 1 of 10:
>>> 1   m 1 e
    2   m 13 o
    3   m 17 n


Turn 60
================================================================
warning: entity 17 was directed to use 3 halite to move north, but only 0 halite was available
At command 1 of 10:
>>> 1   m 17 n
    2   m 6 w
    3   m 8 o


Turn 64
================================================================
warning: entity 17 was directed to use 4 halite to move north, but only 3 halite was available
At command 5 of 10:
    3   m 13 o
    4   m 3 o
>>> 5   m 17 n
    6   m 6 o
    7   m 8 o


Turn 68
================================================================
warning: entity 10 was directed to use 2 halite to move north, but only 0 halite was available
At command 1 of 10:
>>> 1   m 10 n
    2   m 13 s
    3   m 15 o


Turn 69
================================================================
warning: entity 5 was directed to use 2 halite to move east, but only 0 halite was available
At command 9 of 10:
    7   m 17 o
    8   m 6 o
>>> 9   m 5 e
    10   m 16 w


Turn 72
================================================================
warning: entity 10 was directed to use 4 halite to move west, but only 1 halite was available
At command 2 of 11:
    1   m 3 w
>>> 2   m 10 w
    3   m 13 w
    4   m 8 o

warning: entity 5 was directed to use 4 halite to move east, but only 2 halite was available
At command 9 of 11:
    7   m 17 o
    8   m 6 s
>>> 9   m 5 e
    10   m 16 o
    11   g


Turn 73
================================================================
warning: entity 13 was directed to use 4 halite to move north, but only 0 halite was available
At command 3 of 11:
    1   m 18 s
    2   m 3 n
>>> 3   m 13 n
    4   m 10 n
    5   m 8 o


Turn 75
================================================================
warning: entity 18 was directed to use 3 halite to move east, but only 0 halite was available
At command 2 of 11:
    1   m 10 n
>>> 2   m 18 e
    3   m 13 s
    4   m 3 n


Turn 76
================================================================
warning: entity 13 was directed to use 4 halite to move south, but only 3 halite was available
At command 2 of 11:
    1   m 10 o
>>> 2   m 13 s
    3   m 3 n
    4   m 15 e


Turn 77
================================================================
warning: entity 6 was directed to use 3 halite to move north, but only 0 halite was available
At command 7 of 11:
    5   m 10 o
    6   m 13 w
>>> 7   m 6 n
    8   m 17 o
    9   m 8 o


Turn 79
================================================================
warning: entity 3 was directed to use 3 halite to move west, but only 0 halite was available
At command 3 of 12:
    1   m 20 e
    2   m 15 s
>>> 3   m 3 w
    4   m 13 o
    5   m 8 e


Turn 80
================================================================
warning: entity 6 was directed to use 4 halite to move north, but only 3 halite was available
At command 1 of 12:
>>> 1   m 6 n
    2   m 20 n
    3   m 15 s

warning: entity 20 was directed to use 1 halite to move north, but only 0 halite was available
At command 2 of 12:
    1   m 6 n
>>> 2   m 20 n
    3   m 15 s
    4   m 16 o


Turn 83
================================================================
warning: entity 20 was directed to use 3 halite to move east, but only 1 halite was available
At command 1 of 12:
>>> 1   m 20 e
    2   m 15 w
    3   m 6 o

warning: entity 3 was directed to use 3 halite to move south, but only 0 halite was available
At command 4 of 12:
    2   m 15 w
    3   m 6 o
>>> 4   m 3 s
    5   m 1 w
    6   m 8 o


Turn 84
================================================================
warning: entity 15 was directed to use 2 halite to move west, but only 0 halite was available
At command 2 of 12:
    1   m 1 o
>>> 2   m 15 w
    3   m 18 o
    4   m 17 o


Turn 86
================================================================
warning: entity 20 was directed to use 4 halite to move east, but only 3 halite was available
At command 1 of 12:
>>> 1   m 20 e
    2   m 5 o
    3   m 3 o


Turn 88
================================================================
warning: entity 15 was directed to use 3 halite to move west, but only 0 halite was available
At command 1 of 12:
>>> 1   m 15 w
    2   m 16 n
    3   m 20 o


Turn 91
================================================================
warning: entity 15 was directed to use 4 halite to move north, but only 2 halite was available
At command 1 of 12:
>>> 1   m 15 n
    2   m 16 s
    3   m 1 w

warning: entity 16 was directed to use 3 halite to move south, but only 0 halite was available
At command 2 of 12:
    1   m 15 n
>>> 2   m 16 s
    3   m 1 w
    4   m 8 o


Turn 93
================================================================
warning: entity 1 was directed to use 1 halite to move north, but only 0 halite was available
At command 3 of 12:
    1   m 6 e
    2   m 15 o
>>> 3   m 1 n
    4   m 17 s
    5   m 16 s


Turn 94
================================================================
warning: entity 16 was directed to use 3 halite to move south, but only 2 halite was available
At command 2 of 12:
    1   m 6 o
>>> 2   m 16 s
    3   m 20 o
    4   m 17 o


Turn 96
================================================================
warning: entity 1 was directed to use 4 halite to move north, but only 2 halite was available
At command 2 of 12:
    1   m 16 s
>>> 2   m 1 n
    3   m 8 w
    4   m 6 o


Turn 100
================================================================
warning: entity 8 was directed to use 2 halite to move west, but only 1 halite was available
At command 1 of 12:
>>> 1   m 8 w
    2   m 3 o
    3   m 17 w

warning: entity 17 was directed to use 1 halite to move west, but only 0 halite was available
At command 3 of 12:
    1   m 8 w
    2   m 3 o
>>> 3   m 17 w
    4   m 15 o
    5   m 1 w


Turn 103
================================================================
warning: entity 8 was directed to use 3 halite to move west, but only 2 halite was available
At command 2 of 12:
    1   m 1 o
>>> 2   m 8 w
    3   m 17 n
    4   m 16 o

warning: entity 17 was directed to use 4 halite to move north, but only 1 halite was available
At command 3 of 12:
    1   m 1 o
    2   m 8 w
>>> 3   m 17 n
    4   m 16 o
    5   m 18 o


Turn 107
================================================================
warning: entity 17 was directed to use 4 halite to move west, but only 2 halite was available
At command 2 of 12:
    1   m 18 w
>>> 2   m 17 w
    3   m 8 o
    4   m 10 s


Turn 122
================================================================
warning: entity 18 was directed to use 2 halite to move west, but only 0 halite was available
At command 2 of 12:
    1   m 13 n
>>> 2   m 18 w
    3   m 3 e
    4   m 6 w

warning: entity 3 was directed to use 1 halite to move east, but only 0 halite was available
At command 3 of 12:
    1   m 13 n
    2   m 18 w
>>> 3   m 3 e
    4   m 6 w
    5   m 16 n


Turn 125
================================================================
warning: entity 3 was directed to use 4 halite to move north, but only 1 halite was available
At command 1 of 12:
>>> 1   m 3 n
    2   m 18 w
    3   m 13 s

warning: entity 13 was directed to use 2 halite to move south, but only 0 halite was available
At command 3 of 12:
    1   m 3 n
    2   m 18 w
>>> 3   m 13 s
    4   m 6 o
    5   m 15 e


Turn 126
================================================================
warning: entity 18 was directed to use 4 halite to move north, but only 0 halite was available
At command 2 of 12:
    1   m 5 s
>>> 2   m 18 n
    3   m 15 e
    4   m 10 n


Turn 128
================================================================
warning: entity 13 was directed to use 4 halite to move east, but only 1 halite was available
At command 6 of 12:
    4   m 3 e
    5   m 8 o
>>> 6   m 13 e
    7   m 5 e
    8   m 15 o


Turn 129
================================================================
warning: entity 10 was directed to use 3 halite to move north, but only 0 halite was available
At command 2 of 12:
    1   m 18 o
>>> 2   m 10 n
    3   m 3 e
    4   m 5 o

warning: entity 3 was directed to use 4 halite to move east, but only 3 halite was available
At command 3 of 12:
    1   m 18 o
    2   m 10 n
>>> 3   m 3 e
    4   m 5 o
    5   m 16 w


Turn 133
================================================================
warning: entity 13 was directed to use 4 halite to move south, but only 0 halite was available
At command 4 of 12:
    2   m 18 n
    3   m 6 s
>>> 4   m 13 s
    5   m 16 o
    6   m 1 o


Turn 135
================================================================
warning: entity 18 was directed to use 4 halite to move north, but only 2 halite was available
At command 2 of 12:
    1   m 13 o
>>> 2   m 18 n
    3   m 6 s
    4   m 16 n


Turn 137
================================================================
warning: entity 16 was directed to use 3 halite to move north, but only 2 halite was available
At command 1 of 11:
>>> 1   m 16 n
    2   m 5 e
    3   m 6 s


Turn 139
================================================================
warning: entity 6 was directed to use 1 halite to move south, but only 0 halite was available
At command 3 of 11:
    1   m 15 s
    2   m 20 w
>>> 3   m 6 s
    4   m 16 w
    5   m 1 e


Turn 141
================================================================
warning: entity 16 was directed to use 4 halite to move north, but only 2 halite was available
At command 1 of 11:
>>> 1   m 16 n
    2   m 10 o
    3   m 1 o

warning: entity 6 was directed to use 4 halite to move east, but only 3 halite was available
At command 4 of 11:
    2   m 10 o
    3   m 1 o
>>> 4   m 6 e
    5   m 20 s
    6   m 15 n


Turn 143
================================================================
warning: entity 15 was directed to use 2 halite to move east, but only 0 halite was available
At command 3 of 11:
    1   m 16 w
    2   m 20 s
>>> 3   m 15 e
    4   m 3 o
    5   m 6 e


Turn 145
================================================================
warning: entity 16 was directed to use 4 halite to move west, but only 2 halite was available
At command 2 of 11:
    1   m 17 o
>>> 2   m 16 w
    3   m 6 s
    4   m 15 n

warning: entity 6 was directed to use 4 halite to move south, but only 3 halite was available
At command 3 of 11:
    1   m 17 o
    2   m 16 w
>>> 3   m 6 s
    4   m 15 n
    5   m 20 s


Turn 146
================================================================
warning: entity 15 was directed to use 4 halite to move north, but only 3 halite was available
At command 2 of 11:
    1   m 10 o
>>> 2   m 15 n
    3   m 1 e
    4   m 20 s


Turn 150
================================================================
warning: entity 6 was directed to use 4 halite to move east, but only 0 halite was available
At command 4 of 11:
    2   m 1 o
    3   m 20 e
>>> 4   m 6 e
    5   m 3 n
    6   m 15 e


Turn 151
================================================================
warning: entity 15 was directed to use 4 halite to move north, but only 1 halite was available
At command 2 of 11:
    1   m 17 s
>>> 2   m 15 n
    3   m 13 o
    4   m 20 e

warning: entity 20 was directed to use 1 halite to move east, but only 0 halite was available
At command 4 of 11:
    2   m 15 n
    3   m 13 o
>>> 4   m 20 e
    5   m 3 o
    6   m 1 s


Turn 153
================================================================
warning: entity 20 was directed to use 4 halite to move east, but only 3 halite was available
At command 5 of 11:
    3   m 15 e
    4   m 1 s
>>> 5   m 20 e
    6   m 6 o
    7   m 13 o


Turn 159
================================================================
warning: entity 20 was directed to use 3 halite to move east, but only 0 halite was available
At command 4 of 11:
    2   m 10 w
    3   m 17 e
>>> 4   m 20 e
    5   m 1 e
    6   m 16 o


Turn 160
================================================================
warning: entity 17 was directed to use 3 halite to move east, but only 0 halite was available
At command 2 of 11:
    1   m 6 o
>>> 2   m 17 e
    3   m 10 o
    4   m 1 n


Turn 161
================================================================
warning: entity 1 was directed to use 1 halite to move east, but only 0 halite was available
At command 1 of 11:
>>> 1   m 1 e
    2   m 20 e
    3   m 15 e


Turn 163
================================================================
warning: entity 20 was directed to use 4 halite to move east, but only 0 halite was available
At command 1 of 11:
>>> 1   m 20 e
    2   m 17 e
    3   m 1 n


Turn 164
================================================================
warning: entity 1 was directed to use 3 halite to move north, but only 2 halite was available
At command 1 of 11:
>>> 1   m 1 n
    2   m 18 o
    3   m 3 w

warning: entity 17 was directed to use 5 halite to move south, but only 1 halite was available
At command 4 of 11:
    2   m 18 o
    3   m 3 w
>>> 4   m 17 s
    5   m 5 w
    6   m 20 e


Turn 168
================================================================
warning: entity 17 was directed to use 4 halite to move south, but only 3 halite was available
At command 2 of 11:
    1   m 15 o
>>> 2   m 17 s
    3   m 1 n
    4   m 10 w

warning: entity 1 was directed to use 4 halite to move north, but only 3 halite was available
At command 3 of 11:
    1   m 15 o
    2   m 17 s
>>> 3   m 1 n
    4   m 10 w
    5   m 16 s


Turn 175
================================================================
warning: entity 1 was directed to use 4 halite to move east, but only 2 halite was available
At command 5 of 11:
    3   m 16 s
    4   m 3 s
>>> 5   m 1 e
    6   m 13 w
    7   m 18 o


Turn 180
================================================================
warning: entity 16 was directed to use 4 halite to move north, but only 0 halite was available
At command 1 of 11:
>>> 1   m 16 n
    2   m 5 w
    3   m 3 s


Turn 183
================================================================
warning: entity 3 was directed to use 2 halite to move south, but only 0 halite was available
At command 3 of 11:
    1   m 15 w
    2   m 5 n
>>> 3   m 3 s
    4   m 16 n
    5   m 18 s


Turn 186
================================================================
warning: entity 16 was directed to use 3 halite to move west, but only 1 halite was available
At command 3 of 11:
    1   m 3 o
    2   m 18 s
>>> 3   m 16 w
    4   m 20 o
    5   m 5 n

warning: entity 5 was directed to use 1 halite to move north, but only 0 halite was available
At command 5 of 11:
    3   m 16 w
    4   m 20 o
>>> 5   m 5 n
    6   m 13 e
    7   m 15 w


Turn 187
================================================================
warning: entity 13 was directed to use 4 halite to move east, but only 0 halite was available
At command 1 of 11:
>>> 1   m 13 e
    2   m 18 s
    3   m 15 w


Turn 189
================================================================
warning: entity 5 was directed to use 2 halite to move west, but only 0 halite was available
At command 3 of 11:
    1   m 13 e
    2   m 6 o
>>> 3   m 5 w
    4   m 17 w
    5   m 18 s


Turn 192
================================================================
warning: entity 13 was directed to use 3 halite to move east, but only 0 halite was available
At command 1 of 11:
>>> 1   m 13 e
    2   m 5 w
    3   m 18 s

warning: entity 5 was directed to use 2 halite to move west, but only 1 halite was available
At command 2 of 11:
    1   m 13 e
>>> 2   m 5 w
    3   m 18 s
    4   m 15 s


Turn 196
================================================================
warning: entity 13 was directed to use 4 halite to move south, but only 2 halite was available
At command 1 of 11:
>>> 1   m 13 s
    2   m 5 n
    3   m 15 s


Turn 197
================================================================
warning: entity 5 was directed to use 3 halite to move north, but only 0 halite was available
At command 6 of 11:
    4   m 17 n
    5   m 15 s
>>> 6   m 5 n
    7   m 18 e
    8   m 20 w


Turn 199
================================================================
warning: entity 18 was directed to use 3 halite to move east, but only 0 halite was available
At command 6 of 11:
    4   m 17 o
    5   m 15 w
>>> 6   m 18 e
    7   m 5 o
    8   m 10 e


Turn 201
================================================================
warning: entity 15 was directed to use 1 halite to move west, but only 0 halite was available
At command 1 of 11:
>>> 1   m 15 w
    2   m 6 o
    3   m 13 s

warning: entity 13 was directed to use 4 halite to move south, but only 0 halite was available
At command 3 of 11:
    1   m 15 w
    2   m 6 o
>>> 3   m 13 s
    4   m 3 o
    5   m 10 o


Turn 202
================================================================
warning: entity 18 was directed to use 4 halite to move east, but only 2 halite was available
At command 1 of 11:
>>> 1   m 18 e
    2   m 17 n
    3   m 20 n


Turn 204
================================================================
warning: entity 15 was directed to use 4 halite to move west, but only 0 halite was available
At command 1 of 11:
>>> 1   m 15 w
    2   m 10 e
    3   m 17 s


Turn 206
================================================================
warning: entity 17 was directed to use 1 halite to move west, but only 0 halite was available
At command 3 of 11:
    1   m 6 o
    2   m 1 w
>>> 3   m 17 w
    4   m 16 s
    5   m 15 w


Turn 208
================================================================
warning: entity 15 was directed to use 3 halite to move north, but only 0 halite was available
At command 1 of 11:
>>> 1   m 15 n
    2   m 17 s
    3   m 16 s


Turn 209
================================================================
warning: entity 17 was directed to use 4 halite to move west, but only 1 halite was available
At command 4 of 11:
    2   m 16 s
    3   m 5 e
>>> 4   m 17 w
    5   m 6 w
    6   m 20 o


Turn 213
================================================================
warning: entity 15 was directed to use 4 halite to move west, but only 1 halite was available
At command 6 of 11:
    4   m 5 s
    5   m 18 o
>>> 6   m 15 w
    7   m 3 e
    8   m 13 s


Turn 217
================================================================
warning: entity 16 was directed to use 3 halite to move west, but only 2 halite was available
At command 5 of 11:
    3   m 5 s
    4   m 10 s
>>> 5   m 16 w
    6   m 20 n
    7   m 18 o


Turn 220
================================================================
warning: entity 20 was directed to use 3 halite to move north, but only 0 halite was available
At command 4 of 11:
    2   m 1 s
    3   m 18 o
>>> 4   m 20 n
    5   m 17 o
    6   m 5 s


Turn 221
================================================================
warning: entity 16 was directed to use 4 halite to move west, but only 2 halite was available
At command 5 of 11:
    3   m 6 n
    4   m 5 e
>>> 5   m 16 w
    6   m 15 o
    7   m 18 o


Turn 223
================================================================
warning: entity 5 was directed to use 2 halite to move south, but only 0 halite was available
At command 4 of 11:
    2   m 10 s
    3   m 1 e
>>> 4   m 5 s
    5   m 3 e
    6   m 16 w


Turn 224
================================================================
warning: entity 1 was directed to use 1 halite to move east, but only 0 halite was available
At command 4 of 11:
    2   m 3 o
    3   m 20 n
>>> 4   m 1 e
    5   m 16 s
    6   m 6 n


Turn 225
================================================================
warning: entity 20 was directed to use 3 halite to move north, but only 0 halite was available
At command 4 of 11:
    2   m 10 s
    3   m 5 s
>>> 4   m 20 n
    5   m 6 o
    6   m 3 e


Turn 226
================================================================
warning: entity 5 was directed to use 2 halite to move south, but only 1 halite was available
At command 1 of 11:
>>> 1   m 5 s
    2   m 1 n
    3   m 10 s


Turn 228
================================================================
warning: entity 1 was directed to use 4 halite to move north, but only 0 halite was available
At command 3 of 11:
    1   m 5 s
    2   m 10 s
>>> 3   m 1 n
    4   m 18 o
    5   m 20 w


Turn 229
================================================================
warning: entity 20 was directed to use 4 halite to move west, but only 1 halite was available
At command 1 of 11:
>>> 1   m 20 w
    2   m 10 o
    3   m 5 e


Turn 230
================================================================
warning: entity 5 was directed to use 4 halite to move south, but only 0 halite was available
At command 2 of 11:
    1   m 6 o
>>> 2   m 5 s
    3   m 1 n
    4   m 20 w


Turn 233
================================================================
warning: entity 10 was directed to use 4 halite to move south, but only 0 halite was available
At command 1 of 11:
>>> 1   m 10 s
    2   m 1 e
    3   m 20 n

warning: entity 1 was directed to use 4 halite to move east, but only 1 halite was available
At command 2 of 11:
    1   m 10 s
>>> 2   m 1 e
    3   m 20 n
    4   m 13 w

warning: entity 20 was directed to use 5 halite to move north, but only 3 halite was available
At command 3 of 11:
    1   m 10 s
    2   m 1 e
>>> 3   m 20 n
    4   m 13 w
    5   m 3 n


Turn 234
================================================================
warning: entity 5 was directed to use 4 halite to move south, but only 2 halite was available
At command 2 of 11:
    1   m 13 w
>>> 2   m 5 s
    3   m 6 n
    4   m 3 n


Turn 237
================================================================
warning: entity 10 was directed to use 4 halite to move south, but only 2 halite was available
At command 3 of 11:
    1   m 6 e
    2   m 20 w
>>> 3   m 10 s
    4   m 3 n
    5   m 18 w

warning: entity 3 was directed to use 2 halite to move north, but only 0 halite was available
At command 4 of 11:
    2   m 20 w
    3   m 10 s
>>> 4   m 3 n
    5   m 18 w
    6   m 1 e


Turn 238
================================================================
warning: entity 1 was directed to use 3 halite to move east, but only 2 halite was available
At command 3 of 11:
    1   m 13 o
    2   m 6 n
>>> 3   m 1 e
    4   m 20 o
    5   m 5 e


Turn 239
================================================================
warning: entity 5 was directed to use 4 halite to move east, but only 2 halite was available
At command 4 of 11:
    2   m 6 e
    3   m 10 e
>>> 4   m 5 e
    5   m 15 e
    6   m 13 w


Turn 240
================================================================
warning: entity 6 was directed to use 2 halite to move north, but only 0 halite was available
At command 1 of 11:
>>> 1   m 6 n
    2   m 15 e
    3   m 1 e


Turn 242
================================================================
warning: entity 10 was directed to use 3 halite to move south, but only 1 halite was available
At command 1 of 11:
>>> 1   m 10 s
    2   m 13 o
    3   m 6 n


Turn 243
================================================================
warning: entity 6 was directed to use 3 halite to move east, but only 1 halite was available
At command 1 of 11:
>>> 1   m 6 e
    2   m 3 w
    3   m 5 e


Turn 244
================================================================
warning: entity 3 was directed to use 3 halite to move north, but only 0 halite was available
At command 3 of 11:
    1   m 15 e
    2   m 10 s
>>> 3   m 3 n
    4   m 5 e
    5   m 13 n

warning: entity 5 was directed to use 2 halite to move east, but only 1 halite was available
At command 4 of 11:
    2   m 10 s
    3   m 3 n
>>> 4   m 5 e
    5   m 13 n
    6   m 6 e


Turn 246
================================================================
warning: entity 10 was directed to use 4 halite to move south, but only 2 halite was available
At command 5 of 11:
    3   m 15 s
    4   m 5 e
>>> 5   m 10 s
    6   m 17 o
    7   m 6 e


Turn 247
================================================================
warning: entity 6 was directed to use 4 halite to move east, but only 0 halite was available
At command 5 of 11:
    3   m 15 s
    4   m 5 e
>>> 5   m 6 e
    6   m 13 n
    7   m 10 s


Turn 248
================================================================
warning: entity 5 was directed to use 4 halite to move south, but only 2 halite was available
At command 1 of 11:
>>> 1   m 5 s
    2   m 20 o
    3   m 15 s

warning: entity 3 was directed to use 4 halite to move north, but only 1 halite was available
At command 5 of 11:
    3   m 15 s
    4   m 13 n
>>> 5   m 3 n
    6   m 16 o
    7   m 10 e


Turn 256
================================================================
warning: entity 13 was directed to use 3 halite to move north, but only 0 halite was available
At command 4 of 11:
    2   m 3 o
    3   m 1 w
>>> 4   m 13 n
    5   m 20 e
    6   m 16 o


Turn 259
================================================================
warning: entity 13 was directed to use 4 halite to move north, but only 2 halite was available
At command 9 of 11:
    7   m 1 w
    8   m 6 w
>>> 9   m 13 n
    10   m 5 o
    11   m 3 o


Turn 261
================================================================
warning: entity 15 was directed to use 3 halite to move east, but only 1 halite was available
At command 2 of 11:
    1   m 20 e
>>> 2   m 15 e
    3   m 18 n
    4   m 17 n


Turn 262
================================================================
warning: entity 16 was directed to use 3 halite to move north, but only 0 halite was available
At command 4 of 11:
    2   m 20 e
    3   m 17 n
>>> 4   m 16 n
    5   m 6 w
    6   m 18 s


Turn 263
================================================================
warning: entity 17 was directed to use 3 halite to move north, but only 0 halite was available
At command 2 of 11:
    1   m 20 s
>>> 2   m 17 n
    3   m 6 o
    4   m 1 o


Turn 264
================================================================
warning: entity 18 was directed to use 1 halite to move south, but only 0 halite was available
At command 3 of 11:
    1   m 16 n
    2   m 20 s
>>> 3   m 18 s
    4   m 13 e
    5   m 15 s

warning: entity 13 was directed to use 3 halite to move east, but only 0 halite was available
At command 4 of 11:
    2   m 20 s
    3   m 18 s
>>> 4   m 13 e
    5   m 15 s
    6   m 17 e


Turn 265
================================================================
warning: entity 15 was directed to use 3 halite to move east, but only 0 halite was available
At command 4 of 11:
    2   m 16 n
    3   m 20 s
>>> 4   m 15 e
    5   m 17 e
    6   m 3 o


Turn 266
================================================================
warning: entity 16 was directed to use 4 halite to move west, but only 2 halite was available
At command 4 of 11:
    2   m 13 e
    3   m 17 n
>>> 4   m 16 w
    5   m 20 s
    6   m 18 w

warning: entity 18 was directed to use 4 halite to move west, but only 3 halite was available
At command 6 of 11:
    4   m 16 w
    5   m 20 s
>>> 6   m 18 w
    7   m 15 s
    8   m 3 o


Turn 267
================================================================
warning: entity 13 was directed to use 4 halite to move east, but only 3 halite was available
At command 3 of 11:
    1   m 1 s
    2   m 20 s
>>> 3   m 13 e
    4   m 17 e
    5   m 15 o


Turn 268
================================================================
warning: entity 17 was directed to use 3 halite to move north, but only 0 halite was available
At command 1 of 11:
>>> 1   m 17 n
    2   m 18 s
    3   m 1 s


Turn 271
================================================================
warning: entity 20 was directed to use 2 halite to move north, but only 0 halite was available
At command 1 of 11:
>>> 1   m 20 n
    2   m 16 n
    3   m 13 n

warning: entity 16 was directed to use 3 halite to move north, but only 1 halite was available
At command 2 of 11:
    1   m 20 n
>>> 2   m 16 n
    3   m 13 n
    4   m 1 n

warning: entity 18 was directed to use 4 halite to move west, but only 2 halite was available
At command 7 of 11:
    5   m 17 e
    6   m 3 e
>>> 7   m 18 w
    8   m 6 s
    9   m 5 o


Turn 272
================================================================
warning: entity 17 was directed to use 4 halite to move north, but only 0 halite was available
At command 2 of 11:
    1   m 1 e
>>> 2   m 17 n
    3   m 3 e
    4   m 13 n

warning: entity 13 was directed to use 3 halite to move north, but only 1 halite was available
At command 4 of 11:
    2   m 17 n
    3   m 3 e
>>> 4   m 13 n
    5   m 6 s
    6   m 20 s


Turn 274
================================================================
warning: entity 1 was directed to use 2 halite to move east, but only 0 halite was available
At command 4 of 11:
    2   m 3 e
    3   m 13 n
>>> 4   m 1 e
    5   m 17 e
    6   m 6 s


Turn 275
================================================================
warning: entity 20 was directed to use 3 halite to move east, but only 1 halite was available
At command 2 of 11:
    1   m 17 n
>>> 2   m 20 e
    3   m 18 s
    4   m 3 e

warning: entity 18 was directed to use 4 halite to move south, but only 1 halite was available
At command 3 of 11:
    1   m 17 n
    2   m 20 e
>>> 3   m 18 s
    4   m 3 e
    5   m 13 e

warning: entity 16 was directed to use 4 halite to move west, but only 0 halite was available
At command 7 of 11:
    5   m 13 e
    6   m 6 n
>>> 7   m 16 w
    8   m 1 n
    9   m 15 e


Turn 276
================================================================
warning: entity 13 was directed to use 4 halite to move east, but only 0 halite was available
At command 2 of 11:
    1   m 3 s
>>> 2   m 13 e
    3   m 17 n
    4   m 15 o

warning: entity 17 was directed to use 4 halite to move north, but only 1 halite was available
At command 3 of 11:
    1   m 3 s
    2   m 13 e
>>> 3   m 17 n
    4   m 15 o
    5   m 6 w


Turn 277
================================================================
warning: entity 1 was directed to use 3 halite to move east, but only 2 halite was available
At command 4 of 11:
    2   m 3 s
    3   m 16 w
>>> 4   m 1 e
    5   m 20 s
    6   m 6 n


Turn 279
================================================================
warning: entity 20 was directed to use 4 halite to move south, but only 3 halite was available
At command 3 of 11:
    1   m 13 n
    2   m 1 o
>>> 3   m 20 s
    4   m 3 s
    5   m 6 n

warning: entity 6 was directed to use 2 halite to move north, but only 0 halite was available
At command 5 of 11:
    3   m 20 s
    4   m 3 s
>>> 5   m 6 n
    6   m 15 s
    7   m 17 n


Turn 280
================================================================
warning: entity 13 was directed to use 3 halite to move north, but only 0 halite was available
At command 1 of 11:
>>> 1   m 13 n
    2   m 17 n
    3   m 3 s


Turn 281
================================================================
warning: entity 17 was directed to use 3 halite to move east, but only 1 halite was available
At command 2 of 11:
    1   m 20 e
>>> 2   m 17 e
    3   m 3 s
    4   m 15 s


Turn 284
================================================================
warning: entity 13 was directed to use 3 halite to move north, but only 1 halite was available
At command 1 of 11:
>>> 1   m 13 n
    2   m 3 n
    3   m 5 e

warning: entity 6 was directed to use 3 halite to move north, but only 0 halite was available
At command 5 of 11:
    3   m 5 e
    4   m 17 n
>>> 5   m 6 n
    6   m 1 n
    7   m 20 o


Turn 286
================================================================
warning: entity 17 was directed to use 3 halite to move north, but only 1 halite was available
At command 3 of 11:
    1   m 3 w
    2   m 10 o
>>> 3   m 17 n
    4   m 1 e
    5   m 13 e


Turn 288
================================================================
warning: entity 3 was directed to use 3 halite to move north, but only 0 halite was available
At command 1 of 11:
>>> 1   m 3 n
    2   m 10 o
    3   m 17 e

warning: entity 6 was directed to use 4 halite to move west, but only 0 halite was available
At command 4 of 11:
    2   m 10 o
    3   m 17 e
>>> 4   m 6 w
    5   m 5 e
    6   m 1 e


Turn 292
================================================================
warning: entity 13 was directed to use 4 halite to move north, but only 0 halite was available
At command 1 of 11:
>>> 1   m 13 n
    2   m 5 e
    3   m 16 e


Turn 294
================================================================
warning: entity 3 was directed to use 3 halite to move west, but only 1 halite was available
At command 5 of 11:
    3   m 10 w
    4   m 1 n
>>> 5   m 3 w
    6   m 13 n
    7   m 18 e


Turn 299
================================================================
warning: entity 3 was directed to use 3 halite to move north, but only 0 halite was available
At command 4 of 10:
    2   m 5 n
    3   m 6 w
>>> 4   m 3 n
    5   m 16 s
    6   m 10 w


Turn 307
================================================================
warning: entity 16 was directed to use 1 halite to move east, but only 0 halite was available
At command 4 of 10:
    2   m 10 n
    3   m 15 o
>>> 4   m 16 e
    5   m 5 n
    6   m 6 o


Turn 310
================================================================
warning: entity 16 was directed to use 4 halite to move east, but only 3 halite was available
At command 1 of 10:
>>> 1   m 16 e
    2   m 10 o
    3   m 15 o


Turn 315
================================================================
warning: entity 16 was directed to use 5 halite to move east, but only 4 halite was available
At command 2 of 10:
    1   m 10 n
>>> 2   m 16 e
    3   m 6 o
    4   m 18 e


Turn 317
================================================================
warning: entity 18 was directed to use 1 halite to move north, but only 0 halite was available
At command 4 of 10:
    2   m 5 w
    3   m 17 o
>>> 4   m 18 n
    5   m 15 w
    6   m 10 n


Turn 321
================================================================
warning: entity 18 was directed to use 2 halite to move south, but only 0 halite was available
At command 2 of 10:
    1   m 15 n
>>> 2   m 18 s
    3   m 3 o
    4   m 10 s

warning: entity 10 was directed to use 1 halite to move south, but only 0 halite was available
At command 4 of 10:
    2   m 18 s
    3   m 3 o
>>> 4   m 10 s
    5   m 6 n
    6   m 5 n

warning: entity 5 was directed to use 2 halite to move north, but only 0 halite was available
At command 6 of 10:
    4   m 10 s
    5   m 6 n
>>> 6   m 5 n
    7   m 16 o
    8   m 17 w


Turn 324
================================================================
warning: entity 10 was directed to use 2 halite to move south, but only 1 halite was available
At command 5 of 10:
    3   m 17 w
    4   m 5 w
>>> 5   m 10 s
    6   m 6 o
    7   m 1 o


Turn 325
================================================================
warning: entity 18 was directed to use 2 halite to move south, but only 0 halite was available
At command 2 of 10:
    1   m 16 s
>>> 2   m 18 s
    3   m 5 n
    4   m 17 o


Turn 326
================================================================
warning: entity 5 was directed to use 2 halite to move west, but only 0 halite was available
At command 4 of 10:
    2   m 15 n
    3   m 16 e
>>> 4   m 5 w
    5   m 1 o
    6   m 18 s


Turn 328
================================================================
warning: entity 10 was directed to use 3 halite to move south, but only 0 halite was available
At command 3 of 10:
    1   m 17 o
    2   m 3 o
>>> 3   m 10 s
    4   m 18 e
    5   m 16 s

warning: entity 18 was directed to use 4 halite to move east, but only 2 halite was available
At command 4 of 10:
    2   m 3 o
    3   m 10 s
>>> 4   m 18 e
    5   m 16 s
    6   m 15 n


Turn 330
================================================================
warning: entity 5 was directed to use 3 halite to move north, but only 0 halite was available
At command 3 of 10:
    1   m 18 e
    2   m 1 w
>>> 3   m 5 n
    4   m 16 e
    5   m 15 n


Turn 333
================================================================
warning: entity 18 was directed to use 3 halite to move east, but only 2 halite was available
At command 2 of 10:
    1   m 1 s
>>> 2   m 18 e
    3   m 15 e
    4   m 16 e

warning: entity 5 was directed to use 4 halite to move north, but only 3 halite was available
At command 5 of 10:
    3   m 15 e
    4   m 16 e
>>> 5   m 5 n
    6   m 3 o
    7   m 17 w


Turn 335
================================================================
warning: entity 15 was directed to use 2 halite to move east, but only 0 halite was available
At command 1 of 10:
>>> 1   m 15 e
    2   m 17 w
    3   m 5 w


Turn 338
================================================================
warning: entity 18 was directed to use 4 halite to move east, but only 1 halite was available
At command 2 of 10:
    1   m 15 n
>>> 2   m 18 e
    3   m 20 w
    4   m 16 e

warning: entity 5 was directed to use 4 halite to move west, but only 1 halite was available
At command 5 of 10:
    3   m 20 w
    4   m 16 e
>>> 5   m 5 w
    6   m 1 s
    7   m 3 e


Turn 339
================================================================
warning: entity 15 was directed to use 3 halite to move east, but only 0 halite was available
At command 2 of 10:
    1   m 3 e
>>> 2   m 15 e
    3   m 20 w
    4   m 16 e


Turn 342
================================================================
warning: entity 5 was directed to use 4 halite to move north, but only 2 halite was available
At command 4 of 10:
    2   m 1 s
    3   m 3 s
>>> 4   m 5 n
    5   m 18 e
    6   m 15 e


Turn 343
================================================================
warning: entity 18 was directed to use 4 halite to move east, but only 2 halite was available
At command 1 of 10:
>>> 1   m 18 e
    2   m 17 o
    3   m 1 s

warning: entity 15 was directed to use 4 halite to move east, but only 0 halite was available
At command 5 of 10:
    3   m 1 s
    4   m 3 s
>>> 5   m 15 e
    6   m 20 w
    7   m 5 w


Turn 346
================================================================
warning: entity 5 was directed to use 4 halite to move north, but only 3 halite was available
At command 5 of 10:
    3   m 15 n
    4   m 1 w
>>> 5   m 5 n
    6   m 17 o
    7   m 16 o


Turn 347
================================================================
warning: entity 15 was directed to use 3 halite to move east, but only 2 halite was available
At command 4 of 10:
    2   m 20 w
    3   m 18 o
>>> 4   m 15 e
    5   m 1 w
    6   m 5 w

warning: entity 1 was directed to use 3 halite to move west, but only 0 halite was available
At command 5 of 10:
    3   m 18 o
    4   m 15 e
>>> 5   m 1 w
    6   m 5 w
    7   m 17 n


Turn 350
================================================================
warning: entity 15 was directed to use 4 halite to move east, but only 3 halite was available
At command 5 of 10:
    3   m 3 s
    4   m 5 w
>>> 5   m 15 e
    6   m 17 n
    7   m 10 o


Turn 351
================================================================
warning: entity 5 was directed to use 4 halite to move north, but only 1 halite was available
At command 4 of 10:
    2   m 1 s
    3   m 17 n
>>> 4   m 5 n
    5   m 20 n
    6   m 15 e


Turn 352
================================================================
warning: entity 1 was directed to use 1 halite to move south, but only 0 halite was available
At command 1 of 10:
>>> 1   m 1 s
    2   m 3 s
    3   m 17 o


Turn 355
================================================================
warning: entity 1 was directed to use 3 halite to move south, but only 0 halite was available
At command 6 of 10:
    4   m 15 o
    5   m 3 w
>>> 6   m 1 s
    7   m 20 o
    8   m 18 o


Turn 357
================================================================
warning: entity 5 was directed to use 34 halite to move north, but only 29 halite was available
At command 5 of 11:
    3   m 15 s
    4   m 16 n
>>> 5   m 5 n
    6   m 18 w
    7   m 17 n

warning: owned entities 17, 3 collided on cell (8, 16) as the result of moves on this turn
At command 7 of 11:
    5   m 5 n
    6   m 18 w
>>> 7   m 17 n
    8   m 13 n
    9   m 3 o


Turn 359
================================================================
warning: entity 1 was directed to use 5 halite to move east, but only 3 halite was available
At command 3 of 9:
    1   m 18 w
    2   m 16 n
>>> 3   m 1 e
    4   m 20 n
    5   m 13 n


Turn 361
================================================================
warning: entity 13 was directed to use 28 halite to move north, but only 3 halite was available
At command 3 of 9:
    1   m 6 s
    2   m 1 n
>>> 3   m 13 n
    4   m 15 w
    5   m 18 w


Turn 362
================================================================
warning: entity 15 was directed to use 4 halite to move west, but only 3 halite was available
At command 4 of 9:
    2   m 18 n
    3   m 6 e
>>> 4   m 15 w
    5   m 1 e
    6   m 20 n

warning: entity 5 was directed to use 16 halite to move north, but only 15 halite was available
At command 8 of 9:
    6   m 20 n
    7   m 16 n
>>> 8   m 5 n
    9   m 13 n


Turn 363
================================================================
warning: owned entities 20, 1 collided on cell (8, 18) as the result of moves on this turn
At command 2 of 9:
    1   m 18 w
>>> 2   m 20 n
    3   m 10 e
    4   m 6 s

Other commands that placed an entity on this cell:
    3   m 10 e
    4   m 6 s
>>> 5   m 1 e
    6   m 16 n
    7   m 13 e


Turn 364
================================================================
warning: entity 13 was directed to use 38 halite to move north, but only 4 halite was available
At command 5 of 7:
    3   m 6 e
    4   m 10 n
>>> 5   m 13 n
    6   m 5 n
    7   m 16 w

warning: entity 5 was directed to use 50 halite to move north, but only 43 halite was available
At command 6 of 7:
    4   m 10 n
    5   m 13 n
>>> 6   m 5 n
    7   m 16 w


Turn 366
================================================================
warning: entity 15 was directed to use 3 halite to move west, but only 2 halite was available
At command 4 of 7:
    2   m 10 e
    3   m 6 s
>>> 4   m 15 w
    5   m 16 w
    6   m 13 e


Turn 367
================================================================
warning: entity 5 was directed to use 74 halite to move north, but only 58 halite was available
At command 6 of 7:
    4   m 16 n
    5   m 13 e
>>> 6   m 5 n
    7   m 15 s


Turn 368
================================================================
warning: entity 13 was directed to use 46 halite to move east, but only 4 halite was available
At command 6 of 7:
    4   m 10 o
    5   m 6 s
>>> 6   m 13 e
    7   m 5 e


Turn 371
================================================================
warning: entity 15 was directed to use 3 halite to move south, but only 2 halite was available
At command 1 of 7:
>>> 1   m 15 s
    2   m 6 e
    3   m 18 n


Turn 372
================================================================
warning: entity 13 was directed to use 50 halite to move north, but only 2 halite was available
At command 5 of 7:
    3   m 5 n
    4   m 16 w
>>> 5   m 13 n
    6   m 15 s
    7   m 10 o


Turn 373
================================================================
warning: entity 5 was directed to use 36 halite to move east, but only 27 halite was available
At command 1 of 7:
>>> 1   m 5 e
    2   m 15 s
    3   m 18 w


Turn 376
================================================================
warning: owned entities 15, 10 collided on cell (8, 16) as the result of moves on this turn
At command 1 of 7:
>>> 1   m 15 w
    2   m 6 e
    3   m 18 n


Turn 377
================================================================
warning: entity 5 was directed to use 62 halite to move east, but only 53 halite was available
At command 1 of 5:
>>> 1   m 5 e
    2   m 6 e
    3   m 18 w

warning: entity 13 was directed to use 32 halite to move north, but only 29 halite was available
At command 5 of 5:
    3   m 18 w
    4   m 16 w
>>> 5   m 13 n


Turn 380
================================================================
warning: entity 13 was directed to use 62 halite to move east, but only 57 halite was available
At command 4 of 5:
    2   m 6 e
    3   m 18 w
>>> 4   m 13 e
    5   m 16 n


Turn 384
================================================================
warning: owned entities 16, 18 collided on cell (8, 16) as the result of moves on this turn
At command 2 of 5:
    1   m 6 e
>>> 2   m 16 n
    3   m 13 e
    4   m 5 n


Turn 390
================================================================
warning: entity 5 was directed to use 86 halite to move north, but only 26 halite was available
At command 1 of 3:
>>> 1   m 5 n
    2   m 13 n
    3   m 6 o


Turn 392
================================================================
warning: entity 13 was directed to use 64 halite to move north, but only 54 halite was available
At command 1 of 3:
>>> 1   m 13 n
    2   m 5 n
    3   m 6 o

warning: owned entities 5, 6 collided on cell (8, 16) as the result of moves on this turn
At command 2 of 3:
    1   m 13 n
>>> 2   m 5 n
    3   m 6 o

