
Turn 28
================================================================
warning: entity 4 was directed to use 4 halite to move north, but only 0 halite was available
At command 4 of 5:
    2   m 7 n
    3   m 2 o
>>> 4   m 4 n
    5   m 9 o


Turn 30
================================================================
warning: entity 7 was directed to use 4 halite to move west, but only 0 halite was available
At command 2 of 5:
    1   m 0 w
>>> 2   m 7 w
    3   m 2 w
    4   m 4 o


Turn 36
================================================================
warning: entity 11 was directed to use 2 halite to move west, but only 0 halite was available
At command 3 of 6:
    1   m 4 e
    2   m 2 o
>>> 3   m 11 w
    4   m 0 s
    5   m 7 o


Turn 38
================================================================
warning: entity 0 was directed to use 1 halite to move north, but only 0 halite was available
At command 1 of 7:
>>> 1   m 0 n
    2   m 11 w
    3   m 4 e


Turn 40
================================================================
warning: entity 0 was directed to use 4 halite to move north, but only 3 halite was available
At command 5 of 8:
    3   m 7 o
    4   m 4 o
>>> 5   m 0 n
    6   m 11 o
    7   m 2 o


Turn 43
================================================================
warning: entity 14 was directed to use 3 halite to move north, but only 0 halite was available
At command 1 of 8:
>>> 1   m 14 n
    2   m 9 e
    3   m 2 s


Turn 45
================================================================
warning: entity 9 was directed to use 4 halite to move east, but only 0 halite was available
At command 1 of 8:
>>> 1   m 9 e
    2   m 14 o
    3   m 7 o


Turn 70
================================================================
warning: entity 2 was directed to use 3 halite to move south, but only 0 halite was available
At command 1 of 8:
>>> 1   m 2 s
    2   m 7 e
    3   m 9 n


Turn 73
================================================================
warning: entity 4 was directed to use 3 halite to move north, but only 0 halite was available
At command 1 of 8:
>>> 1   m 4 n
    2   m 7 o
    3   m 9 n


Turn 76
================================================================
warning: entity 4 was directed to use 4 halite to move west, but only 3 halite was available
At command 1 of 8:
>>> 1   m 4 w
    2   m 14 o
    3   m 7 n


Turn 80
================================================================
warning: entity 19 was directed to use 1 halite to move south, but only 0 halite was available
At command 3 of 9:
    1   m 4 s
    2   m 12 n
>>> 3   m 19 s
    4   m 2 n
    5   m 7 o

warning: entity 11 was directed to use 3 halite to move west, but only 2 halite was available
At command 8 of 9:
    6   m 9 o
    7   m 14 o
>>> 8   m 11 w
    9   m 0 s


Turn 84
================================================================
warning: entity 11 was directed to use 5 halite to move west, but only 3 halite was available
At command 3 of 9:
    1   m 2 e
    2   m 14 o
>>> 3   m 11 w
    4   m 0 n
    5   m 7 o


Turn 85
================================================================
warning: entity 0 was directed to use 1 halite to move north, but only 0 halite was available
At command 4 of 9:
    2   m 12 w
    3   m 14 o
>>> 4   m 0 n
    5   m 11 w
    6   m 7 o


Turn 86
================================================================
warning: entity 12 was directed to use 1 halite to move south, but only 0 halite was available
At command 2 of 10:
    1   m 2 o
>>> 2   m 12 s
    3   m 14 o
    4   m 11 w


Turn 91
================================================================
warning: entity 22 was directed to use 4 halite to move east, but only 0 halite was available
At command 8 of 12:
    6   m 7 o
    7   m 4 s
>>> 8   m 22 e
    9   m 11 o
    10   m 23 e


Turn 93
================================================================
warning: entity 23 was directed to use 2 halite to move north, but only 0 halite was available
At command 7 of 12:
    5   m 21 n
    6   m 7 o
>>> 7   m 23 n
    8   m 0 o
    9   m 4 o


Turn 94
================================================================
warning: entity 22 was directed to use 4 halite to move south, but only 3 halite was available
At command 3 of 12:
    1   m 19 s
    2   m 14 s
>>> 3   m 22 s
    4   m 21 e
    5   m 9 o

warning: entity 21 was directed to use 4 halite to move east, but only 0 halite was available
At command 4 of 12:
    2   m 14 s
    3   m 22 s
>>> 4   m 21 e
    5   m 9 o
    6   m 7 o


Turn 104
================================================================
warning: entity 9 was directed to use 3 halite to move west, but only 0 halite was available
At command 1 of 12:
>>> 1   m 9 w
    2   m 7 o
    3   m 19 o


Turn 108
================================================================
warning: entity 9 was directed to use 3 halite to move south, but only 1 halite was available
At command 3 of 12:
    1   m 11 e
    2   m 14 o
>>> 3   m 9 s
    4   m 4 e
    5   m 21 o


Turn 118
================================================================
warning: entity 11 was directed to use 2 halite to move west, but only 0 halite was available
At command 4 of 12:
    2   m 7 w
    3   m 4 o
>>> 4   m 11 w
    5   m 14 o
    6   m 2 s


Turn 125
================================================================
warning: entity 19 was directed to use 1 halite to move north, but only 0 halite was available
At command 4 of 12:
    2   m 7 s
    3   m 2 e
>>> 4   m 19 n
    5   m 23 o
    6   m 0 s


Turn 127
================================================================
warning: entity 2 was directed to use 2 halite to move east, but only 0 halite was available
At command 3 of 12:
    1   m 7 e
    2   m 12 e
>>> 3   m 2 e
    4   m 14 o
    5   m 19 n


Turn 128
================================================================
warning: entity 19 was directed to use 4 halite to move north, but only 2 halite was available
At command 5 of 12:
    3   m 7 n
    4   m 12 e
>>> 5   m 19 n
    6   m 4 o
    7   m 2 n


Turn 129
================================================================
warning: entity 7 was directed to use 1 halite to move north, but only 0 halite was available
At command 2 of 12:
    1   m 21 o
>>> 2   m 7 n
    3   m 2 n
    4   m 12 e


Turn 130
================================================================
warning: entity 2 was directed to use 4 halite to move north, but only 1 halite was available
At command 1 of 12:
>>> 1   m 2 n
    2   m 19 e
    3   m 11 o


Turn 133
================================================================
warning: entity 19 was directed to use 4 halite to move east, but only 0 halite was available
At command 1 of 12:
>>> 1   m 19 e
    2   m 2 e
    3   m 7 e

warning: entity 22 was directed to use 1 halite to move south, but only 0 halite was available
At command 5 of 12:
    3   m 7 e
    4   m 21 o
>>> 5   m 22 s
    6   m 4 e
    7   m 12 n


Turn 134
================================================================
warning: entity 7 was directed to use 4 halite to move north, but only 3 halite was available
At command 2 of 12:
    1   m 2 n
>>> 2   m 7 n
    3   m 4 n
    4   m 12 o


Turn 135
================================================================
warning: entity 2 was directed to use 4 halite to move east, but only 0 halite was available
At command 1 of 12:
>>> 1   m 2 e
    2   m 21 s
    3   m 4 n

warning: entity 22 was directed to use 4 halite to move north, but only 3 halite was available
At command 6 of 12:
    4   m 19 n
    5   m 9 w
>>> 6   m 22 n
    7   m 7 n
    8   m 12 o


Turn 136
================================================================
warning: entity 4 was directed to use 1 halite to move north, but only 0 halite was available
At command 4 of 12:
    2   m 9 o
    3   m 21 s
>>> 4   m 4 n
    5   m 23 w
    6   m 0 s


Turn 137
================================================================
warning: entity 0 was directed to use 1 halite to move west, but only 0 halite was available
At command 3 of 11:
    1   m 21 s
    2   m 2 n
>>> 3   m 0 w
    4   m 14 e
    5   m 22 o


Turn 138
================================================================
warning: entity 7 was directed to use 4 halite to move north, but only 3 halite was available
At command 6 of 11:
    4   m 14 e
    5   m 4 n
>>> 6   m 7 n
    7   m 0 s
    8   m 22 o


Turn 139
================================================================
warning: entity 4 was directed to use 3 halite to move north, but only 0 halite was available
At command 3 of 11:
    1   m 2 o
    2   m 14 e
>>> 3   m 4 n
    4   m 0 o
    5   m 21 s


Turn 142
================================================================
warning: entity 4 was directed to use 4 halite to move north, but only 3 halite was available
At command 1 of 11:
>>> 1   m 4 n
    2   m 7 o
    3   m 14 e


Turn 146
================================================================
warning: entity 21 was directed to use 4 halite to move west, but only 0 halite was available
At command 1 of 11:
>>> 1   m 21 w
    2   m 12 n
    3   m 0 o


Turn 149
================================================================
warning: entity 14 was directed to use 4 halite to move west, but only 0 halite was available
At command 5 of 11:
    3   m 4 n
    4   m 12 o
>>> 5   m 14 w
    6   m 21 o
    7   m 0 o


Turn 153
================================================================
warning: entity 12 was directed to use 3 halite to move west, but only 0 halite was available
At command 2 of 11:
    1   m 14 o
>>> 2   m 12 w
    3   m 22 s
    4   m 11 o


Turn 156
================================================================
warning: entity 12 was directed to use 4 halite to move west, but only 3 halite was available
At command 1 of 11:
>>> 1   m 12 w
    2   m 9 n
    3   m 11 s

warning: entity 11 was directed to use 3 halite to move south, but only 0 halite was available
At command 3 of 11:
    1   m 12 w
    2   m 9 n
>>> 3   m 11 s
    4   m 21 o
    5   m 4 o


Turn 158
================================================================
warning: entity 9 was directed to use 2 halite to move north, but only 0 halite was available
At command 1 of 11:
>>> 1   m 9 n
    2   m 11 s
    3   m 21 o


Turn 159
================================================================
warning: entity 11 was directed to use 4 halite to move south, but only 3 halite was available
At command 1 of 11:
>>> 1   m 11 s
    2   m 12 n
    3   m 22 o


Turn 161
================================================================
warning: entity 9 was directed to use 4 halite to move north, but only 1 halite was available
At command 2 of 11:
    1   m 2 w
>>> 2   m 9 n
    3   m 0 o
    4   m 11 w


Turn 165
================================================================
warning: entity 9 was directed to use 4 halite to move west, but only 3 halite was available
At command 4 of 11:
    2   m 22 n
    3   m 12 o
>>> 4   m 9 w
    5   m 0 w
    6   m 21 o


Turn 170
================================================================
warning: entity 22 was directed to use 2 halite to move south, but only 0 halite was available
At command 2 of 11:
    1   m 21 e
>>> 2   m 22 s
    3   m 2 s
    4   m 11 w


Turn 173
================================================================
warning: entity 22 was directed to use 4 halite to move south, but only 2 halite was available
At command 4 of 11:
    2   m 2 n
    3   m 0 o
>>> 4   m 22 s
    5   m 7 w
    6   m 19 s


Turn 175
================================================================
warning: entity 2 was directed to use 4 halite to move west, but only 0 halite was available
At command 2 of 11:
    1   m 21 e
>>> 2   m 2 w
    3   m 19 w
    4   m 22 s


Turn 178
================================================================
warning: entity 22 was directed to use 3 halite to move south, but only 0 halite was available
At command 5 of 11:
    3   m 9 o
    4   m 12 o
>>> 5   m 22 s
    6   m 2 o
    7   m 7 s


Turn 180
================================================================
warning: entity 21 was directed to use 1 halite to move south, but only 0 halite was available
At command 2 of 11:
    1   m 19 s
>>> 2   m 21 s
    3   m 22 s
    4   m 14 o


Turn 181
================================================================
warning: entity 22 was directed to use 3 halite to move west, but only 2 halite was available
At command 2 of 11:
    1   m 19 o
>>> 2   m 22 w
    3   m 7 s
    4   m 11 o


Turn 183
================================================================
warning: entity 21 was directed to use 4 halite to move east, but only 0 halite was available
At command 5 of 11:
    3   m 0 e
    4   m 22 o
>>> 5   m 21 e
    6   m 12 w
    7   m 14 o


Turn 191
================================================================
warning: entity 19 was directed to use 1 halite to move south, but only 0 halite was available
At command 1 of 11:
>>> 1   m 19 s
    2   m 7 s
    3   m 11 o


Turn 194
================================================================
warning: entity 7 was directed to use 1 halite to move west, but only 0 halite was available
At command 2 of 11:
    1   m 4 s
>>> 2   m 7 w
    3   m 19 s
    4   m 11 e

warning: entity 19 was directed to use 3 halite to move south, but only 1 halite was available
At command 3 of 11:
    1   m 4 s
    2   m 7 w
>>> 3   m 19 s
    4   m 11 e
    5   m 12 e


Turn 197
================================================================
warning: entity 7 was directed to use 3 halite to move west, but only 0 halite was available
At command 3 of 11:
    1   m 14 e
    2   m 11 n
>>> 3   m 7 w
    4   m 0 n
    5   m 19 w


Turn 198
================================================================
warning: entity 19 was directed to use 3 halite to move south, but only 2 halite was available
At command 3 of 11:
    1   m 14 s
    2   m 11 o
>>> 3   m 19 s
    4   m 9 o
    5   m 0 n


Turn 201
================================================================
warning: entity 7 was directed to use 3 halite to move north, but only 0 halite was available
At command 1 of 11:
>>> 1   m 7 n
    2   m 11 n
    3   m 19 s

warning: entity 0 was directed to use 3 halite to move south, but only 0 halite was available
At command 6 of 11:
    4   m 12 s
    5   m 14 s
>>> 6   m 0 s
    7   m 4 s
    8   m 21 o


Turn 202
================================================================
warning: entity 19 was directed to use 2 halite to move south, but only 1 halite was available
At command 3 of 11:
    1   m 4 s
    2   m 2 o
>>> 3   m 19 s
    4   m 12 s
    5   m 11 n


Turn 206
================================================================
warning: entity 4 was directed to use 1 halite to move north, but only 0 halite was available
At command 2 of 11:
    1   m 9 e
>>> 2   m 4 n
    3   m 22 e
    4   m 19 w

warning: entity 19 was directed to use 4 halite to move west, but only 0 halite was available
At command 4 of 11:
    2   m 4 n
    3   m 22 e
>>> 4   m 19 w
    5   m 11 e
    6   m 14 o


Turn 208
================================================================
warning: entity 11 was directed to use 3 halite to move south, but only 0 halite was available
At command 5 of 11:
    3   m 19 o
    4   m 14 o
>>> 5   m 11 s
    6   m 4 w
    7   m 21 o


Turn 209
================================================================
warning: entity 4 was directed to use 2 halite to move west, but only 0 halite was available
At command 6 of 11:
    4   m 0 o
    5   m 22 e
>>> 6   m 4 w
    7   m 19 o
    8   m 14 o


Turn 212
================================================================
warning: entity 4 was directed to use 4 halite to move north, but only 2 halite was available
At command 2 of 11:
    1   m 22 n
>>> 2   m 4 n
    3   m 11 s
    4   m 12 n

warning: entity 11 was directed to use 2 halite to move south, but only 0 halite was available
At command 3 of 11:
    1   m 22 n
    2   m 4 n
>>> 3   m 11 s
    4   m 12 n
    5   m 14 s


Turn 213
================================================================
warning: entity 12 was directed to use 3 halite to move north, but only 0 halite was available
At command 1 of 11:
>>> 1   m 12 n
    2   m 14 n
    3   m 9 o


Turn 215
================================================================
warning: entity 11 was directed to use 4 halite to move south, but only 2 halite was available
At command 1 of 11:
>>> 1   m 11 s
    2   m 2 e
    3   m 4 n


Turn 217
================================================================
warning: entity 12 was directed to use 3 halite to move north, but only 0 halite was available
At command 1 of 11:
>>> 1   m 12 n
    2   m 14 n
    3   m 11 e


Turn 218
================================================================
warning: entity 14 was directed to use 2 halite to move east, but only 0 halite was available
At command 1 of 11:
>>> 1   m 14 e
    2   m 4 n
    3   m 21 o


Turn 221
================================================================
warning: entity 12 was directed to use 4 halite to move north, but only 0 halite was available
At command 2 of 11:
    1   m 0 s
>>> 2   m 12 n
    3   m 14 n
    4   m 9 w

warning: entity 14 was directed to use 4 halite to move north, but only 2 halite was available
At command 3 of 11:
    1   m 0 s
    2   m 12 n
>>> 3   m 14 n
    4   m 9 w
    5   m 22 n

warning: entity 9 was directed to use 4 halite to move west, but only 0 halite was available
At command 4 of 11:
    2   m 12 n
    3   m 14 n
>>> 4   m 9 w
    5   m 22 n
    6   m 4 o


Turn 225
================================================================
warning: entity 12 was directed to use 4 halite to move east, but only 0 halite was available
At command 3 of 11:
    1   m 21 o
    2   m 9 w
>>> 3   m 12 e
    4   m 2 s
    5   m 7 o


Turn 226
================================================================
warning: entity 9 was directed to use 3 halite to move west, but only 1 halite was available
At command 1 of 11:
>>> 1   m 9 w
    2   m 2 s
    3   m 22 w


Turn 228
================================================================
warning: entity 22 was directed to use 3 halite to move north, but only 0 halite was available
At command 8 of 11:
    6   m 12 o
    7   m 2 s
>>> 8   m 22 n
    9   m 7 o
    10   m 11 o


Turn 229
================================================================
warning: entity 21 was directed to use 2 halite to move south, but only 0 halite was available
At command 3 of 11:
    1   m 0 s
    2   m 9 w
>>> 3   m 21 s
    4   m 14 n
    5   m 4 w


Turn 230
================================================================
warning: entity 9 was directed to use 4 halite to move west, but only 0 halite was available
At command 2 of 11:
    1   m 0 w
>>> 2   m 9 w
    3   m 14 n
    4   m 22 w


Turn 232
================================================================
warning: entity 22 was directed to use 3 halite to move north, but only 0 halite was available
At command 7 of 11:
    5   m 0 o
    6   m 9 w
>>> 7   m 22 n
    8   m 7 e
    9   m 11 o


Turn 233
================================================================
warning: entity 21 was directed to use 3 halite to move east, but only 0 halite was available
At command 2 of 11:
    1   m 19 o
>>> 2   m 21 e
    3   m 2 s
    4   m 14 n


Turn 236
================================================================
warning: entity 21 was directed to use 4 halite to move south, but only 3 halite was available
At command 3 of 11:
    1   m 2 w
    2   m 7 s
>>> 3   m 21 s
    4   m 19 o
    5   m 22 w

warning: entity 22 was directed to use 4 halite to move west, but only 0 halite was available
At command 5 of 11:
    3   m 21 s
    4   m 19 o
>>> 5   m 22 w
    6   m 14 o
    7   m 0 w


Turn 237
================================================================
warning: entity 2 was directed to use 2 halite to move north, but only 0 halite was available
At command 1 of 11:
>>> 1   m 2 n
    2   m 7 s
    3   m 12 o


Turn 241
================================================================
warning: entity 2 was directed to use 4 halite to move west, but only 1 halite was available
At command 2 of 11:
    1   m 9 w
>>> 2   m 2 w
    3   m 7 s
    4   m 12 w


Turn 246
================================================================
warning: entity 7 was directed to use 2 halite to move west, but only 0 halite was available
At command 2 of 11:
    1   m 19 n
>>> 2   m 7 w
    3   m 0 e
    4   m 21 o


Turn 250
================================================================
warning: entity 7 was directed to use 2 halite to move west, but only 0 halite was available
At command 6 of 11:
    4   m 2 w
    5   m 9 o
>>> 6   m 7 w
    7   m 19 n
    8   m 21 o


Turn 254
================================================================
warning: entity 7 was directed to use 3 halite to move north, but only 0 halite was available
At command 5 of 11:
    3   m 12 e
    4   m 11 o
>>> 5   m 7 n
    6   m 22 w
    7   m 19 o


Turn 258
================================================================
warning: entity 12 was directed to use 3 halite to move east, but only 0 halite was available
At command 6 of 11:
    4   m 11 s
    5   m 14 w
>>> 6   m 12 e
    7   m 7 n
    8   m 9 o


Turn 259
================================================================
warning: entity 19 was directed to use 2 halite to move north, but only 0 halite was available
At command 8 of 11:
    6   m 7 w
    7   m 2 o
>>> 8   m 19 n
    9   m 12 e
    10   m 9 o


Turn 260
================================================================
warning: entity 11 was directed to use 1 halite to move south, but only 0 halite was available
At command 2 of 11:
    1   m 4 s
>>> 2   m 11 s
    3   m 12 e
    4   m 7 o


Turn 262
================================================================
warning: entity 19 was directed to use 3 halite to move north, but only 1 halite was available
At command 3 of 11:
    1   m 0 s
    2   m 4 s
>>> 3   m 19 n
    4   m 14 s
    5   m 12 e

warning: entity 12 was directed to use 5 halite to move east, but only 0 halite was available
At command 5 of 11:
    3   m 19 n
    4   m 14 s
>>> 5   m 12 e
    6   m 11 e
    7   m 21 o

warning: entity 11 was directed to use 4 halite to move east, but only 3 halite was available
At command 6 of 11:
    4   m 14 s
    5   m 12 e
>>> 6   m 11 e
    7   m 21 o
    8   m 7 o


Turn 264
================================================================
warning: entity 0 was directed to use 1 halite to move east, but only 0 halite was available
At command 3 of 11:
    1   m 14 s
    2   m 19 w
>>> 3   m 0 e
    4   m 12 e
    5   m 11 s


Turn 266
================================================================
warning: entity 19 was directed to use 3 halite to move north, but only 2 halite was available
At command 6 of 11:
    4   m 12 n
    5   m 11 e
>>> 6   m 19 n
    7   m 14 s
    8   m 7 w


Turn 267
================================================================
warning: entity 12 was directed to use 4 halite to move north, but only 0 halite was available
At command 1 of 11:
>>> 1   m 12 n
    2   m 11 e
    3   m 0 e

warning: entity 0 was directed to use 3 halite to move east, but only 0 halite was available
At command 3 of 11:
    1   m 12 n
    2   m 11 e
>>> 3   m 0 e
    4   m 14 s
    5   m 2 w


Turn 268
================================================================
warning: entity 11 was directed to use 5 halite to move south, but only 0 halite was available
At command 1 of 11:
>>> 1   m 11 s
    2   m 14 s
    3   m 22 w


Turn 270
================================================================
warning: entity 0 was directed to use 5 halite to move east, but only 4 halite was available
At command 7 of 11:
    5   m 21 n
    6   m 11 s
>>> 7   m 0 e
    8   m 12 e
    9   m 9 o

warning: entity 12 was directed to use 4 halite to move east, but only 3 halite was available
At command 8 of 11:
    6   m 11 s
    7   m 0 e
>>> 8   m 12 e
    9   m 9 o
    10   m 4 e


Turn 271
================================================================
warning: entity 19 was directed to use 5 halite to move north, but only 2 halite was available
At command 6 of 11:
    4   m 21 n
    5   m 14 s
>>> 6   m 19 n
    7   m 4 n
    8   m 0 s

warning: entity 4 was directed to use 2 halite to move north, but only 0 halite was available
At command 7 of 11:
    5   m 14 s
    6   m 19 n
>>> 7   m 4 n
    8   m 0 s
    9   m 12 n


Turn 272
================================================================
warning: entity 11 was directed to use 4 halite to move east, but only 0 halite was available
At command 2 of 11:
    1   m 2 n
>>> 2   m 11 e
    3   m 14 n
    4   m 21 n


Turn 274
================================================================
warning: entity 4 was directed to use 3 halite to move east, but only 1 halite was available
At command 5 of 11:
    3   m 12 o
    4   m 9 o
>>> 5   m 4 e
    6   m 21 n
    7   m 22 o


Turn 275
================================================================
warning: entity 14 was directed to use 3 halite to move west, but only 0 halite was available
At command 1 of 11:
>>> 1   m 14 w
    2   m 19 o
    3   m 21 n


Turn 278
================================================================
warning: entity 4 was directed to use 4 halite to move north, but only 2 halite was available
At command 4 of 11:
    2   m 14 n
    3   m 22 o
>>> 4   m 4 n
    5   m 7 n
    6   m 2 w


Turn 280
================================================================
warning: entity 14 was directed to use 2 halite to move north, but only 1 halite was available
At command 4 of 10:
    2   m 21 e
    3   m 0 o
>>> 4   m 14 n
    5   m 7 o
    6   m 4 n


Turn 281
================================================================
warning: entity 21 was directed to use 2 halite to move north, but only 0 halite was available
At command 2 of 10:
    1   m 2 n
>>> 2   m 21 n
    3   m 4 e
    4   m 0 o


Turn 283
================================================================
warning: entity 14 was directed to use 4 halite to move west, but only 3 halite was available
At command 3 of 10:
    1   m 2 n
    2   m 12 o
>>> 3   m 14 w
    4   m 4 e
    5   m 21 e

warning: entity 4 was directed to use 3 halite to move east, but only 0 halite was available
At command 4 of 10:
    2   m 12 o
    3   m 14 w
>>> 4   m 4 e
    5   m 21 e
    6   m 11 o


Turn 284
================================================================
warning: entity 21 was directed to use 3 halite to move east, but only 0 halite was available
At command 2 of 10:
    1   m 2 n
>>> 2   m 21 e
    3   m 12 o
    4   m 14 w


Turn 286
================================================================
warning: entity 4 was directed to use 4 halite to move north, but only 2 halite was available
At command 4 of 11:
    2   m 14 w
    3   m 2 o
>>> 4   m 4 n
    5   m 22 o
    6   m 12 o


Turn 288
================================================================
warning: entity 21 was directed to use 3 halite to move east, but only 0 halite was available
At command 1 of 11:
>>> 1   m 21 e
    2   m 0 o
    3   m 14 n

warning: entity 14 was directed to use 4 halite to move north, but only 3 halite was available
At command 3 of 11:
    1   m 21 e
    2   m 0 o
>>> 3   m 14 n
    4   m 4 o
    5   m 7 o


Turn 293
================================================================
warning: entity 14 was directed to use 4 halite to move west, but only 1 halite was available
At command 1 of 11:
>>> 1   m 14 w
    2   m 7 o
    3   m 22 o


Turn 310
================================================================
warning: entity 12 was directed to use 3 halite to move east, but only 0 halite was available
At command 8 of 11:
    6   m 11 w
    7   m 14 o
>>> 8   m 12 e
    9   m 4 w
    10   m 9 w


Turn 311
================================================================
warning: entity 11 was directed to use 1 halite to move west, but only 0 halite was available
At command 4 of 11:
    2   m 19 s
    3   m 22 s
>>> 4   m 11 w
    5   m 2 o
    6   m 4 o


Turn 314
================================================================
warning: entity 7 was directed to use 2 halite to move north, but only 0 halite was available
At command 1 of 11:
>>> 1   m 7 n
    2   m 12 e
    3   m 9 w

warning: entity 12 was directed to use 4 halite to move east, but only 3 halite was available
At command 2 of 11:
    1   m 7 n
>>> 2   m 12 e
    3   m 9 w
    4   m 0 s

warning: entity 11 was directed to use 3 halite to move south, but only 0 halite was available
At command 7 of 11:
    5   m 22 s
    6   m 2 o
>>> 7   m 11 s
    8   m 4 w
    9   m 21 o


Turn 316
================================================================
warning: entity 0 was directed to use 3 halite to move east, but only 0 halite was available
At command 2 of 11:
    1   m 19 n
>>> 2   m 0 e
    3   m 22 s
    4   m 4 w


Turn 317
================================================================
warning: entity 11 was directed to use 3 halite to move west, but only 2 halite was available
At command 4 of 11:
    2   m 22 s
    3   m 4 w
>>> 4   m 11 w
    5   m 19 n
    6   m 7 w

warning: entity 7 was directed to use 3 halite to move west, but only 1 halite was available
At command 6 of 11:
    4   m 11 w
    5   m 19 n
>>> 6   m 7 w
    7   m 12 s
    8   m 14 o


Turn 318
================================================================
warning: entity 19 was directed to use 1 halite to move west, but only 0 halite was available
At command 5 of 11:
    3   m 22 w
    4   m 4 w
>>> 5   m 19 w
    6   m 0 s
    7   m 9 n


Turn 321
================================================================
warning: entity 22 was directed to use 2 halite to move south, but only 0 halite was available
At command 2 of 11:
    1   m 2 s
>>> 2   m 22 s
    3   m 4 s
    4   m 19 n

warning: entity 19 was directed to use 2 halite to move north, but only 0 halite was available
At command 4 of 11:
    2   m 22 s
    3   m 4 s
>>> 4   m 19 n
    5   m 21 o
    6   m 0 e

warning: entity 0 was directed to use 3 halite to move east, but only 0 halite was available
At command 6 of 11:
    4   m 19 n
    5   m 21 o
>>> 6   m 0 e
    7   m 7 w
    8   m 11 s

warning: entity 11 was directed to use 4 halite to move south, but only 2 halite was available
At command 8 of 11:
    6   m 0 e
    7   m 7 w
>>> 8   m 11 s
    9   m 9 n
    10   m 12 o


Turn 322
================================================================
warning: entity 7 was directed to use 3 halite to move north, but only 1 halite was available
At command 3 of 11:
    1   m 2 s
    2   m 4 s
>>> 3   m 7 n
    4   m 9 n
    5   m 22 s


Turn 324
================================================================
warning: entity 19 was directed to use 4 halite to move west, but only 2 halite was available
At command 6 of 11:
    4   m 2 s
    5   m 11 s
>>> 6   m 19 w
    7   m 12 o
    8   m 7 w


Turn 325
================================================================
warning: entity 22 was directed to use 2 halite to move west, but only 0 halite was available
At command 5 of 11:
    3   m 14 e
    4   m 4 s
>>> 5   m 22 w
    6   m 2 s
    7   m 11 w


Turn 326
================================================================
warning: entity 11 was directed to use 3 halite to move west, but only 2 halite was available
At command 3 of 11:
    1   m 9 n
    2   m 2 s
>>> 3   m 11 w
    4   m 4 s
    5   m 0 s

warning: entity 7 was directed to use 4 halite to move north, but only 0 halite was available
At command 6 of 11:
    4   m 4 s
    5   m 0 s
>>> 6   m 7 n
    7   m 19 n
    8   m 14 o


Turn 328
================================================================
warning: entity 0 was directed to use 4 halite to move east, but only 1 halite was available
At command 1 of 11:
>>> 1   m 0 e
    2   m 2 s
    3   m 4 s

warning: entity 22 was directed to use 5 halite to move west, but only 3 halite was available
At command 8 of 11:
    6   m 11 w
    7   m 7 w
>>> 8   m 22 w
    9   m 14 o
    10   m 12 o


Turn 330
================================================================
warning: entity 7 was directed to use 4 halite to move north, but only 3 halite was available
At command 1 of 11:
>>> 1   m 7 n
    2   m 9 n
    3   m 11 s

warning: entity 11 was directed to use 4 halite to move south, but only 1 halite was available
At command 3 of 11:
    1   m 7 n
    2   m 9 n
>>> 3   m 11 s
    4   m 2 s
    5   m 19 n

warning: entity 19 was directed to use 2 halite to move north, but only 0 halite was available
At command 5 of 11:
    3   m 11 s
    4   m 2 s
>>> 5   m 19 n
    6   m 21 w
    7   m 0 e


Turn 333
================================================================
warning: entity 22 was directed to use 4 halite to move west, but only 3 halite was available
At command 5 of 11:
    3   m 7 n
    4   m 2 o
>>> 5   m 22 w
    6   m 9 e
    7   m 14 e


Turn 334
================================================================
warning: entity 4 was directed to use 3 halite to move south, but only 0 halite was available
At command 5 of 11:
    3   m 9 s
    4   m 21 o
>>> 5   m 4 s
    6   m 19 o
    7   m 2 s


Turn 335
================================================================
warning: entity 7 was directed to use 3 halite to move west, but only 1 halite was available
At command 1 of 11:
>>> 1   m 7 w
    2   m 9 e
    3   m 22 s


Turn 336
================================================================
warning: entity 9 was directed to use 2 halite to move south, but only 0 halite was available
At command 1 of 11:
>>> 1   m 9 s
    2   m 4 s
    3   m 22 w


Turn 338
================================================================
warning: entity 4 was directed to use 2 halite to move south, but only 1 halite was available
At command 1 of 11:
>>> 1   m 4 s
    2   m 22 o
    3   m 9 s


Turn 340
================================================================
warning: entity 2 was directed to use 3 halite to move east, but only 2 halite was available
At command 3 of 11:
    1   m 14 e
    2   m 4 s
>>> 3   m 2 e
    4   m 7 n
    5   m 9 e

warning: entity 9 was directed to use 3 halite to move east, but only 0 halite was available
At command 5 of 11:
    3   m 2 e
    4   m 7 n
>>> 5   m 9 e
    6   m 22 o
    7   m 21 o


Turn 342
================================================================
warning: entity 4 was directed to use 4 halite to move south, but only 1 halite was available
At command 1 of 11:
>>> 1   m 4 s
    2   m 7 n
    3   m 9 s


Turn 344
================================================================
warning: entity 9 was directed to use 4 halite to move east, but only 1 halite was available
At command 2 of 11:
    1   m 7 n
>>> 2   m 9 e
    3   m 14 s
    4   m 2 s

warning: entity 2 was directed to use 4 halite to move south, but only 2 halite was available
At command 4 of 11:
    2   m 9 e
    3   m 14 s
>>> 4   m 2 s
    5   m 4 w
    6   m 21 o


Turn 346
================================================================
warning: entity 7 was directed to use 4 halite to move north, but only 0 halite was available
At command 1 of 11:
>>> 1   m 7 n
    2   m 12 w
    3   m 4 s


Turn 347
================================================================
warning: entity 4 was directed to use 4 halite to move south, but only 2 halite was available
At command 3 of 11:
    1   m 12 w
    2   m 9 s
>>> 3   m 4 s
    4   m 0 o
    5   m 22 o


Turn 348
================================================================
warning: entity 9 was directed to use 3 halite to move south, but only 2 halite was available
At command 3 of 11:
    1   m 12 w
    2   m 2 s
>>> 3   m 9 s
    4   m 7 n
    5   m 14 s


Turn 351
================================================================
warning: entity 4 was directed to use 4 halite to move west, but only 2 halite was available
At command 4 of 10:
    2   m 14 s
    3   m 2 e
>>> 4   m 4 w
    5   m 9 o
    6   m 19 o


Turn 353
================================================================
warning: entity 2 was directed to use 4 halite to move east, but only 3 halite was available
At command 2 of 10:
    1   m 12 n
>>> 2   m 2 e
    3   m 11 o
    4   m 14 s


Turn 355
================================================================
warning: entity 14 was directed to use 2 halite to move south, but only 0 halite was available
At command 3 of 10:
    1   m 21 w
    2   m 11 e
>>> 3   m 14 s
    4   m 12 n
    5   m 19 e


Turn 357
================================================================
warning: entity 7 was directed to use 19 halite to move west, but only 7 halite was available
At command 7 of 11:
    5   m 11 n
    6   m 14 n
>>> 7   m 7 w
    8   m 2 w
    9   m 19 s


Turn 358
================================================================
warning: owned entities 14, 12 collided on cell (23, 16) as the result of moves on this turn
At command 6 of 11:
    4   m 19 s
    5   m 11 n
>>> 6   m 14 n
    7   m 9 n
    8   m 2 n


Turn 360
================================================================
warning: owned entities 2, 0 collided on cell (27, 22) as the result of moves on this turn
At command 6 of 9:
    4   m 7 w
    5   m 11 n
>>> 6   m 2 n
    7   m 22 e
    8   m 0 w

Other commands that placed an entity on this cell:
    6   m 2 n
    7   m 22 e
>>> 8   m 0 w
    9   m 21 s


Turn 362
================================================================
warning: entity 7 was directed to use 28 halite to move west, but only 6 halite was available
At command 3 of 7:
    1   m 4 n
    2   m 22 n
>>> 3   m 7 w
    4   m 19 s
    5   m 9 n


Turn 365
================================================================
warning: entity 7 was directed to use 29 halite to move north, but only 7 halite was available
At command 6 of 7:
    4   m 19 s
    5   m 22 n
>>> 6   m 7 n
    7   m 21 w


Turn 368
================================================================
warning: entity 7 was directed to use 49 halite to move west, but only 19 halite was available
At command 4 of 7:
    2   m 11 n
    3   m 22 n
>>> 4   m 7 w
    5   m 19 s
    6   m 21 s

warning: owned entities 9, 11, 19 collided on cell (23, 16) as the result of moves on this turn
At command 1 of 7:
>>> 1   m 9 w
    2   m 11 n
    3   m 22 n

Other commands that placed an entity on this cell:
    1   m 9 w
>>> 2   m 11 n
    3   m 22 n
    4   m 7 w

    3   m 22 n
    4   m 7 w
>>> 5   m 19 s
    6   m 21 s
    7   m 4 n


Turn 372
================================================================
warning: owned entities 4, 21 collided on cell (23, 16) as the result of moves on this turn
At command 2 of 4:
    1   m 22 n
>>> 2   m 4 n
    3   m 7 n
    4   m 21 o


Turn 374
================================================================
warning: entity 7 was directed to use 24 halite to move west, but only 5 halite was available
At command 2 of 2:
    1   m 22 n
>>> 2   m 7 w


Turn 383
================================================================
warning: entity 7 was directed to use 5 halite to move west, but only 3 halite was available
At command 1 of 2:
>>> 1   m 7 w
    2   m 22 o


Turn 387
================================================================
warning: entity 7 was directed to use 7 halite to move west, but only 3 halite was available
At command 1 of 2:
>>> 1   m 7 w
    2   m 22 o


Turn 389
================================================================
warning: entity 7 was directed to use 23 halite to move west, but only 18 halite was available
At command 1 of 2:
>>> 1   m 7 w
    2   m 22 o


Turn 395
================================================================
warning: owned entities 7, 22 collided on cell (23, 16) as the result of moves on this turn
At command 1 of 2:
>>> 1   m 7 w
    2   m 22 o

