
Turn 29
================================================================
warning: entity 0 was directed to use 2 halite to move north, but only 0 halite was available
At command 1 of 5:
>>> 1   m 0 n
    2   m 6 o
    3   m 2 o


Turn 39
================================================================
warning: entity 8 was directed to use 3 halite to move north, but only 0 halite was available
At command 1 of 5:
>>> 1   m 8 n
    2   m 6 n
    3   m 2 n


Turn 41
================================================================
warning: entity 2 was directed to use 4 halite to move east, but only 0 halite was available
At command 3 of 6:
    1   m 8 s
    2   m 4 o
>>> 3   m 2 e
    4   m 6 o
    5   m 0 n


Turn 43
================================================================
warning: entity 11 was directed to use 4 halite to move north, but only 0 halite was available
At command 3 of 7:
    1   m 8 o
    2   m 2 s
>>> 3   m 11 n
    4   m 0 o
    5   m 4 o


Turn 45
================================================================
warning: entity 13 was directed to use 2 halite to move north, but only 0 halite was available
At command 2 of 7:
    1   m 4 n
>>> 2   m 13 n
    3   m 2 o
    4   m 6 o


Turn 47
================================================================
warning: entity 4 was directed to use 1 halite to move east, but only 0 halite was available
At command 3 of 8:
    1   m 8 o
    2   m 6 o
>>> 3   m 4 e
    4   m 13 n
    5   m 2 o

warning: entity 11 was directed to use 4 halite to move south, but only 1 halite was available
At command 6 of 8:
    4   m 13 n
    5   m 2 o
>>> 6   m 11 s
    7   m 0 w
    8   g


Turn 48
================================================================
warning: entity 13 was directed to use 4 halite to move north, but only 2 halite was available
At command 5 of 8:
    3   m 6 o
    4   m 4 w
>>> 5   m 13 n
    6   m 2 o
    7   m 0 n


Turn 49
================================================================
warning: entity 14 was directed to use 3 halite to move east, but only 0 halite was available
At command 2 of 8:
    1   m 4 o
>>> 2   m 14 e
    3   m 0 n
    4   m 11 o


Turn 73
================================================================
warning: entity 6 was directed to use 2 halite to move east, but only 0 halite was available
At command 1 of 8:
>>> 1   m 6 e
    2   m 4 o
    3   m 8 s


Turn 76
================================================================
warning: entity 6 was directed to use 3 halite to move south, but only 1 halite was available
At command 2 of 8:
    1   m 14 w
>>> 2   m 6 s
    3   m 4 o
    4   m 11 s


Turn 82
================================================================
warning: entity 0 was directed to use 1 halite to move west, but only 0 halite was available
At command 1 of 9:
>>> 1   m 0 w
    2   m 11 s
    3   m 4 w


Turn 84
================================================================
warning: entity 16 was directed to use 3 halite to move south, but only 0 halite was available
At command 1 of 9:
>>> 1   m 16 s
    2   m 14 s
    3   m 4 w


Turn 85
================================================================
warning: entity 0 was directed to use 3 halite to move west, but only 0 halite was available
At command 4 of 9:
    2   m 4 w
    3   m 16 s
>>> 4   m 0 w
    5   m 11 s
    6   m 8 o


Turn 88
================================================================
warning: entity 0 was directed to use 4 halite to move west, but only 3 halite was available
At command 5 of 9:
    3   m 16 o
    4   m 6 o
>>> 5   m 0 w
    6   m 11 o
    7   m 8 e


Turn 93
================================================================
warning: entity 2 was directed to use 2 halite to move north, but only 0 halite was available
At command 8 of 10:
    6   m 6 o
    7   m 4 n
>>> 8   m 2 n
    9   m 13 o
    10   g


Turn 96
================================================================
warning: entity 18 was directed to use 4 halite to move north, but only 0 halite was available
At command 3 of 10:
    1   m 16 o
    2   m 4 o
>>> 3   m 18 n
    4   m 8 o
    5   m 14 s


Turn 106
================================================================
warning: entity 6 was directed to use 1 halite to move south, but only 0 halite was available
At command 1 of 11:
>>> 1   m 6 s
    2   m 18 n
    3   m 16 o


Turn 108
================================================================
warning: entity 22 was directed to use 2 halite to move north, but only 0 halite was available
At command 7 of 11:
    5   m 8 o
    6   m 4 o
>>> 7   m 22 n
    8   m 0 w
    9   m 11 w


Turn 109
================================================================
warning: entity 6 was directed to use 2 halite to move south, but only 0 halite was available
At command 1 of 11:
>>> 1   m 6 s
    2   m 18 o
    3   m 14 o


Turn 111
================================================================
warning: entity 22 was directed to use 4 halite to move north, but only 1 halite was available
At command 6 of 11:
    4   m 11 o
    5   m 0 o
>>> 6   m 22 n
    7   m 2 o
    8   m 13 s


Turn 112
================================================================
warning: entity 6 was directed to use 4 halite to move east, but only 1 halite was available
At command 3 of 11:
    1   m 8 n
    2   m 16 e
>>> 3   m 6 e
    4   m 18 o
    5   m 11 n


Turn 118
================================================================
warning: entity 8 was directed to use 1 halite to move west, but only 0 halite was available
At command 4 of 11:
    2   m 18 o
    3   m 4 w
>>> 4   m 8 w
    5   m 14 e
    6   m 22 n


Turn 120
================================================================
warning: entity 24 was directed to use 1 halite to move south, but only 0 halite was available
At command 8 of 10:
    6   m 4 w
    7   m 14 e
>>> 8   m 24 s
    9   m 13 s
    10   m 2 o


Turn 121
================================================================
warning: entity 8 was directed to use 2 halite to move west, but only 0 halite was available
At command 4 of 10:
    2   m 4 w
    3   m 14 e
>>> 4   m 8 w
    5   m 22 w
    6   m 11 n


Turn 122
================================================================
warning: entity 13 was directed to use 1 halite to move west, but only 0 halite was available
At command 9 of 11:
    7   m 18 o
    8   m 24 n
>>> 9   m 13 w
    10   m 2 o
    11   g


Turn 124
================================================================
warning: entity 8 was directed to use 4 halite to move north, but only 1 halite was available
At command 2 of 11:
    1   m 14 o
>>> 2   m 8 n
    3   m 6 s
    4   m 26 e

warning: entity 26 was directed to use 1 halite to move east, but only 0 halite was available
At command 4 of 11:
    2   m 8 n
    3   m 6 s
>>> 4   m 26 e
    5   m 4 w
    6   m 22 n


Turn 125
================================================================
warning: entity 13 was directed to use 4 halite to move south, but only 0 halite was available
At command 9 of 11:
    7   m 4 w
    8   m 26 s
>>> 9   m 13 s
    10   m 2 w
    11   m 24 o


Turn 126
================================================================
warning: entity 26 was directed to use 4 halite to move south, but only 3 halite was available
At command 4 of 11:
    2   m 11 e
    3   m 4 w
>>> 4   m 26 s
    5   m 8 n
    6   m 14 n


Turn 128
================================================================
warning: entity 8 was directed to use 3 halite to move north, but only 2 halite was available
At command 1 of 12:
>>> 1   m 8 n
    2   m 14 o
    3   m 6 s


Turn 129
================================================================
warning: entity 13 was directed to use 4 halite to move south, but only 0 halite was available
At command 7 of 12:
    5   m 22 n
    6   m 2 n
>>> 7   m 13 s
    8   m 6 e
    9   m 8 w


Turn 130
================================================================
warning: entity 27 was directed to use 3 halite to move east, but only 0 halite was available
At command 8 of 12:
    6   m 11 o
    7   m 14 n
>>> 8   m 27 e
    9   m 4 o
    10   m 24 o


Turn 131
================================================================
warning: entity 26 was directed to use 4 halite to move south, but only 1 halite was available
At command 3 of 12:
    1   m 2 n
    2   m 14 n
>>> 3   m 26 s
    4   m 6 e
    5   m 8 n


Turn 132
================================================================
warning: entity 8 was directed to use 4 halite to move north, but only 2 halite was available
At command 6 of 12:
    4   m 6 o
    5   m 2 s
>>> 6   m 8 n
    7   m 27 e
    8   m 4 o


Turn 133
================================================================
warning: entity 13 was directed to use 3 halite to move south, but only 1 halite was available
At command 3 of 12:
    1   m 14 n
    2   m 26 s
>>> 3   m 13 s
    4   m 2 e
    5   m 18 o


Turn 134
================================================================
warning: entity 2 was directed to use 2 halite to move east, but only 0 halite was available
At command 2 of 12:
    1   m 14 n
>>> 2   m 2 e
    3   m 6 e
    4   m 8 o

warning: entity 27 was directed to use 3 halite to move south, but only 1 halite was available
At command 6 of 12:
    4   m 8 o
    5   m 26 e
>>> 6   m 27 s
    7   m 4 n
    8   m 13 s


Turn 138
================================================================
warning: entity 13 was directed to use 4 halite to move west, but only 1 halite was available
At command 1 of 12:
>>> 1   m 13 w
    2   m 2 s
    3   m 6 o

warning: entity 2 was directed to use 3 halite to move south, but only 2 halite was available
At command 2 of 12:
    1   m 13 w
>>> 2   m 2 s
    3   m 6 o
    4   m 11 s

warning: entity 14 was directed to use 2 halite to move south, but only 0 halite was available
At command 6 of 12:
    4   m 11 s
    5   m 18 e
>>> 6   m 14 s
    7   m 24 o
    8   m 8 o

warning: entity 27 was directed to use 2 halite to move east, but only 0 halite was available
At command 9 of 12:
    7   m 24 o
    8   m 8 o
>>> 9   m 27 e
    10   m 4 n
    11   m 26 o


Turn 141
================================================================
warning: entity 14 was directed to use 4 halite to move south, but only 1 halite was available
At command 8 of 12:
    6   m 27 e
    7   m 22 e
>>> 8   m 14 s
    9   m 26 o
    10   m 6 s


Turn 142
================================================================
warning: entity 2 was directed to use 4 halite to move east, but only 0 halite was available
At command 3 of 12:
    1   m 11 e
    2   m 24 o
>>> 3   m 2 e
    4   m 6 o
    5   m 22 e


Turn 145
================================================================
warning: entity 14 was directed to use 4 halite to move west, but only 3 halite was available
At command 4 of 12:
    2   m 18 o
    3   m 13 s
>>> 4   m 14 w
    5   m 27 e
    6   m 4 o

warning: entity 27 was directed to use 5 halite to move east, but only 1 halite was available
At command 5 of 12:
    3   m 13 s
    4   m 14 w
>>> 5   m 27 e
    6   m 4 o
    7   m 2 e


Turn 146
================================================================
warning: entity 2 was directed to use 3 halite to move south, but only 2 halite was available
At command 5 of 12:
    3   m 22 e
    4   m 6 e
>>> 5   m 2 s
    6   m 18 o
    7   m 14 s


Turn 149
================================================================
warning: entity 27 was directed to use 4 halite to move east, but only 2 halite was available
At command 6 of 12:
    4   m 24 w
    5   m 4 n
>>> 6   m 27 e
    7   m 13 o
    8   m 2 o


Turn 150
================================================================
warning: entity 14 was directed to use 4 halite to move west, but only 0 halite was available
At command 3 of 12:
    1   m 22 e
    2   m 24 w
>>> 3   m 14 w
    4   m 11 e
    5   m 6 o


Turn 156
================================================================
warning: entity 24 was directed to use 3 halite to move south, but only 0 halite was available
At command 4 of 12:
    2   m 26 e
    3   m 2 s
>>> 4   m 24 s
    5   m 13 o
    6   m 11 s


Turn 158
================================================================
warning: entity 4 was directed to use 4 halite to move west, but only 0 halite was available
At command 10 of 12:
    8   m 11 e
    9   m 13 o
>>> 10   m 4 w
    11   m 27 o
    12   m 6 o


Turn 159
================================================================
warning: entity 24 was directed to use 4 halite to move north, but only 3 halite was available
At command 6 of 12:
    4   m 14 o
    5   m 22 s
>>> 6   m 24 n
    7   m 11 o
    8   m 8 o


Turn 162
================================================================
warning: entity 18 was directed to use 1 halite to move west, but only 0 halite was available
At command 4 of 12:
    2   m 14 w
    3   m 8 e
>>> 4   m 18 w
    5   m 24 o
    6   m 22 s


Turn 165
================================================================
warning: entity 18 was directed to use 3 halite to move west, but only 1 halite was available
At command 1 of 12:
>>> 1   m 18 w
    2   m 14 s
    3   m 22 s


Turn 166
================================================================
warning: entity 22 was directed to use 2 halite to move south, but only 0 halite was available
At command 3 of 11:
    1   m 14 o
    2   m 24 o
>>> 3   m 22 s
    4   m 8 e
    5   m 18 w


Turn 169
================================================================
warning: entity 18 was directed to use 3 halite to move west, but only 0 halite was available
At command 2 of 11:
    1   m 14 o
>>> 2   m 18 w
    3   m 22 s
    4   m 11 o

warning: entity 22 was directed to use 2 halite to move south, but only 1 halite was available
At command 3 of 11:
    1   m 14 o
    2   m 18 w
>>> 3   m 22 s
    4   m 11 o
    5   m 2 o


Turn 172
================================================================
warning: entity 22 was directed to use 4 halite to move south, but only 3 halite was available
At command 3 of 11:
    1   m 8 s
    2   m 14 w
>>> 3   m 22 s
    4   m 2 o
    5   m 18 s

warning: entity 18 was directed to use 4 halite to move south, but only 3 halite was available
At command 5 of 11:
    3   m 22 s
    4   m 2 o
>>> 5   m 18 s
    6   m 11 o
    7   m 26 s


Turn 177
================================================================
warning: entity 22 was directed to use 4 halite to move south, but only 0 halite was available
At command 2 of 11:
    1   m 8 e
>>> 2   m 22 s
    3   m 4 s
    4   m 27 s


Turn 178
================================================================
warning: entity 8 was directed to use 1 halite to move south, but only 0 halite was available
At command 1 of 11:
>>> 1   m 8 s
    2   m 27 s
    3   m 4 w

warning: entity 18 was directed to use 2 halite to move west, but only 0 halite was available
At command 6 of 11:
    4   m 11 w
    5   m 2 o
>>> 6   m 18 w
    7   m 22 s
    8   m 26 o


Turn 181
================================================================
warning: entity 8 was directed to use 4 halite to move east, but only 1 halite was available
At command 1 of 11:
>>> 1   m 8 e
    2   m 22 e
    3   m 18 s


Turn 184
================================================================
warning: entity 18 was directed to use 3 halite to move south, but only 2 halite was available
At command 5 of 11:
    3   m 8 e
    4   m 11 w
>>> 5   m 18 s
    6   m 24 o
    7   m 4 w


Turn 186
================================================================
warning: entity 8 was directed to use 5 halite to move south, but only 3 halite was available
At command 2 of 11:
    1   m 13 e
>>> 2   m 8 s
    3   m 2 s
    4   m 11 w


Turn 188
================================================================
warning: entity 18 was directed to use 4 halite to move south, but only 2 halite was available
At command 3 of 11:
    1   m 11 w
    2   m 13 n
>>> 3   m 18 s
    4   m 8 e
    5   m 2 e


Turn 195
================================================================
warning: entity 24 was directed to use 1 halite to move north, but only 0 halite was available
At command 3 of 11:
    1   m 22 e
    2   m 14 e
>>> 3   m 24 n
    4   m 8 o
    5   m 11 w


Turn 198
================================================================
warning: entity 24 was directed to use 4 halite to move south, but only 0 halite was available
At command 2 of 11:
    1   m 14 o
>>> 2   m 24 s
    3   m 22 s
    4   m 18 o


Turn 202
================================================================
warning: entity 24 was directed to use 4 halite to move south, but only 1 halite was available
At command 1 of 11:
>>> 1   m 24 s
    2   m 11 n
    3   m 13 o


Turn 208
================================================================
warning: entity 11 was directed to use 2 halite to move east, but only 0 halite was available
At command 4 of 11:
    2   m 8 e
    3   m 14 e
>>> 4   m 11 e
    5   m 24 w
    6   m 18 o


Turn 211
================================================================
warning: entity 13 was directed to use 3 halite to move north, but only 0 halite was available
At command 5 of 11:
    3   m 14 n
    4   m 11 o
>>> 5   m 13 n
    6   m 8 s
    7   m 22 o


Turn 212
================================================================
warning: entity 24 was directed to use 3 halite to move south, but only 2 halite was available
At command 3 of 11:
    1   m 8 o
    2   m 14 n
>>> 3   m 24 s
    4   m 18 o
    5   m 11 o


Turn 215
================================================================
warning: entity 13 was directed to use 3 halite to move north, but only 1 halite was available
At command 2 of 11:
    1   m 14 n
>>> 2   m 13 n
    3   m 24 s
    4   m 8 e


Turn 217
================================================================
warning: entity 24 was directed to use 2 halite to move south, but only 0 halite was available
At command 3 of 11:
    1   m 13 n
    2   m 14 n
>>> 3   m 24 s
    4   m 8 o
    5   m 18 o


Turn 220
================================================================
warning: entity 24 was directed to use 4 halite to move south, but only 1 halite was available
At command 2 of 11:
    1   m 11 o
>>> 2   m 24 s
    3   m 14 n
    4   m 13 o


Turn 227
================================================================
warning: entity 14 was directed to use 3 halite to move west, but only 0 halite was available
At command 1 of 11:
>>> 1   m 14 w
    2   m 8 w
    3   m 13 w


Turn 231
================================================================
warning: entity 14 was directed to use 4 halite to move south, but only 1 halite was available
At command 2 of 11:
    1   m 8 w
>>> 2   m 14 s
    3   m 11 o
    4   m 13 o


Turn 233
================================================================
warning: entity 4 was directed to use 4 halite to move north, but only 0 halite was available
At command 9 of 11:
    7   m 22 o
    8   m 2 o
>>> 9   m 4 n
    10   m 27 o
    11   m 26 o


Turn 235
================================================================
warning: entity 11 was directed to use 1 halite to move east, but only 0 halite was available
At command 1 of 11:
>>> 1   m 11 e
    2   m 24 s
    3   m 14 o


Turn 238
================================================================
warning: entity 11 was directed to use 3 halite to move south, but only 1 halite was available
At command 2 of 11:
    1   m 8 w
>>> 2   m 11 s
    3   m 13 e
    4   m 14 s


Turn 243
================================================================
warning: entity 11 was directed to use 3 halite to move south, but only 0 halite was available
At command 1 of 11:
>>> 1   m 11 s
    2   m 8 n
    3   m 13 e


Turn 248
================================================================
warning: entity 11 was directed to use 3 halite to move south, but only 0 halite was available
At command 2 of 11:
    1   m 8 n
>>> 2   m 11 s
    3   m 14 s
    4   m 13 s


Turn 251
================================================================
warning: entity 8 was directed to use 3 halite to move west, but only 0 halite was available
At command 3 of 11:
    1   m 14 w
    2   m 13 s
>>> 3   m 8 w
    4   m 11 e
    5   m 24 o


Turn 255
================================================================
warning: entity 8 was directed to use 3 halite to move north, but only 1 halite was available
At command 2 of 11:
    1   m 13 n
>>> 2   m 8 n
    3   m 14 w
    4   m 11 s


Turn 257
================================================================
warning: entity 13 was directed to use 3 halite to move east, but only 0 halite was available
At command 1 of 11:
>>> 1   m 13 e
    2   m 14 s
    3   m 11 e


Turn 259
================================================================
warning: entity 8 was directed to use 2 halite to move west, but only 0 halite was available
At command 2 of 11:
    1   m 11 s
>>> 2   m 8 w
    3   m 14 s
    4   m 13 n


Turn 262
================================================================
warning: entity 8 was directed to use 4 halite to move west, but only 2 halite was available
At command 3 of 11:
    1   m 14 o
    2   m 11 e
>>> 3   m 8 w
    4   m 13 o
    5   m 24 o


Turn 265
================================================================
warning: entity 11 was directed to use 4 halite to move east, but only 2 halite was available
At command 1 of 11:
>>> 1   m 11 e
    2   m 8 n
    3   m 14 o


Turn 266
================================================================
warning: entity 8 was directed to use 4 halite to move north, but only 2 halite was available
At command 1 of 11:
>>> 1   m 8 n
    2   m 11 e
    3   m 14 o


Turn 269
================================================================
warning: entity 11 was directed to use 4 halite to move south, but only 1 halite was available
At command 3 of 11:
    1   m 8 o
    2   m 13 o
>>> 3   m 11 s
    4   m 14 o
    5   m 24 o


Turn 279
================================================================
warning: entity 4 was directed to use 3 halite to move south, but only 0 halite was available
At command 9 of 11:
    7   m 22 o
    8   m 2 o
>>> 9   m 4 s
    10   m 27 o
    11   m 26 o


Turn 284
================================================================
warning: entity 4 was directed to use 3 halite to move east, but only 1 halite was available
At command 9 of 11:
    7   m 22 o
    8   m 2 o
>>> 9   m 4 e
    10   m 27 o
    11   m 26 o


Turn 288
================================================================
warning: entity 4 was directed to use 1 halite to move east, but only 0 halite was available
At command 9 of 11:
    7   m 22 o
    8   m 2 o
>>> 9   m 4 e
    10   m 27 o
    11   m 26 o


Turn 291
================================================================
warning: entity 4 was directed to use 2 halite to move east, but only 1 halite was available
At command 9 of 11:
    7   m 22 o
    8   m 2 o
>>> 9   m 4 e
    10   m 27 o
    11   m 26 o


Turn 296
================================================================
warning: entity 4 was directed to use 2 halite to move east, but only 1 halite was available
At command 9 of 11:
    7   m 22 o
    8   m 2 o
>>> 9   m 4 e
    10   m 27 o
    11   m 26 o


Turn 299
================================================================
warning: entity 13 was directed to use 1 halite to move east, but only 0 halite was available
At command 1 of 11:
>>> 1   m 13 e
    2   m 8 o
    3   m 11 o


Turn 301
================================================================
warning: entity 4 was directed to use 4 halite to move east, but only 3 halite was available
At command 9 of 11:
    7   m 22 o
    8   m 2 o
>>> 9   m 4 e
    10   m 27 o
    11   m 26 o


Turn 302
================================================================
warning: entity 13 was directed to use 2 halite to move south, but only 1 halite was available
At command 1 of 11:
>>> 1   m 13 s
    2   m 8 o
    3   m 11 o


Turn 305
================================================================
warning: entity 4 was directed to use 3 halite to move south, but only 1 halite was available
At command 9 of 11:
    7   m 22 o
    8   m 2 o
>>> 9   m 4 s
    10   m 27 o
    11   m 26 o


Turn 306
================================================================
warning: entity 13 was directed to use 2 halite to move south, but only 0 halite was available
At command 1 of 11:
>>> 1   m 13 s
    2   m 8 o
    3   m 11 o


Turn 309
================================================================
warning: entity 13 was directed to use 2 halite to move south, but only 1 halite was available
At command 1 of 11:
>>> 1   m 13 s
    2   m 8 e
    3   m 11 o

warning: entity 4 was directed to use 3 halite to move east, but only 0 halite was available
At command 9 of 11:
    7   m 22 o
    8   m 2 o
>>> 9   m 4 e
    10   m 27 o
    11   m 26 o


Turn 313
================================================================
warning: entity 13 was directed to use 4 halite to move south, but only 0 halite was available
At command 1 of 11:
>>> 1   m 13 s
    2   m 8 e
    3   m 11 o


Turn 319
================================================================
warning: entity 13 was directed to use 2 halite to move west, but only 1 halite was available
At command 1 of 11:
>>> 1   m 13 w
    2   m 8 s
    3   m 11 o


Turn 323
================================================================
warning: entity 13 was directed to use 3 halite to move south, but only 0 halite was available
At command 2 of 11:
    1   m 8 s
>>> 2   m 13 s
    3   m 11 o
    4   m 14 o


Turn 327
================================================================
warning: entity 13 was directed to use 3 halite to move west, but only 0 halite was available
At command 2 of 11:
    1   m 8 s
>>> 2   m 13 w
    3   m 11 o
    4   m 14 o


Turn 333
================================================================
warning: entity 8 was directed to use 2 halite to move north, but only 0 halite was available
At command 1 of 11:
>>> 1   m 8 n
    2   m 13 o
    3   m 11 o


Turn 337
================================================================
warning: entity 8 was directed to use 4 halite to move west, but only 0 halite was available
At command 1 of 11:
>>> 1   m 8 w
    2   m 13 s
    3   m 11 o


Turn 340
================================================================
warning: entity 8 was directed to use 4 halite to move north, but only 3 halite was available
At command 1 of 11:
>>> 1   m 8 n
    2   m 13 o
    3   m 11 o


Turn 345
================================================================
warning: entity 8 was directed to use 3 halite to move west, but only 2 halite was available
At command 1 of 11:
>>> 1   m 8 w
    2   m 13 o
    3   m 11 o


Turn 356
================================================================
warning: owned entities 27, 26 collided on cell (6, 31) as the result of moves on this turn
At command 10 of 12:
    8   m 2 w
    9   m 4 w
>>> 10   m 27 w
    11   m 26 n
    12   m 6 w

Other commands that placed an entity on this cell:
    9   m 4 w
    10   m 27 w
>>> 11   m 26 n
    12   m 6 w


Turn 366
================================================================
warning: entity 22 was directed to use 3 halite to move west, but only 1 halite was available
At command 4 of 9:
    2   m 6 n
    3   m 13 e
>>> 4   m 22 w
    5   m 14 e
    6   m 2 w


Turn 377
================================================================
warning: entity 22 was directed to use 3 halite to move north, but only 2 halite was available
At command 2 of 8:
    1   m 18 n
>>> 2   m 22 n
    3   m 14 n
    4   m 13 e


Turn 379
================================================================
warning: owned entities 14, 2 collided on cell (23, 22) as the result of moves on this turn
At command 4 of 8:
    2   m 22 w
    3   m 6 w
>>> 4   m 14 n
    5   m 24 n
    6   m 2 w

Other commands that placed an entity on this cell:
    4   m 14 n
    5   m 24 n
>>> 6   m 2 w
    7   m 18 n
    8   m 8 o


Turn 381
================================================================
warning: entity 22 was directed to use 3 halite to move north, but only 2 halite was available
At command 2 of 6:
    1   m 13 n
>>> 2   m 22 n
    3   m 6 n
    4   m 24 e

warning: owned entities 6, 22 collided on cell (26, 19) as the result of moves on this turn
At command 3 of 6:
    1   m 13 n
    2   m 22 n
>>> 3   m 6 n
    4   m 24 e
    5   m 18 n


Turn 384
================================================================
warning: owned entities 13, 8 collided on cell (23, 16) as the result of moves on this turn
At command 1 of 4:
>>> 1   m 13 n
    2   m 24 e
    3   m 18 n


Turn 386
================================================================
warning: owned entities 18, 24 collided on cell (23, 16) as the result of moves on this turn
At command 2 of 2:
    1   m 24 o
>>> 2   m 18 e

