
Turn 3
================================================================
warning: entity 1 was directed to use 1 halite to move east, but only 0 halite was available
At command 1 of 2:
>>> 1   m 1 e
    2   g


Turn 9
================================================================
warning: entity 6 was directed to use 1 halite to move south, but only 0 halite was available
At command 1 of 5:
>>> 1   m 6 s
    2   m 1 o
    3   m 4 n


Turn 12
================================================================
warning: entity 8 was directed to use 1 halite to move north, but only 0 halite was available
At command 2 of 5:
    1   m 4 o
>>> 2   m 8 n
    3   m 3 w
    4   m 6 o


Turn 37
================================================================
warning: entity 1 was directed to use 1 halite to move north, but only 0 halite was available
At command 1 of 6:
>>> 1   m 1 n
    2   m 6 o
    3   m 4 o


Turn 40
================================================================
warning: entity 1 was directed to use 6 halite to move north, but only 0 halite was available
At command 2 of 6:
    1   m 4 w
>>> 2   m 1 n
    3   m 6 w
    4   m 8 o


Turn 43
================================================================
warning: entity 3 was directed to use 5 halite to move north, but only 0 halite was available
At command 4 of 6:
    2   m 8 w
    3   m 6 n
>>> 4   m 3 n
    5   m 10 o
    6   m 4 o


Turn 49
================================================================
warning: entity 6 was directed to use 5 halite to move west, but only 0 halite was available
At command 3 of 7:
    1   m 1 o
    2   m 8 s
>>> 3   m 6 w
    4   m 4 o
    5   m 10 o


Turn 52
================================================================
warning: entity 13 was directed to use 5 halite to move west, but only 0 halite was available
At command 1 of 7:
>>> 1   m 13 w
    2   m 8 w
    3   m 3 o


Turn 56
================================================================
warning: entity 8 was directed to use 5 halite to move north, but only 3 halite was available
At command 1 of 7:
>>> 1   m 8 n
    2   m 1 o
    3   m 4 e


Turn 62
================================================================
warning: entity 10 was directed to use 2 halite to move north, but only 0 halite was available
At command 2 of 7:
    1   m 6 o
>>> 2   m 10 n
    3   m 3 s
    4   m 4 s


Turn 65
================================================================
warning: entity 4 was directed to use 4 halite to move south, but only 0 halite was available
At command 2 of 8:
    1   m 15 s
>>> 2   m 4 s
    3   m 3 o
    4   m 10 o


Turn 67
================================================================
warning: entity 15 was directed to use 5 halite to move south, but only 0 halite was available
At command 4 of 8:
    2   m 3 e
    3   m 4 w
>>> 4   m 15 s
    5   m 10 s
    6   m 13 o


Turn 69
================================================================
warning: entity 3 was directed to use 4 halite to move north, but only 0 halite was available
At command 3 of 9:
    1   m 16 s
    2   m 1 o
>>> 3   m 3 n
    4   m 6 o
    5   m 8 o


Turn 71
================================================================
warning: entity 16 was directed to use 3 halite to move west, but only 0 halite was available
At command 2 of 9:
    1   m 3 e
>>> 2   m 16 w
    3   m 1 o
    4   m 6 o


Turn 73
================================================================
warning: entity 3 was directed to use 5 halite to move east, but only 0 halite was available
At command 2 of 9:
    1   m 10 o
>>> 2   m 3 e
    3   m 16 w
    4   m 13 o


Turn 74
================================================================
warning: entity 16 was directed to use 4 halite to move west, but only 1 halite was available
At command 1 of 9:
>>> 1   m 16 w
    2   m 6 e
    3   m 10 o


Turn 82
================================================================
warning: entity 6 was directed to use 3 halite to move east, but only 0 halite was available
At command 5 of 10:
    3   m 13 n
    4   m 1 w
>>> 5   m 6 e
    6   m 16 s
    7   m 8 s


Turn 83
================================================================
warning: entity 18 was directed to use 1 halite to move west, but only 0 halite was available
At command 2 of 10:
    1   m 10 o
>>> 2   m 18 w
    3   m 16 o
    4   m 13 n


Turn 85
================================================================
warning: entity 6 was directed to use 4 halite to move east, but only 3 halite was available
At command 1 of 10:
>>> 1   m 6 e
    2   m 3 o
    3   m 1 s


Turn 86
================================================================
warning: entity 18 was directed to use 5 halite to move north, but only 1 halite was available
At command 2 of 10:
    1   m 1 s
>>> 2   m 18 n
    3   m 8 s
    4   m 6 s


Turn 88
================================================================
warning: entity 8 was directed to use 1 halite to move west, but only 0 halite was available
At command 1 of 11:
>>> 1   m 8 w
    2   m 18 o
    3   m 1 s


Turn 89
================================================================
warning: entity 6 was directed to use 5 halite to move south, but only 1 halite was available
At command 5 of 11:
    3   m 21 o
    4   m 10 e
>>> 5   m 6 s
    6   m 13 e
    7   m 8 w


Turn 90
================================================================
warning: entity 8 was directed to use 5 halite to move north, but only 3 halite was available
At command 1 of 11:
>>> 1   m 8 n
    2   m 1 s
    3   m 13 n


Turn 91
================================================================
warning: entity 13 was directed to use 3 halite to move north, but only 1 halite was available
At command 1 of 11:
>>> 1   m 13 n
    2   m 3 o
    3   m 1 s


Turn 94
================================================================
warning: entity 13 was directed to use 6 halite to move north, but only 4 halite was available
At command 1 of 11:
>>> 1   m 13 n
    2   m 8 w
    3   m 1 s

warning: entity 21 was directed to use 3 halite to move north, but only 1 halite was available
At command 5 of 11:
    3   m 1 s
    4   m 10 o
>>> 5   m 21 n
    6   m 4 e
    7   m 15 w


Turn 96
================================================================
warning: entity 10 was directed to use 2 halite to move south, but only 0 halite was available
At command 5 of 11:
    3   m 4 n
    4   m 21 e
>>> 5   m 10 s
    6   m 1 s
    7   m 16 o


Turn 98
================================================================
warning: entity 21 was directed to use 5 halite to move north, but only 2 halite was available
At command 6 of 11:
    4   m 6 o
    5   m 10 w
>>> 6   m 21 n
    7   m 18 o
    8   m 1 e


Turn 99
================================================================
warning: entity 13 was directed to use 6 halite to move east, but only 0 halite was available
At command 1 of 11:
>>> 1   m 13 e
    2   m 1 s
    3   m 4 n

warning: entity 10 was directed to use 3 halite to move north, but only 1 halite was available
At command 7 of 11:
    5   m 8 o
    6   m 6 o
>>> 7   m 10 n
    8   m 21 n
    9   m 18 o


Turn 100
================================================================
warning: entity 1 was directed to use 2 halite to move east, but only 0 halite was available
At command 1 of 11:
>>> 1   m 1 e
    2   m 4 n
    3   m 15 n


Turn 102
================================================================
warning: entity 4 was directed to use 2 halite to move north, but only 0 halite was available
At command 2 of 12:
    1   m 23 e
>>> 2   m 4 n
    3   m 15 n
    4   m 13 o

warning: entity 21 was directed to use 5 halite to move north, but only 1 halite was available
At command 5 of 12:
    3   m 15 n
    4   m 13 o
>>> 5   m 21 n
    6   m 10 w
    7   m 16 e

warning: entity 10 was directed to use 6 halite to move west, but only 4 halite was available
At command 6 of 12:
    4   m 13 o
    5   m 21 n
>>> 6   m 10 w
    7   m 16 e
    8   m 1 e


Turn 103
================================================================
warning: entity 1 was directed to use 6 halite to move south, but only 0 halite was available
At command 1 of 12:
>>> 1   m 1 s
    2   m 23 s
    3   m 15 n


Turn 104
================================================================
warning: entity 23 was directed to use 2 halite to move south, but only 0 halite was available
At command 1 of 12:
>>> 1   m 23 s
    2   m 15 n
    3   m 16 e


Turn 105
================================================================
warning: entity 4 was directed to use 5 halite to move east, but only 1 halite was available
At command 6 of 12:
    4   m 15 w
    5   m 6 n
>>> 6   m 4 e
    7   m 1 e
    8   m 23 e


Turn 106
================================================================
warning: entity 15 was directed to use 1 halite to move south, but only 0 halite was available
At command 4 of 12:
    2   m 1 o
    3   m 16 n
>>> 4   m 15 s
    5   m 6 n
    6   m 23 e


Turn 107
================================================================
warning: entity 23 was directed to use 6 halite to move east, but only 0 halite was available
At command 7 of 12:
    5   m 4 n
    6   m 6 n
>>> 7   m 23 e
    8   m 1 o
    9   m 15 s


Turn 109
================================================================
warning: entity 15 was directed to use 5 halite to move south, but only 1 halite was available
At command 1 of 12:
>>> 1   m 15 s
    2   m 16 n
    3   m 4 e

warning: entity 4 was directed to use 6 halite to move east, but only 3 halite was available
At command 3 of 12:
    1   m 15 s
    2   m 16 n
>>> 3   m 4 e
    4   m 3 w
    5   m 6 n


Turn 112
================================================================
warning: entity 16 was directed to use 1 halite to move west, but only 0 halite was available
At command 2 of 12:
    1   m 4 e
>>> 2   m 16 w
    3   m 15 w
    4   m 8 e


Turn 113
================================================================
warning: entity 15 was directed to use 5 halite to move south, but only 2 halite was available
At command 2 of 12:
    1   m 18 s
>>> 2   m 15 s
    3   m 4 e
    4   m 10 o


Turn 114
================================================================
warning: entity 16 was directed to use 5 halite to move north, but only 3 halite was available
At command 1 of 12:
>>> 1   m 16 n
    2   m 8 s
    3   m 21 w


Turn 115
================================================================
warning: entity 6 was directed to use 1 halite to move north, but only 0 halite was available
At command 5 of 12:
    3   m 18 s
    4   m 3 n
>>> 5   m 6 n
    6   m 15 s
    7   m 13 o


Turn 117
================================================================
warning: entity 15 was directed to use 5 halite to move west, but only 1 halite was available
At command 4 of 12:
    2   m 6 e
    3   m 10 e
>>> 4   m 15 w
    5   m 16 w
    6   m 8 e


Turn 118
================================================================
warning: entity 6 was directed to use 5 halite to move east, but only 2 halite was available
At command 3 of 12:
    1   m 13 e
    2   m 8 n
>>> 3   m 6 e
    4   m 16 s
    5   m 21 w


Turn 119
================================================================
warning: entity 8 was directed to use 1 halite to move north, but only 0 halite was available
At command 5 of 12:
    3   m 21 w
    4   m 10 e
>>> 5   m 8 n
    6   m 16 s
    7   m 23 e

warning: entity 16 was directed to use 5 halite to move south, but only 0 halite was available
At command 6 of 12:
    4   m 10 e
    5   m 8 n
>>> 6   m 16 s
    7   m 23 e
    8   m 3 w

warning: entity 3 was directed to use 3 halite to move west, but only 2 halite was available
At command 8 of 12:
    6   m 16 s
    7   m 23 e
>>> 8   m 3 w
    9   m 4 n
    10   m 6 o


Turn 123
================================================================
warning: entity 18 was directed to use 2 halite to move south, but only 0 halite was available
At command 3 of 12:
    1   m 13 o
    2   m 16 o
>>> 3   m 18 s
    4   m 21 s
    5   m 10 s


Turn 126
================================================================
warning: entity 21 was directed to use 5 halite to move north, but only 0 halite was available
At command 2 of 12:
    1   m 16 w
>>> 2   m 21 n
    3   m 18 s
    4   m 1 w

warning: entity 18 was directed to use 3 halite to move south, but only 1 halite was available
At command 3 of 12:
    1   m 16 w
    2   m 21 n
>>> 3   m 18 s
    4   m 1 w
    5   m 10 e


Turn 129
================================================================
warning: entity 18 was directed to use 4 halite to move west, but only 3 halite was available
At command 1 of 12:
>>> 1   m 18 w
    2   m 4 n
    3   m 6 n

warning: entity 10 was directed to use 4 halite to move north, but only 0 halite was available
At command 5 of 12:
    3   m 6 n
    4   m 1 n
>>> 5   m 10 n
    6   m 21 e
    7   m 23 n


Turn 133
================================================================
warning: entity 10 was directed to use 6 halite to move east, but only 5 halite was available
At command 2 of 12:
    1   m 1 n
>>> 2   m 10 e
    3   m 15 o
    4   m 23 n


Turn 134
================================================================
warning: entity 1 was directed to use 1 halite to move north, but only 0 halite was available
At command 1 of 12:
>>> 1   m 1 n
    2   m 13 w
    3   m 23 s


Turn 136
================================================================
warning: entity 23 was directed to use 1 halite to move south, but only 0 halite was available
At command 3 of 12:
    1   m 1 e
    2   m 13 w
>>> 3   m 23 s
    4   m 3 o
    5   m 10 n


Turn 138
================================================================
warning: entity 1 was directed to use 3 halite to move east, but only 0 halite was available
At command 3 of 12:
    1   m 13 w
    2   m 21 o
>>> 3   m 1 e
    4   m 10 o
    5   m 23 s

warning: entity 23 was directed to use 5 halite to move south, but only 3 halite was available
At command 5 of 12:
    3   m 1 e
    4   m 10 o
>>> 5   m 23 s
    6   m 15 e
    7   m 16 o


Turn 142
================================================================
warning: entity 23 was directed to use 6 halite to move east, but only 4 halite was available
At command 5 of 12:
    3   m 15 e
    4   m 4 o
>>> 5   m 23 e
    6   m 18 s
    7   m 16 o


Turn 152
================================================================
warning: entity 15 was directed to use 2 halite to move north, but only 0 halite was available
At command 1 of 12:
>>> 1   m 15 n
    2   m 4 w
    3   m 8 n


Turn 154
================================================================
warning: entity 3 was directed to use 4 halite to move south, but only 0 halite was available
At command 8 of 12:
    6   m 16 s
    7   m 15 n
>>> 8   m 3 s
    9   m 18 e
    10   m 21 w


Turn 155
================================================================
warning: entity 15 was directed to use 5 halite to move north, but only 4 halite was available
At command 3 of 12:
    1   m 4 s
    2   m 13 o
>>> 3   m 15 n
    4   m 10 s
    5   m 8 e


Turn 157
================================================================
warning: entity 3 was directed to use 4 halite to move south, but only 3 halite was available
At command 4 of 12:
    2   m 15 w
    3   m 8 e
>>> 4   m 3 s
    5   m 4 s
    6   m 10 s

warning: entity 6 was directed to use 3 halite to move south, but only 0 halite was available
At command 8 of 12:
    6   m 10 s
    7   m 21 e
>>> 8   m 6 s
    9   m 16 o
    10   m 13 o


Turn 161
================================================================
warning: entity 21 was directed to use 4 halite to move south, but only 1 halite was available
At command 4 of 12:
    2   m 10 o
    3   m 4 s
>>> 4   m 21 s
    5   m 8 o
    6   m 13 w


Turn 163
================================================================
warning: entity 13 was directed to use 4 halite to move south, but only 0 halite was available
At command 3 of 12:
    1   m 23 w
    2   m 4 s
>>> 3   m 13 s
    4   m 10 s
    5   m 21 e


Turn 164
================================================================
warning: entity 10 was directed to use 1 halite to move east, but only 0 halite was available
At command 1 of 12:
>>> 1   m 10 e
    2   m 23 w
    3   m 4 s


Turn 167
================================================================
warning: entity 13 was directed to use 3 halite to move south, but only 1 halite was available
At command 4 of 12:
    2   m 6 o
    3   m 16 e
>>> 4   m 13 s
    5   m 23 n
    6   m 3 e

warning: entity 10 was directed to use 3 halite to move south, but only 0 halite was available
At command 9 of 12:
    7   m 18 n
    8   m 8 o
>>> 9   m 10 s
    10   m 4 n
    11   m 21 e


Turn 168
================================================================
warning: entity 18 was directed to use 2 halite to move east, but only 0 halite was available
At command 6 of 12:
    4   m 4 w
    5   m 23 n
>>> 6   m 18 e
    7   m 15 o
    8   m 21 e


Turn 169
================================================================
warning: entity 4 was directed to use 2 halite to move north, but only 0 halite was available
At command 6 of 12:
    4   m 16 e
    5   m 1 s
>>> 6   m 4 n
    7   m 21 o
    8   m 8 w


Turn 170
================================================================
warning: entity 10 was directed to use 4 halite to move east, but only 2 halite was available
At command 1 of 12:
>>> 1   m 10 e
    2   m 23 n
    3   m 13 s

warning: entity 13 was directed to use 5 halite to move south, but only 2 halite was available
At command 3 of 12:
    1   m 10 e
    2   m 23 n
>>> 3   m 13 s
    4   m 8 w
    5   m 16 e


Turn 171
================================================================
warning: entity 4 was directed to use 6 halite to move west, but only 5 halite was available
At command 6 of 12:
    4   m 16 e
    5   m 18 e
>>> 6   m 4 w
    7   m 21 o
    8   m 10 s


Turn 172
================================================================
warning: entity 18 was directed to use 4 halite to move north, but only 1 halite was available
At command 1 of 12:
>>> 1   m 18 n
    2   m 10 e
    3   m 1 s


Turn 174
================================================================
warning: entity 10 was directed to use 6 halite to move south, but only 1 halite was available
At command 2 of 12:
    1   m 4 n
>>> 2   m 10 s
    3   m 1 s
    4   m 23 s


Turn 175
================================================================
warning: entity 23 was directed to use 3 halite to move south, but only 0 halite was available
At command 2 of 12:
    1   m 8 w
>>> 2   m 23 s
    3   m 4 w
    4   m 1 s


Turn 176
================================================================
warning: entity 18 was directed to use 5 halite to move east, but only 1 halite was available
At command 5 of 12:
    3   m 16 e
    4   m 1 s
>>> 5   m 18 e
    6   m 10 o
    7   m 15 e


Turn 178
================================================================
warning: entity 16 was directed to use 37 halite to move east, but only 36 halite was available
At command 3 of 12:
    1   m 15 e
    2   m 8 w
>>> 3   m 16 e
    4   m 18 e
    5   m 1 w

warning: entity 23 was directed to use 5 halite to move east, but only 4 halite was available
At command 6 of 12:
    4   m 18 e
    5   m 1 w
>>> 6   m 23 e
    7   m 13 w
    8   m 21 o


Turn 180
================================================================
warning: entity 18 was directed to use 5 halite to move east, but only 2 halite was available
At command 6 of 12:
    4   m 15 e
    5   m 13 w
>>> 6   m 18 e
    7   m 16 e
    8   m 23 o


Turn 182
================================================================
warning: entity 16 was directed to use 41 halite to move north, but only 28 halite was available
At command 4 of 12:
    2   m 8 s
    3   m 3 w
>>> 4   m 16 n
    5   m 1 w
    6   m 15 s

warning: entity 1 was directed to use 6 halite to move west, but only 1 halite was available
At command 5 of 12:
    3   m 3 w
    4   m 16 n
>>> 5   m 1 w
    6   m 15 s
    7   m 18 n


Turn 185
================================================================
warning: entity 15 was directed to use 1 halite to move north, but only 0 halite was available
At command 2 of 12:
    1   m 21 w
>>> 2   m 15 n
    3   m 3 n
    4   m 13 o


Turn 186
================================================================
warning: entity 1 was directed to use 5 halite to move north, but only 2 halite was available
At command 1 of 12:
>>> 1   m 1 n
    2   m 3 n
    3   m 21 w

warning: entity 18 was directed to use 6 halite to move east, but only 0 halite was available
At command 6 of 12:
    4   m 23 s
    5   m 8 s
>>> 6   m 18 e
    7   m 16 n
    8   m 15 n


Turn 187
================================================================
warning: entity 15 was directed to use 4 halite to move west, but only 3 halite was available
At command 6 of 12:
    4   m 8 s
    5   m 16 n
>>> 6   m 15 w
    7   m 6 w
    8   m 1 n


Turn 190
================================================================
warning: entity 3 was directed to use 1 halite to move south, but only 0 halite was available
At command 4 of 12:
    2   m 8 o
    3   m 10 w
>>> 4   m 3 s
    5   m 15 w
    6   m 6 w


Turn 192
================================================================
warning: entity 15 was directed to use 5 halite to move north, but only 0 halite was available
At command 1 of 12:
>>> 1   m 15 n
    2   m 3 w
    3   m 4 e

warning: entity 21 was directed to use 3 halite to move north, but only 0 halite was available
At command 5 of 12:
    3   m 4 e
    4   m 13 e
>>> 5   m 21 n
    6   m 16 o
    7   m 10 o


Turn 193
================================================================
warning: entity 3 was directed to use 2 halite to move south, but only 0 halite was available
At command 1 of 12:
>>> 1   m 3 s
    2   m 4 e
    3   m 13 e


Turn 196
================================================================
warning: entity 3 was directed to use 5 halite to move west, but only 0 halite was available
At command 6 of 12:
    4   m 4 s
    5   m 18 w
>>> 6   m 3 w
    7   m 21 w
    8   m 16 e

warning: entity 21 was directed to use 4 halite to move west, but only 3 halite was available
At command 7 of 12:
    5   m 18 w
    6   m 3 w
>>> 7   m 21 w
    8   m 16 e
    9   m 15 o

warning: entity 16 was directed to use 5 halite to move east, but only 0 halite was available
At command 8 of 12:
    6   m 3 w
    7   m 21 w
>>> 8   m 16 e
    9   m 15 o
    10   m 1 o


Turn 200
================================================================
warning: entity 8 was directed to use 3 halite to move west, but only 0 halite was available
At command 4 of 11:
    2   m 4 s
    3   m 6 e
>>> 4   m 8 w
    5   m 21 n
    6   m 13 n

warning: entity 21 was directed to use 5 halite to move north, but only 4 halite was available
At command 5 of 11:
    3   m 6 e
    4   m 8 w
>>> 5   m 21 n
    6   m 13 n
    7   m 10 o


Turn 201
================================================================
warning: entity 6 was directed to use 2 halite to move south, but only 0 halite was available
At command 1 of 11:
>>> 1   m 6 s
    2   m 4 o
    3   m 16 s

warning: entity 16 was directed to use 5 halite to move south, but only 4 halite was available
At command 3 of 11:
    1   m 6 s
    2   m 4 o
>>> 3   m 16 s
    4   m 13 n
    5   m 1 e


Turn 203
================================================================
warning: entity 8 was directed to use 6 halite to move north, but only 4 halite was available
At command 1 of 11:
>>> 1   m 8 n
    2   m 4 s
    3   m 6 s


Turn 204
================================================================
warning: entity 4 was directed to use 1 halite to move west, but only 0 halite was available
At command 1 of 11:
>>> 1   m 4 w
    2   m 1 s
    3   m 6 s


Turn 205
================================================================
warning: entity 6 was directed to use 5 halite to move east, but only 0 halite was available
At command 1 of 11:
>>> 1   m 6 e
    2   m 23 w
    3   m 1 e


Turn 207
================================================================
warning: entity 4 was directed to use 3 halite to move south, but only 0 halite was available
At command 4 of 11:
    2   m 13 w
    3   m 23 w
>>> 4   m 4 s
    5   m 1 e
    6   m 10 n

warning: entity 10 was directed to use 2 halite to move north, but only 0 halite was available
At command 6 of 11:
    4   m 4 s
    5   m 1 e
>>> 6   m 10 n
    7   m 6 e
    8   m 16 o


Turn 210
================================================================
warning: entity 6 was directed to use 4 halite to move east, but only 1 halite was available
At command 2 of 11:
    1   m 8 w
>>> 2   m 6 e
    3   m 23 n
    4   m 1 e

warning: entity 4 was directed to use 2 halite to move south, but only 1 halite was available
At command 5 of 11:
    3   m 23 n
    4   m 1 e
>>> 5   m 4 s
    6   m 10 w
    7   m 3 o

warning: entity 10 was directed to use 3 halite to move west, but only 2 halite was available
At command 6 of 11:
    4   m 1 e
    5   m 4 s
>>> 6   m 10 w
    7   m 3 o
    8   m 13 w


Turn 211
================================================================
warning: entity 13 was directed to use 2 halite to move south, but only 1 halite was available
At command 4 of 11:
    2   m 23 n
    3   m 8 w
>>> 4   m 13 s
    5   m 6 e
    6   m 4 w


Turn 212
================================================================
warning: entity 1 was directed to use 1 halite to move north, but only 0 halite was available
At command 1 of 11:
>>> 1   m 1 n
    2   m 8 o
    3   m 23 n


Turn 213
================================================================
warning: entity 4 was directed to use 6 halite to move south, but only 0 halite was available
At command 2 of 11:
    1   m 23 n
>>> 2   m 4 s
    3   m 3 n
    4   m 10 n

warning: entity 10 was directed to use 5 halite to move north, but only 3 halite was available
At command 4 of 11:
    2   m 4 s
    3   m 3 n
>>> 4   m 10 n
    5   m 13 s
    6   m 15 e


Turn 214
================================================================
warning: entity 13 was directed to use 1 halite to move west, but only 0 halite was available
At command 3 of 11:
    1   m 23 n
    2   m 3 e
>>> 3   m 13 w
    4   m 15 e
    5   m 1 s


Turn 215
================================================================
warning: entity 1 was directed to use 2 halite to move east, but only 1 halite was available
At command 3 of 11:
    1   m 21 o
    2   m 3 e
>>> 3   m 1 e
    4   m 23 w
    5   m 15 s


Turn 216
================================================================
warning: entity 13 was directed to use 6 halite to move south, but only 3 halite was available
At command 1 of 11:
>>> 1   m 13 s
    2   m 3 e
    3   m 23 n


Turn 218
================================================================
warning: entity 23 was directed to use 2 halite to move west, but only 0 halite was available
At command 1 of 11:
>>> 1   m 23 w
    2   m 1 e
    3   m 13 s

warning: entity 1 was directed to use 4 halite to move east, but only 3 halite was available
At command 2 of 11:
    1   m 23 w
>>> 2   m 1 e
    3   m 13 s
    4   m 3 e


Turn 221
================================================================
warning: entity 23 was directed to use 5 halite to move north, but only 1 halite was available
At command 3 of 11:
    1   m 1 e
    2   m 3 n
>>> 3   m 23 n
    4   m 16 w
    5   m 15 s

warning: entity 13 was directed to use 5 halite to move west, but only 3 halite was available
At command 7 of 11:
    5   m 15 s
    6   m 21 e
>>> 7   m 13 w
    8   m 6 o
    9   m 8 o


Turn 223
================================================================
warning: entity 1 was directed to use 5 halite to move south, but only 4 halite was available
At command 5 of 11:
    3   m 23 n
    4   m 16 w
>>> 5   m 1 s
    6   m 13 s
    7   m 15 s


Turn 225
================================================================
warning: entity 3 was directed to use 2 halite to move east, but only 0 halite was available
At command 3 of 11:
    1   m 21 s
    2   m 16 n
>>> 3   m 3 e
    4   m 23 n
    5   m 13 s

warning: entity 23 was directed to use 5 halite to move north, but only 2 halite was available
At command 4 of 11:
    2   m 16 n
    3   m 3 e
>>> 4   m 23 n
    5   m 13 s
    6   m 15 w

warning: entity 13 was directed to use 5 halite to move south, but only 2 halite was available
At command 5 of 11:
    3   m 3 e
    4   m 23 n
>>> 5   m 13 s
    6   m 15 w
    7   m 6 o


Turn 226
================================================================
warning: entity 15 was directed to use 2 halite to move west, but only 0 halite was available
At command 2 of 11:
    1   m 4 w
>>> 2   m 15 w
    3   m 21 s
    4   m 16 n


Turn 228
================================================================
warning: entity 3 was directed to use 6 halite to move south, but only 2 halite was available
At command 4 of 11:
    2   m 15 s
    3   m 23 o
>>> 4   m 3 s
    5   m 21 s
    6   m 16 n


Turn 230
================================================================
warning: entity 15 was directed to use 5 halite to move south, but only 0 halite was available
At command 1 of 11:
>>> 1   m 15 s
    2   m 8 e
    3   m 6 w


Turn 232
================================================================
warning: entity 21 was directed to use 2 halite to move north, but only 0 halite was available
At command 4 of 11:
    2   m 1 o
    3   m 6 w
>>> 4   m 21 n
    5   m 15 s
    6   m 16 w


Turn 234
================================================================
warning: entity 16 was directed to use 3 halite to move south, but only 0 halite was available
At command 1 of 11:
>>> 1   m 16 s
    2   m 10 s
    3   m 8 s


Turn 236
================================================================
warning: entity 21 was directed to use 3 halite to move north, but only 1 halite was available
At command 1 of 11:
>>> 1   m 21 n
    2   m 4 e
    3   m 10 s


Turn 240
================================================================
warning: entity 21 was directed to use 4 halite to move north, but only 0 halite was available
At command 5 of 11:
    3   m 4 n
    4   m 13 e
>>> 5   m 21 n
    6   m 10 o
    7   m 8 s


Turn 242
================================================================
warning: entity 6 was directed to use 2 halite to move south, but only 0 halite was available
At command 4 of 11:
    2   m 21 e
    3   m 3 o
>>> 4   m 6 s
    5   m 13 e
    6   m 4 n


Turn 243
================================================================
warning: entity 8 was directed to use 1 halite to move south, but only 0 halite was available
At command 4 of 11:
    2   m 4 o
    3   m 16 o
>>> 4   m 8 s
    5   m 13 e
    6   m 10 o


Turn 244
================================================================
warning: entity 21 was directed to use 3 halite to move north, but only 0 halite was available
At command 1 of 11:
>>> 1   m 21 n
    2   m 23 e
    3   m 13 e

warning: entity 6 was directed to use 6 halite to move south, but only 5 halite was available
At command 4 of 11:
    2   m 23 e
    3   m 13 e
>>> 4   m 6 s
    5   m 4 o
    6   m 16 o


Turn 246
================================================================
warning: entity 8 was directed to use 4 halite to move east, but only 0 halite was available
At command 4 of 11:
    2   m 16 o
    3   m 6 s
>>> 4   m 8 e
    5   m 13 e
    6   m 23 e


Turn 248
================================================================
warning: entity 10 was directed to use 1 halite to move north, but only 0 halite was available
At command 1 of 11:
>>> 1   m 10 n
    2   m 4 w
    3   m 3 w


Turn 249
================================================================
warning: entity 21 was directed to use 3 halite to move north, but only 0 halite was available
At command 1 of 11:
>>> 1   m 21 n
    2   m 4 w
    3   m 8 s

warning: entity 4 was directed to use 1 halite to move west, but only 0 halite was available
At command 2 of 11:
    1   m 21 n
>>> 2   m 4 w
    3   m 8 s
    4   m 23 e


Turn 250
================================================================
warning: entity 8 was directed to use 4 halite to move east, but only 3 halite was available
At command 2 of 11:
    1   m 23 s
>>> 2   m 8 e
    3   m 3 n
    4   m 15 w


Turn 251
================================================================
warning: entity 10 was directed to use 5 halite to move east, but only 1 halite was available
At command 2 of 11:
    1   m 15 o
>>> 2   m 10 e
    3   m 23 s
    4   m 3 n


Turn 252
================================================================
warning: entity 4 was directed to use 4 halite to move west, but only 2 halite was available
At command 6 of 11:
    4   m 23 s
    5   m 3 n
>>> 6   m 4 w
    7   m 1 n
    8   m 6 o


Turn 253
================================================================
warning: entity 21 was directed to use 6 halite to move east, but only 0 halite was available
At command 2 of 11:
    1   m 8 e
>>> 2   m 21 e
    3   m 13 n
    4   m 23 n


Turn 254
================================================================
warning: entity 8 was directed to use 5 halite to move east, but only 2 halite was available
At command 2 of 11:
    1   m 10 e
>>> 2   m 8 e
    3   m 13 n
    4   m 23 n


Turn 255
================================================================
warning: entity 10 was directed to use 2 halite to move north, but only 0 halite was available
At command 1 of 11:
>>> 1   m 10 n
    2   m 13 n
    3   m 23 n


Turn 256
================================================================
warning: entity 23 was directed to use 3 halite to move north, but only 0 halite was available
At command 3 of 10:
    1   m 15 s
    2   m 13 n
>>> 3   m 23 n
    4   m 1 n
    5   m 3 n


Turn 257
================================================================
warning: entity 4 was directed to use 3 halite to move north, but only 0 halite was available
At command 6 of 10:
    4   m 3 w
    5   m 10 n
>>> 6   m 4 n
    7   m 21 o
    8   m 23 n


Turn 258
================================================================
warning: entity 10 was directed to use 5 halite to move north, but only 2 halite was available
At command 1 of 10:
>>> 1   m 10 n
    2   m 13 n
    3   m 3 w


Turn 259
================================================================
warning: entity 3 was directed to use 1 halite to move west, but only 0 halite was available
At command 5 of 10:
    3   m 16 n
    4   m 23 o
>>> 5   m 3 w
    6   m 4 n
    7   m 21 o


Turn 262
================================================================
warning: entity 13 was directed to use 2 halite to move north, but only 0 halite was available
At command 5 of 10:
    3   m 23 o
    4   m 15 e
>>> 5   m 13 n
    6   m 1 s
    7   m 3 n

warning: entity 3 was directed to use 3 halite to move north, but only 2 halite was available
At command 7 of 10:
    5   m 13 n
    6   m 1 s
>>> 7   m 3 n
    8   m 21 e
    9   m 4 o


Turn 263
================================================================
warning: entity 10 was directed to use 5 halite to move north, but only 4 halite was available
At command 3 of 10:
    1   m 16 o
    2   m 1 e
>>> 3   m 10 n
    4   m 15 e
    5   m 21 n


Turn 264
================================================================
warning: entity 1 was directed to use 1 halite to move east, but only 0 halite was available
At command 1 of 10:
>>> 1   m 1 e
    2   m 15 e
    3   m 21 n

warning: entity 13 was directed to use 6 halite to move west, but only 5 halite was available
At command 5 of 10:
    3   m 21 n
    4   m 6 e
>>> 5   m 13 w
    6   m 3 n
    7   m 16 n


Turn 266
================================================================
warning: entity 3 was directed to use 4 halite to move west, but only 1 halite was available
At command 2 of 10:
    1   m 21 n
>>> 2   m 3 w
    3   m 10 n
    4   m 16 n


Turn 267
================================================================
warning: entity 1 was directed to use 4 halite to move east, but only 0 halite was available
At command 3 of 10:
    1   m 10 e
    2   m 21 n
>>> 3   m 1 e
    4   m 13 o
    5   m 15 n


Turn 270
================================================================
warning: entity 16 was directed to use 1 halite to move south, but only 0 halite was available
At command 3 of 10:
    1   m 15 n
    2   m 6 n
>>> 3   m 16 s
    4   m 3 w
    5   m 1 e

warning: entity 3 was directed to use 5 halite to move west, but only 0 halite was available
At command 4 of 10:
    2   m 6 n
    3   m 16 s
>>> 4   m 3 w
    5   m 1 e
    6   m 13 w


Turn 271
================================================================
warning: entity 1 was directed to use 5 halite to move east, but only 0 halite was available
At command 2 of 9:
    1   m 13 n
>>> 2   m 1 e
    3   m 15 n
    4   m 6 w


Turn 273
================================================================
warning: entity 16 was directed to use 3 halite to move east, but only 2 halite was available
At command 8 of 9:
    6   m 15 n
    7   m 1 e
>>> 8   m 16 e
    9   m 4 o


Turn 274
================================================================
warning: entity 6 was directed to use 5 halite to move north, but only 0 halite was available
At command 3 of 9:
    1   m 1 s
    2   m 23 n
>>> 3   m 6 n
    4   m 13 n
    5   m 15 e

warning: entity 13 was directed to use 6 halite to move north, but only 1 halite was available
At command 4 of 9:
    2   m 23 n
    3   m 6 n
>>> 4   m 13 n
    5   m 15 e
    6   m 10 o


Turn 276
================================================================
warning: entity 1 was directed to use 5 halite to move south, but only 0 halite was available
At command 1 of 9:
>>> 1   m 1 s
    2   m 15 n
    3   m 13 o


Turn 277
================================================================
warning: entity 15 was directed to use 1 halite to move east, but only 0 halite was available
At command 2 of 9:
    1   m 16 s
>>> 2   m 15 e
    3   m 6 w
    4   m 1 s


Turn 278
================================================================
warning: entity 6 was directed to use 4 halite to move west, but only 3 halite was available
At command 3 of 9:
    1   m 10 o
    2   m 16 e
>>> 3   m 6 w
    4   m 1 e
    5   m 4 n


Turn 279
================================================================
warning: entity 16 was directed to use 4 halite to move south, but only 1 halite was available
At command 1 of 9:
>>> 1   m 16 s
    2   m 1 s
    3   m 4 n

warning: entity 1 was directed to use 6 halite to move south, but only 5 halite was available
At command 2 of 9:
    1   m 16 s
>>> 2   m 1 s
    3   m 4 n
    4   m 15 n


Turn 280
================================================================
warning: entity 15 was directed to use 3 halite to move north, but only 1 halite was available
At command 3 of 9:
    1   m 4 w
    2   m 23 e
>>> 3   m 15 n
    4   m 10 o
    5   m 6 w


Turn 282
================================================================
warning: entity 16 was directed to use 4 halite to move east, but only 3 halite was available
At command 1 of 9:
>>> 1   m 16 e
    2   m 23 e
    3   m 15 n


Turn 303
================================================================
warning: entity 3 was directed to use 2 halite to move north, but only 0 halite was available
At command 2 of 9:
    1   m 15 e
>>> 2   m 3 n
    3   m 16 w
    4   m 4 s

warning: entity 1 was directed to use 3 halite to move east, but only 0 halite was available
At command 5 of 9:
    3   m 16 w
    4   m 4 s
>>> 5   m 1 e
    6   m 23 s
    7   m 10 s


Turn 306
================================================================
warning: entity 1 was directed to use 5 halite to move east, but only 3 halite was available
At command 7 of 9:
    5   m 6 n
    6   m 3 w
>>> 7   m 1 e
    8   m 15 o
    9   m 13 e


Turn 307
================================================================
warning: entity 3 was directed to use 5 halite to move west, but only 0 halite was available
At command 5 of 9:
    3   m 16 w
    4   m 10 s
>>> 5   m 3 w
    6   m 23 s
    7   m 6 e

warning: entity 6 was directed to use 2 halite to move east, but only 0 halite was available
At command 7 of 9:
    5   m 3 w
    6   m 23 s
>>> 7   m 6 e
    8   m 1 s
    9   m 15 n


Turn 309
================================================================
warning: entity 4 was directed to use 3 halite to move west, but only 0 halite was available
At command 6 of 9:
    4   m 15 o
    5   m 23 w
>>> 6   m 4 w
    7   m 3 n
    8   m 10 s


Turn 311
================================================================
warning: entity 6 was directed to use 4 halite to move east, but only 2 halite was available
At command 4 of 9:
    2   m 23 n
    3   m 16 n
>>> 4   m 6 e
    5   m 3 w
    6   m 13 e


Turn 312
================================================================
warning: entity 23 was directed to use 1 halite to move north, but only 0 halite was available
At command 2 of 9:
    1   m 15 o
>>> 2   m 23 n
    3   m 3 w
    4   m 13 e

warning: entity 3 was directed to use 5 halite to move west, but only 0 halite was available
At command 3 of 9:
    1   m 15 o
    2   m 23 n
>>> 3   m 3 w
    4   m 13 e
    5   m 1 e


Turn 313
================================================================
warning: entity 4 was directed to use 5 halite to move west, but only 2 halite was available
At command 2 of 9:
    1   m 13 e
>>> 2   m 4 w
    3   m 10 s
    4   m 1 o


Turn 315
================================================================
warning: entity 6 was directed to use 6 halite to move north, but only 2 halite was available
At command 2 of 9:
    1   m 4 s
>>> 2   m 6 n
    3   m 10 n
    4   m 13 e

warning: entity 23 was directed to use 2 halite to move north, but only 1 halite was available
At command 6 of 9:
    4   m 13 e
    5   m 16 o
>>> 6   m 23 n
    7   m 3 n
    8   m 15 o


Turn 318
================================================================
warning: entity 23 was directed to use 3 halite to move north, but only 2 halite was available
At command 4 of 9:
    2   m 6 e
    3   m 13 s
>>> 4   m 23 n
    5   m 10 n
    6   m 16 s

warning: entity 10 was directed to use 2 halite to move north, but only 0 halite was available
At command 5 of 9:
    3   m 13 s
    4   m 23 n
>>> 5   m 10 n
    6   m 16 s
    7   m 4 o


Turn 320
================================================================
warning: entity 6 was directed to use 4 halite to move north, but only 2 halite was available
At command 2 of 9:
    1   m 1 s
>>> 2   m 6 n
    3   m 10 w
    4   m 16 w

warning: entity 16 was directed to use 2 halite to move west, but only 0 halite was available
At command 4 of 9:
    2   m 6 n
    3   m 10 w
>>> 4   m 16 w
    5   m 13 s
    6   m 23 w


Turn 321
================================================================
warning: entity 10 was directed to use 2 halite to move west, but only 1 halite was available
At command 3 of 9:
    1   m 1 s
    2   m 23 n
>>> 3   m 10 w
    4   m 13 s
    5   m 6 n


Turn 322
================================================================
warning: entity 23 was directed to use 6 halite to move west, but only 1 halite was available
At command 2 of 9:
    1   m 13 s
>>> 2   m 23 w
    3   m 6 n
    4   m 1 e


Turn 323
================================================================
warning: entity 16 was directed to use 6 halite to move south, but only 2 halite was available
At command 5 of 9:
    3   m 6 n
    4   m 1 o
>>> 5   m 16 s
    6   m 10 w
    7   m 23 n


Turn 324
================================================================
warning: entity 6 was directed to use 5 halite to move east, but only 3 halite was available
At command 3 of 9:
    1   m 23 n
    2   m 13 s
>>> 3   m 6 e
    4   m 10 w
    5   m 3 o

warning: entity 10 was directed to use 2 halite to move west, but only 1 halite was available
At command 4 of 9:
    2   m 13 s
    3   m 6 e
>>> 4   m 10 w
    5   m 3 o
    6   m 1 o


Turn 327
================================================================
warning: entity 10 was directed to use 5 halite to move west, but only 2 halite was available
At command 1 of 9:
>>> 1   m 10 w
    2   m 16 s
    3   m 1 w


Turn 328
================================================================
warning: entity 16 was directed to use 2 halite to move west, but only 1 halite was available
At command 1 of 9:
>>> 1   m 16 w
    2   m 6 n
    3   m 13 n

warning: entity 6 was directed to use 6 halite to move north, but only 4 halite was available
At command 2 of 9:
    1   m 16 w
>>> 2   m 6 n
    3   m 13 n
    4   m 4 e


Turn 331
================================================================
warning: entity 16 was directed to use 4 halite to move west, but only 1 halite was available
At command 7 of 9:
    5   m 6 e
    6   m 4 n
>>> 7   m 16 w
    8   m 3 e
    9   m 15 o


Turn 332
================================================================
warning: entity 13 was directed to use 2 halite to move north, but only 0 halite was available
At command 1 of 9:
>>> 1   m 13 n
    2   m 6 e
    3   m 4 n


Turn 333
================================================================
warning: entity 6 was directed to use 5 halite to move north, but only 2 halite was available
At command 4 of 9:
    2   m 3 e
    3   m 16 w
>>> 4   m 6 n
    5   m 4 n
    6   m 23 o


Turn 334
================================================================
warning: entity 16 was directed to use 6 halite to move west, but only 4 halite was available
At command 4 of 9:
    2   m 13 e
    3   m 1 n
>>> 4   m 16 w
    5   m 4 n
    6   m 6 n


Turn 336
================================================================
warning: entity 13 was directed to use 4 halite to move east, but only 0 halite was available
At command 4 of 9:
    2   m 1 n
    3   m 3 e
>>> 4   m 13 e
    5   m 4 n
    6   m 16 w


Turn 337
================================================================
warning: entity 6 was directed to use 6 halite to move east, but only 3 halite was available
At command 3 of 9:
    1   m 16 w
    2   m 4 w
>>> 3   m 6 e
    4   m 1 n
    5   m 3 e


Turn 339
================================================================
warning: entity 16 was directed to use 5 halite to move south, but only 3 halite was available
At command 1 of 9:
>>> 1   m 16 s
    2   m 1 n
    3   m 3 e


Turn 340
================================================================
warning: entity 4 was directed to use 1 halite to move west, but only 0 halite was available
At command 2 of 9:
    1   m 3 s
>>> 2   m 4 w
    3   m 1 n
    4   m 6 e

warning: entity 13 was directed to use 4 halite to move north, but only 1 halite was available
At command 5 of 9:
    3   m 1 n
    4   m 6 e
>>> 5   m 13 n
    6   m 16 s
    7   m 10 o


Turn 343
================================================================
warning: entity 4 was directed to use 3 halite to move north, but only 1 halite was available
At command 1 of 9:
>>> 1   m 4 n
    2   m 1 s
    3   m 3 s


Turn 345
================================================================
warning: entity 13 was directed to use 6 halite to move north, but only 0 halite was available
At command 1 of 9:
>>> 1   m 13 n
    2   m 1 s
    3   m 3 s

warning: entity 1 was directed to use 2 halite to move south, but only 0 halite was available
At command 2 of 9:
    1   m 13 n
>>> 2   m 1 s
    3   m 3 s
    4   m 4 w


Turn 348
================================================================
warning: entity 1 was directed to use 3 halite to move east, but only 1 halite was available
At command 3 of 9:
    1   m 3 n
    2   m 13 n
>>> 3   m 1 e
    4   m 23 o
    5   m 4 o


Turn 349
================================================================
warning: entity 3 was directed to use 1 halite to move west, but only 0 halite was available
At command 2 of 9:
    1   m 10 o
>>> 2   m 3 w
    3   m 13 n
    4   m 16 e


Turn 351
================================================================
warning: entity 13 was directed to use 5 halite to move north, but only 0 halite was available
At command 4 of 9:
    2   m 3 n
    3   m 16 e
>>> 4   m 13 n
    5   m 10 e
    6   m 23 n


Turn 352
================================================================
warning: entity 1 was directed to use 5 halite to move east, but only 0 halite was available
At command 1 of 9:
>>> 1   m 1 e
    2   m 3 w
    3   m 16 e

warning: entity 3 was directed to use 3 halite to move west, but only 0 halite was available
At command 2 of 9:
    1   m 1 e
>>> 2   m 3 w
    3   m 16 e
    4   m 23 o


Turn 355
================================================================
warning: entity 13 was directed to use 5 halite to move north, but only 2 halite was available
At command 5 of 9:
    3   m 3 n
    4   m 16 e
>>> 5   m 13 n
    6   m 4 o
    7   m 23 e


Turn 356
================================================================
warning: entity 3 was directed to use 5 halite to move east, but only 0 halite was available
At command 2 of 10:
    1   m 10 e
>>> 2   m 3 e
    3   m 16 e
    4   m 23 e

