
Turn 13
================================================================
warning: entity 7 was directed to use 3 halite to move south, but only 0 halite was available
At command 1 of 5:
>>> 1   m 7 s
    2   m 2 o
    3   m 5 o


Turn 16
================================================================
warning: entity 9 was directed to use 4 halite to move east, but only 0 halite was available
At command 1 of 5:
>>> 1   m 9 e
    2   m 7 o
    3   m 2 o


Turn 33
================================================================
warning: entity 2 was directed to use 3 halite to move south, but only 0 halite was available
At command 4 of 5:
    2   m 5 o
    3   m 9 o
>>> 4   m 2 s
    5   m 7 w


Turn 36
================================================================
warning: entity 0 was directed to use 2 halite to move north, but only 0 halite was available
At command 1 of 6:
>>> 1   m 0 n
    2   m 5 o
    3   m 9 o


Turn 39
================================================================
warning: entity 0 was directed to use 4 halite to move north, but only 1 halite was available
At command 1 of 6:
>>> 1   m 0 n
    2   m 10 s
    3   m 2 o

warning: entity 10 was directed to use 1 halite to move south, but only 0 halite was available
At command 2 of 6:
    1   m 0 n
>>> 2   m 10 s
    3   m 2 o
    4   m 9 o


Turn 41
================================================================
warning: entity 10 was directed to use 4 halite to move west, but only 3 halite was available
At command 2 of 6:
    1   m 7 o
>>> 2   m 10 w
    3   m 0 w
    4   m 2 o


Turn 47
================================================================
warning: entity 7 was directed to use 2 halite to move east, but only 0 halite was available
At command 1 of 7:
>>> 1   m 7 e
    2   m 9 o
    3   m 10 o


Turn 52
================================================================
warning: entity 13 was directed to use 1 halite to move south, but only 0 halite was available
At command 6 of 7:
    4   m 0 o
    5   m 10 o
>>> 6   m 13 s
    7   m 2 o


Turn 54
================================================================
warning: entity 9 was directed to use 1 halite to move west, but only 0 halite was available
At command 1 of 7:
>>> 1   m 9 w
    2   m 10 o
    3   m 7 o


Turn 55
================================================================
warning: entity 13 was directed to use 4 halite to move west, but only 0 halite was available
At command 4 of 7:
    2   m 0 o
    3   m 2 w
>>> 4   m 13 w
    5   m 9 e
    6   m 10 o


Turn 56
================================================================
warning: entity 9 was directed to use 4 halite to move east, but only 3 halite was available
At command 1 of 7:
>>> 1   m 9 e
    2   m 5 n
    3   m 0 o


Turn 58
================================================================
warning: entity 5 was directed to use 4 halite to move west, but only 0 halite was available
At command 2 of 8:
    1   m 15 e
>>> 2   m 5 w
    3   m 2 o
    4   m 13 o


Turn 60
================================================================
warning: entity 9 was directed to use 4 halite to move north, but only 3 halite was available
At command 1 of 8:
>>> 1   m 9 n
    2   m 5 n
    3   m 15 o


Turn 62
================================================================
warning: entity 2 was directed to use 4 halite to move east, but only 0 halite was available
At command 8 of 9:
    6   m 15 o
    7   m 7 o
>>> 8   m 2 e
    9   m 13 w


Turn 64
================================================================
warning: entity 16 was directed to use 3 halite to move south, but only 0 halite was available
At command 1 of 9:
>>> 1   m 16 s
    2   m 5 o
    3   m 9 o


Turn 77
================================================================
warning: entity 0 was directed to use 4 halite to move west, but only 0 halite was available
At command 1 of 9:
>>> 1   m 0 w
    2   m 9 o
    3   m 10 o


Turn 88
================================================================
warning: entity 20 was directed to use 2 halite to move south, but only 1 halite was available
At command 7 of 10:
    5   m 16 o
    6   m 0 o
>>> 7   m 20 s
    8   m 9 e
    9   m 2 o


Turn 93
================================================================
warning: entity 10 was directed to use 3 halite to move east, but only 0 halite was available
At command 2 of 10:
    1   m 15 o
>>> 2   m 10 e
    3   m 5 s
    4   m 16 e


Turn 95
================================================================
warning: entity 5 was directed to use 2 halite to move west, but only 0 halite was available
At command 2 of 11:
    1   m 10 e
>>> 2   m 5 w
    3   m 16 o
    4   m 15 o


Turn 96
================================================================
warning: entity 10 was directed to use 4 halite to move east, but only 1 halite was available
At command 1 of 12:
>>> 1   m 10 e
    2   m 22 o
    3   m 0 o


Turn 98
================================================================
warning: entity 22 was directed to use 2 halite to move west, but only 1 halite was available
At command 2 of 12:
    1   m 10 s
>>> 2   m 22 w
    3   m 5 w
    4   m 13 e

warning: entity 5 was directed to use 3 halite to move west, but only 0 halite was available
At command 3 of 12:
    1   m 10 s
    2   m 22 w
>>> 3   m 5 w
    4   m 13 e
    5   m 2 o

warning: entity 23 was directed to use 4 halite to move north, but only 0 halite was available
At command 7 of 12:
    5   m 2 o
    6   m 7 s
>>> 7   m 23 n
    8   m 0 o
    9   m 16 n


Turn 100
================================================================
warning: entity 10 was directed to use 5 halite to move east, but only 3 halite was available
At command 3 of 12:
    1   m 16 e
    2   m 7 s
>>> 3   m 10 e
    4   m 13 o
    5   m 22 o


Turn 106
================================================================
warning: entity 15 was directed to use 3 halite to move east, but only 0 halite was available
At command 2 of 12:
    1   m 22 w
>>> 2   m 15 e
    3   m 2 o
    4   m 5 s


Turn 108
================================================================
warning: entity 5 was directed to use 3 halite to move south, but only 0 halite was available
At command 2 of 12:
    1   m 22 w
>>> 2   m 5 s
    3   m 15 e
    4   m 7 o

warning: entity 16 was directed to use 1 halite to move west, but only 0 halite was available
At command 5 of 12:
    3   m 15 e
    4   m 7 o
>>> 5   m 16 w
    6   m 20 o
    7   m 9 w


Turn 109
================================================================
warning: entity 15 was directed to use 4 halite to move north, but only 2 halite was available
At command 2 of 12:
    1   m 22 s
>>> 2   m 15 n
    3   m 13 n
    4   m 9 w


Turn 110
================================================================
warning: entity 16 was directed to use 4 halite to move south, but only 3 halite was available
At command 5 of 12:
    3   m 5 o
    4   m 13 e
>>> 5   m 16 s
    6   m 2 n
    7   m 15 n


Turn 111
================================================================
warning: entity 13 was directed to use 3 halite to move south, but only 0 halite was available
At command 2 of 12:
    1   m 22 s
>>> 2   m 13 s
    3   m 2 n
    4   m 10 o


Turn 114
================================================================
warning: entity 2 was directed to use 2 halite to move east, but only 0 halite was available
At command 1 of 12:
>>> 1   m 2 e
    2   m 7 o
    3   m 16 w


Turn 115
================================================================
warning: entity 16 was directed to use 4 halite to move west, but only 1 halite was available
At command 1 of 12:
>>> 1   m 16 w
    2   m 13 n
    3   m 9 s

warning: entity 13 was directed to use 4 halite to move north, but only 1 halite was available
At command 2 of 12:
    1   m 16 w
>>> 2   m 13 n
    3   m 9 s
    4   m 22 o


Turn 117
================================================================
warning: entity 2 was directed to use 3 halite to move east, but only 1 halite was available
At command 2 of 12:
    1   m 9 w
>>> 2   m 2 e
    3   m 16 s
    4   m 7 o


Turn 119
================================================================
warning: entity 9 was directed to use 4 halite to move north, but only 0 halite was available
At command 5 of 12:
    3   m 2 s
    4   m 20 o
>>> 5   m 9 n
    6   m 5 o
    7   m 16 o


Turn 121
================================================================
warning: entity 2 was directed to use 5 halite to move east, but only 1 halite was available
At command 1 of 12:
>>> 1   m 2 e
    2   m 9 s
    3   m 13 o


Turn 124
================================================================
warning: entity 0 was directed to use 4 halite to move south, but only 0 halite was available
At command 6 of 12:
    4   m 13 o
    5   m 7 e
>>> 6   m 0 s
    7   m 23 o
    8   m 5 o


Turn 125
================================================================
warning: entity 9 was directed to use 3 halite to move south, but only 2 halite was available
At command 1 of 12:
>>> 1   m 9 s
    2   m 10 w
    3   m 15 o


Turn 129
================================================================
warning: entity 9 was directed to use 4 halite to move west, but only 1 halite was available
At command 1 of 12:
>>> 1   m 9 w
    2   m 10 n
    3   m 22 o


Turn 135
================================================================
warning: entity 9 was directed to use 3 halite to move south, but only 0 halite was available
At command 2 of 12:
    1   m 16 s
>>> 2   m 9 s
    3   m 0 s
    4   m 23 s

warning: entity 0 was directed to use 4 halite to move south, but only 2 halite was available
At command 3 of 12:
    1   m 16 s
    2   m 9 s
>>> 3   m 0 s
    4   m 23 s
    5   m 7 o


Turn 138
================================================================
warning: entity 10 was directed to use 4 halite to move south, but only 0 halite was available
At command 3 of 12:
    1   m 16 o
    2   m 7 o
>>> 3   m 10 s
    4   m 0 w
    5   m 23 n

warning: entity 23 was directed to use 2 halite to move north, but only 0 halite was available
At command 5 of 12:
    3   m 10 s
    4   m 0 w
>>> 5   m 23 n
    6   m 9 o
    7   m 22 o


Turn 140
================================================================
warning: entity 0 was directed to use 4 halite to move west, but only 1 halite was available
At command 3 of 12:
    1   m 7 n
    2   m 10 s
>>> 3   m 0 w
    4   m 23 n
    5   m 20 n


Turn 141
================================================================
warning: entity 23 was directed to use 3 halite to move east, but only 1 halite was available
At command 4 of 12:
    2   m 10 s
    3   m 20 n
>>> 4   m 23 e
    5   m 0 s
    6   m 2 o


Turn 142
================================================================
warning: entity 10 was directed to use 3 halite to move east, but only 2 halite was available
At command 1 of 12:
>>> 1   m 10 e
    2   m 20 o
    3   m 15 w


Turn 145
================================================================
warning: entity 23 was directed to use 3 halite to move north, but only 0 halite was available
At command 4 of 12:
    2   m 13 e
    3   m 7 n
>>> 4   m 23 n
    5   m 0 o
    6   m 2 w


Turn 147
================================================================
warning: entity 7 was directed to use 3 halite to move north, but only 0 halite was available
At command 2 of 12:
    1   m 13 o
>>> 2   m 7 n
    3   m 5 e
    4   m 2 w


Turn 151
================================================================
warning: entity 20 was directed to use 3 halite to move south, but only 0 halite was available
At command 1 of 12:
>>> 1   m 20 s
    2   m 5 e
    3   m 10 o


Turn 154
================================================================
warning: entity 20 was directed to use 5 halite to move south, but only 2 halite was available
At command 3 of 12:
    1   m 5 e
    2   m 15 o
>>> 3   m 20 s
    4   m 16 e
    5   m 13 w


Turn 160
================================================================
warning: entity 2 was directed to use 2 halite to move south, but only 0 halite was available
At command 1 of 11:
>>> 1   m 2 s
    2   m 5 o
    3   m 15 s


Turn 164
================================================================
warning: entity 2 was directed to use 2 halite to move south, but only 1 halite was available
At command 2 of 10:
    1   m 5 n
>>> 2   m 2 s
    3   m 15 s
    4   m 10 o


Turn 167
================================================================
warning: entity 15 was directed to use 2 halite to move north, but only 0 halite was available
At command 1 of 10:
>>> 1   m 15 n
    2   m 2 o
    3   m 16 e


Turn 169
================================================================
warning: entity 5 was directed to use 1 halite to move south, but only 0 halite was available
At command 3 of 10:
    1   m 22 n
    2   m 15 w
>>> 3   m 5 s
    4   m 16 e
    5   m 7 o


Turn 170
================================================================
warning: entity 15 was directed to use 4 halite to move north, but only 1 halite was available
At command 2 of 10:
    1   m 22 o
>>> 2   m 15 n
    3   m 16 n
    4   m 5 n


Turn 172
================================================================
warning: entity 5 was directed to use 4 halite to move east, but only 3 halite was available
At command 1 of 10:
>>> 1   m 5 e
    2   m 20 w
    3   m 22 o


Turn 174
================================================================
warning: entity 15 was directed to use 4 halite to move north, but only 3 halite was available
At command 5 of 10:
    3   m 20 w
    4   m 22 n
>>> 5   m 15 n
    6   m 7 n
    7   m 10 o


Turn 183
================================================================
warning: entity 16 was directed to use 1 halite to move north, but only 0 halite was available
At command 1 of 10:
>>> 1   m 16 n
    2   m 22 n
    3   m 23 o


Turn 185
================================================================
warning: entity 16 was directed to use 4 halite to move south, but only 3 halite was available
At command 5 of 10:
    3   m 7 e
    4   m 20 o
>>> 5   m 16 s
    6   m 10 n
    7   m 5 o


Turn 186
================================================================
warning: entity 22 was directed to use 2 halite to move east, but only 0 halite was available
At command 1 of 10:
>>> 1   m 22 e
    2   m 7 o
    3   m 10 n


Turn 189
================================================================
warning: entity 22 was directed to use 3 halite to move west, but only 0 halite was available
At command 2 of 10:
    1   m 16 e
>>> 2   m 22 w
    3   m 7 s
    4   m 2 n


Turn 190
================================================================
warning: entity 16 was directed to use 4 halite to move east, but only 2 halite was available
At command 1 of 10:
>>> 1   m 16 e
    2   m 7 s
    3   m 2 n

warning: entity 10 was directed to use 3 halite to move south, but only 0 halite was available
At command 4 of 10:
    2   m 7 s
    3   m 2 n
>>> 4   m 10 s
    5   m 23 o
    6   m 0 n


Turn 193
================================================================
warning: entity 22 was directed to use 3 halite to move west, but only 1 halite was available
At command 4 of 10:
    2   m 5 w
    3   m 15 o
>>> 4   m 22 w
    5   m 16 o
    6   m 7 w

warning: entity 7 was directed to use 1 halite to move west, but only 0 halite was available
At command 6 of 10:
    4   m 22 w
    5   m 16 o
>>> 6   m 7 w
    7   m 10 s
    8   m 23 s


Turn 195
================================================================
warning: entity 2 was directed to use 1 halite to move north, but only 0 halite was available
At command 1 of 10:
>>> 1   m 2 n
    2   m 5 w
    3   m 7 w

warning: entity 10 was directed to use 1 halite to move south, but only 0 halite was available
At command 5 of 10:
    3   m 7 w
    4   m 20 e
>>> 5   m 10 s
    6   m 22 w
    7   m 23 s


Turn 196
================================================================
warning: entity 7 was directed to use 4 halite to move north, but only 1 halite was available
At command 3 of 10:
    1   m 5 w
    2   m 22 o
>>> 3   m 7 n
    4   m 20 e
    5   m 23 s


Turn 198
================================================================
warning: entity 2 was directed to use 3 halite to move north, but only 1 halite was available
At command 3 of 10:
    1   m 20 e
    2   m 7 w
>>> 3   m 2 n
    4   m 22 o
    5   m 10 o


Turn 201
================================================================
warning: entity 5 was directed to use 3 halite to move south, but only 0 halite was available
At command 3 of 10:
    1   m 20 e
    2   m 10 s
>>> 3   m 5 s
    4   m 2 n
    5   m 15 s


Turn 202
================================================================
warning: entity 2 was directed to use 2 halite to move east, but only 1 halite was available
At command 2 of 10:
    1   m 20 e
>>> 2   m 2 e
    3   m 15 s
    4   m 0 n

warning: entity 23 was directed to use 1 halite to move south, but only 0 halite was available
At command 5 of 10:
    3   m 15 s
    4   m 0 n
>>> 5   m 23 s
    6   m 10 s
    7   m 5 w

warning: entity 10 was directed to use 3 halite to move south, but only 2 halite was available
At command 6 of 10:
    4   m 0 n
    5   m 23 s
>>> 6   m 10 s
    7   m 5 w
    8   m 7 o


Turn 205
================================================================
warning: entity 5 was directed to use 3 halite to move west, but only 0 halite was available
At command 2 of 10:
    1   m 2 n
>>> 2   m 5 w
    3   m 20 n
    4   m 7 n

warning: entity 23 was directed to use 4 halite to move north, but only 2 halite was available
At command 6 of 10:
    4   m 7 n
    5   m 15 s
>>> 6   m 23 n
    7   m 0 n
    8   m 10 w


Turn 206
================================================================
warning: entity 2 was directed to use 4 halite to move east, but only 0 halite was available
At command 1 of 10:
>>> 1   m 2 e
    2   m 20 n
    3   m 15 s


Turn 207
================================================================
warning: entity 15 was directed to use 2 halite to move south, but only 0 halite was available
At command 2 of 10:
    1   m 20 n
>>> 2   m 15 s
    3   m 7 n
    4   m 5 n

warning: entity 10 was directed to use 4 halite to move west, but only 1 halite was available
At command 5 of 10:
    3   m 7 n
    4   m 5 n
>>> 5   m 10 w
    6   m 0 w
    7   m 23 e


Turn 208
================================================================
warning: entity 0 was directed to use 1 halite to move west, but only 0 halite was available
At command 6 of 10:
    4   m 20 w
    5   m 23 e
>>> 6   m 0 w
    7   m 15 w
    8   m 10 w


Turn 210
================================================================
warning: entity 2 was directed to use 4 halite to move north, but only 1 halite was available
At command 2 of 10:
    1   m 10 s
>>> 2   m 2 n
    3   m 0 n
    4   m 23 n

warning: entity 23 was directed to use 4 halite to move north, but only 0 halite was available
At command 4 of 10:
    2   m 2 n
    3   m 0 n
>>> 4   m 23 n
    5   m 15 s
    6   m 20 s

warning: entity 20 was directed to use 2 halite to move south, but only 0 halite was available
At command 6 of 10:
    4   m 23 n
    5   m 15 s
>>> 6   m 20 s
    7   m 16 o
    8   m 7 n


Turn 211
================================================================
warning: entity 10 was directed to use 4 halite to move west, but only 2 halite was available
At command 1 of 10:
>>> 1   m 10 w
    2   m 15 s
    3   m 7 o

warning: entity 0 was directed to use 2 halite to move north, but only 1 halite was available
At command 5 of 10:
    3   m 7 o
    4   m 2 n
>>> 5   m 0 n
    6   m 23 e
    7   m 20 w


Turn 212
================================================================
warning: entity 15 was directed to use 2 halite to move west, but only 1 halite was available
At command 3 of 10:
    1   m 2 n
    2   m 20 n
>>> 3   m 15 w
    4   m 16 n
    5   m 22 w


Turn 213
================================================================
warning: entity 23 was directed to use 5 halite to move north, but only 4 halite was available
At command 5 of 10:
    3   m 5 o
    4   m 10 s
>>> 5   m 23 n
    6   m 0 n
    7   m 20 w

warning: entity 20 was directed to use 3 halite to move west, but only 1 halite was available
At command 7 of 10:
    5   m 23 n
    6   m 0 n
>>> 7   m 20 w
    8   m 16 n
    9   m 15 w


Turn 214
================================================================
warning: entity 2 was directed to use 4 halite to move north, but only 1 halite was available
At command 6 of 10:
    4   m 22 o
    5   m 7 o
>>> 6   m 2 n
    7   m 5 o
    8   m 0 w

warning: entity 0 was directed to use 4 halite to move west, but only 3 halite was available
At command 8 of 10:
    6   m 2 n
    7   m 5 o
>>> 8   m 0 w
    9   m 23 e
    10   m 20 w


Turn 215
================================================================
warning: entity 15 was directed to use 3 halite to move south, but only 2 halite was available
At command 1 of 10:
>>> 1   m 15 s
    2   m 20 n
    3   m 10 s


Turn 217
================================================================
warning: entity 20 was directed to use 4 halite to move west, but only 1 halite was available
At command 4 of 10:
    2   m 2 e
    3   m 15 w
>>> 4   m 20 w
    5   m 7 o
    6   m 10 o


Turn 218
================================================================
warning: entity 2 was directed to use 4 halite to move north, but only 0 halite was available
At command 2 of 10:
    1   m 16 e
>>> 2   m 2 n
    3   m 22 e
    4   m 15 w


Turn 221
================================================================
warning: entity 15 was directed to use 5 halite to move south, but only 1 halite was available
At command 5 of 10:
    3   m 23 o
    4   m 0 o
>>> 5   m 15 s
    6   m 20 w
    7   m 16 n


Turn 222
================================================================
warning: entity 20 was directed to use 4 halite to move north, but only 1 halite was available
At command 2 of 10:
    1   m 22 o
>>> 2   m 20 n
    3   m 16 o
    4   m 10 o


Turn 226
================================================================
warning: entity 15 was directed to use 4 halite to move west, but only 2 halite was available
At command 1 of 10:
>>> 1   m 15 w
    2   m 20 w
    3   m 7 w

warning: entity 20 was directed to use 3 halite to move west, but only 2 halite was available
At command 2 of 10:
    1   m 15 w
>>> 2   m 20 w
    3   m 7 w
    4   m 2 o


Turn 242
================================================================
warning: entity 22 was directed to use 1 halite to move west, but only 0 halite was available
At command 2 of 10:
    1   m 16 w
>>> 2   m 22 w
    3   m 20 o
    4   m 2 o


Turn 246
================================================================
warning: entity 22 was directed to use 3 halite to move south, but only 0 halite was available
At command 4 of 10:
    2   m 5 s
    3   m 10 o
>>> 4   m 22 s
    5   m 16 w
    6   m 20 o


Turn 249
================================================================
warning: entity 22 was directed to use 3 halite to move west, but only 2 halite was available
At command 2 of 10:
    1   m 5 s
>>> 2   m 22 w
    3   m 15 e
    4   m 16 o


Turn 253
================================================================
warning: entity 22 was directed to use 4 halite to move south, but only 2 halite was available
At command 1 of 9:
>>> 1   m 22 s
    2   m 16 o
    3   m 5 e

warning: entity 5 was directed to use 3 halite to move east, but only 0 halite was available
At command 3 of 9:
    1   m 22 s
    2   m 16 o
>>> 3   m 5 e
    4   m 15 e
    5   m 7 o


Turn 257
================================================================
warning: entity 5 was directed to use 3 halite to move south, but only 0 halite was available
At command 2 of 9:
    1   m 15 o
>>> 2   m 5 s
    3   m 10 n
    4   m 0 e


Turn 261
================================================================
warning: entity 5 was directed to use 4 halite to move east, but only 0 halite was available
At command 6 of 9:
    4   m 22 w
    5   m 15 o
>>> 6   m 5 e
    7   m 7 e
    8   m 23 o


Turn 268
================================================================
warning: entity 0 was directed to use 1 halite to move south, but only 0 halite was available
At command 2 of 9:
    1   m 22 o
>>> 2   m 0 s
    3   m 23 w
    4   m 16 n


Turn 270
================================================================
warning: entity 0 was directed to use 5 halite to move east, but only 3 halite was available
At command 7 of 9:
    5   m 16 o
    6   m 23 w
>>> 7   m 0 e
    8   m 10 o
    9   m 22 o


Turn 273
================================================================
warning: entity 16 was directed to use 4 halite to move east, but only 0 halite was available
At command 3 of 9:
    1   m 5 o
    2   m 15 n
>>> 3   m 16 e
    4   m 10 n
    5   m 0 o


Turn 276
================================================================
warning: entity 15 was directed to use 1 halite to move east, but only 0 halite was available
At command 1 of 9:
>>> 1   m 15 e
    2   m 5 e
    3   m 20 o


Turn 278
================================================================
warning: entity 16 was directed to use 4 halite to move east, but only 0 halite was available
At command 1 of 9:
>>> 1   m 16 e
    2   m 15 s
    3   m 20 e

warning: entity 15 was directed to use 4 halite to move south, but only 3 halite was available
At command 2 of 9:
    1   m 16 e
>>> 2   m 15 s
    3   m 20 e
    4   m 5 e


Turn 284
================================================================
warning: entity 10 was directed to use 4 halite to move west, but only 0 halite was available
At command 3 of 9:
    1   m 15 s
    2   m 7 o
>>> 3   m 10 w
    4   m 20 s
    5   m 22 o


Turn 286
================================================================
warning: entity 15 was directed to use 4 halite to move east, but only 3 halite was available
At command 1 of 9:
>>> 1   m 15 e
    2   m 10 w
    3   m 22 e


Turn 288
================================================================
warning: entity 10 was directed to use 3 halite to move west, but only 0 halite was available
At command 1 of 9:
>>> 1   m 10 w
    2   m 5 n
    3   m 16 n


Turn 290
================================================================
warning: entity 23 was directed to use 1 halite to move east, but only 0 halite was available
At command 8 of 9:
    6   m 7 e
    7   m 22 e
>>> 8   m 23 e
    9   m 0 o


Turn 291
================================================================
warning: entity 10 was directed to use 4 halite to move west, but only 3 halite was available
At command 2 of 9:
    1   m 20 s
>>> 2   m 10 w
    3   m 5 w
    4   m 16 e

warning: entity 15 was directed to use 4 halite to move south, but only 0 halite was available
At command 5 of 9:
    3   m 5 w
    4   m 16 e
>>> 5   m 15 s
    6   m 7 o
    7   m 22 e


Turn 293
================================================================
warning: entity 23 was directed to use 2 halite to move north, but only 0 halite was available
At command 8 of 9:
    6   m 7 s
    7   m 22 e
>>> 8   m 23 n
    9   m 0 o


Turn 295
================================================================
warning: entity 20 was directed to use 1 halite to move west, but only 0 halite was available
At command 2 of 9:
    1   m 16 e
>>> 2   m 20 w
    3   m 5 w
    4   m 10 n

warning: entity 15 was directed to use 4 halite to move south, but only 1 halite was available
At command 5 of 9:
    3   m 5 w
    4   m 10 n
>>> 5   m 15 s
    6   m 22 e
    7   m 7 e


Turn 296
================================================================
warning: entity 10 was directed to use 3 halite to move west, but only 0 halite was available
At command 3 of 9:
    1   m 16 e
    2   m 22 o
>>> 3   m 10 w
    4   m 7 s
    5   m 0 w

warning: entity 23 was directed to use 4 halite to move north, but only 2 halite was available
At command 6 of 9:
    4   m 7 s
    5   m 0 w
>>> 6   m 23 n
    7   m 5 w
    8   m 20 s


Turn 299
================================================================
warning: entity 20 was directed to use 3 halite to move south, but only 1 halite was available
At command 3 of 9:
    1   m 5 w
    2   m 15 e
>>> 3   m 20 s
    4   m 16 n
    5   m 0 w


Turn 300
================================================================
warning: entity 23 was directed to use 4 halite to move east, but only 3 halite was available
At command 5 of 9:
    3   m 15 o
    4   m 0 n
>>> 5   m 23 e
    6   m 5 n
    7   m 10 w


Turn 301
================================================================
warning: entity 10 was directed to use 4 halite to move north, but only 0 halite was available
At command 4 of 9:
    2   m 20 s
    3   m 22 o
>>> 4   m 10 n
    5   m 7 s
    6   m 16 o


Turn 304
================================================================
warning: entity 0 was directed to use 1 halite to move west, but only 0 halite was available
At command 6 of 9:
    4   m 5 n
    5   m 23 e
>>> 6   m 0 w
    7   m 15 e
    8   m 22 n


Turn 305
================================================================
warning: entity 20 was directed to use 3 halite to move west, but only 2 halite was available
At command 1 of 9:
>>> 1   m 20 w
    2   m 10 n
    3   m 16 o

warning: entity 10 was directed to use 4 halite to move north, but only 0 halite was available
At command 2 of 9:
    1   m 20 w
>>> 2   m 10 n
    3   m 16 o
    4   m 15 o


Turn 307
================================================================
warning: entity 0 was directed to use 3 halite to move east, but only 0 halite was available
At command 8 of 9:
    6   m 22 n
    7   m 7 o
>>> 8   m 0 e
    9   m 23 o


Turn 310
================================================================
warning: entity 0 was directed to use 4 halite to move north, but only 3 halite was available
At command 2 of 9:
    1   m 5 n
>>> 2   m 0 n
    3   m 23 e
    4   m 22 n


Turn 312
================================================================
warning: entity 5 was directed to use 3 halite to move north, but only 0 halite was available
At command 1 of 9:
>>> 1   m 5 n
    2   m 22 n
    3   m 23 e


Turn 316
================================================================
warning: entity 22 was directed to use 2 halite to move south, but only 0 halite was available
At command 1 of 9:
>>> 1   m 22 s
    2   m 5 n
    3   m 0 e

warning: entity 5 was directed to use 4 halite to move north, but only 2 halite was available
At command 2 of 9:
    1   m 22 s
>>> 2   m 5 n
    3   m 0 e
    4   m 23 n

warning: entity 0 was directed to use 4 halite to move east, but only 0 halite was available
At command 3 of 9:
    1   m 22 s
    2   m 5 n
>>> 3   m 0 e
    4   m 23 n
    5   m 20 s


Turn 320
================================================================
warning: entity 22 was directed to use 4 halite to move south, but only 0 halite was available
At command 2 of 9:
    1   m 20 o
>>> 2   m 22 s
    3   m 23 n
    4   m 0 e

warning: entity 0 was directed to use 3 halite to move east, but only 0 halite was available
At command 4 of 9:
    2   m 22 s
    3   m 23 n
>>> 4   m 0 e
    5   m 16 w
    6   m 5 w


Turn 322
================================================================
warning: entity 5 was directed to use 5 halite to move west, but only 0 halite was available
At command 1 of 9:
>>> 1   m 5 w
    2   m 22 e
    3   m 10 o


Turn 324
================================================================
warning: entity 0 was directed to use 4 halite to move east, but only 0 halite was available
At command 7 of 9:
    5   m 10 o
    6   m 20 s
>>> 7   m 0 e
    8   m 23 o
    9   m 15 w


Turn 325
================================================================
warning: entity 22 was directed to use 3 halite to move south, but only 1 halite was available
At command 1 of 9:
>>> 1   m 22 s
    2   m 16 w
    3   m 20 s


Turn 328
================================================================
warning: entity 22 was directed to use 4 halite to move east, but only 3 halite was available
At command 4 of 9:
    2   m 10 e
    3   m 20 o
>>> 4   m 22 e
    5   m 5 n
    6   m 16 o

warning: entity 5 was directed to use 3 halite to move north, but only 0 halite was available
At command 5 of 9:
    3   m 20 o
    4   m 22 e
>>> 5   m 5 n
    6   m 16 o
    7   m 7 w


Turn 331
================================================================
warning: entity 5 was directed to use 4 halite to move west, but only 3 halite was available
At command 5 of 9:
    3   m 22 e
    4   m 15 w
>>> 5   m 5 w
    6   m 20 o
    7   m 16 o


Turn 334
================================================================
warning: entity 22 was directed to use 3 halite to move south, but only 2 halite was available
At command 1 of 8:
>>> 1   m 22 s
    2   m 7 w
    3   m 10 e


Turn 349
================================================================
warning: entity 16 was directed to use 2 halite to move west, but only 0 halite was available
At command 5 of 8:
    3   m 7 n
    4   m 22 o
>>> 5   m 16 w
    6   m 23 o
    7   m 0 o


Turn 354
================================================================
warning: entity 7 was directed to use 3 halite to move west, but only 0 halite was available
At command 2 of 8:
    1   m 10 s
>>> 2   m 7 w
    3   m 16 s
    4   m 20 o

warning: entity 16 was directed to use 1 halite to move south, but only 0 halite was available
At command 3 of 8:
    1   m 10 s
    2   m 7 w
>>> 3   m 16 s
    4   m 20 o
    5   m 15 n


Turn 356
================================================================
warning: entity 16 was directed to use 4 halite to move north, but only 3 halite was available
At command 2 of 8:
    1   m 7 s
>>> 2   m 16 n
    3   m 20 e
    4   m 10 s

warning: owned entities 10, 15 collided on cell (23, 16) as the result of moves on this turn
At command 4 of 8:
    2   m 16 n
    3   m 20 e
>>> 4   m 10 s
    5   m 15 o
    6   m 23 s


Turn 358
================================================================
warning: entity 7 was directed to use 1 halite to move east, but only 0 halite was available
At command 2 of 6:
    1   m 20 n
>>> 2   m 7 e
    3   m 22 w
    4   m 0 s


Turn 362
================================================================
warning: owned entities 23, 7 collided on cell (23, 16) as the result of moves on this turn
At command 5 of 6:
    3   m 22 w
    4   m 0 s
>>> 5   m 23 s
    6   m 7 o


Turn 374
================================================================
warning: owned entities 20, 16 collided on cell (23, 16) as the result of moves on this turn
At command 1 of 4:
>>> 1   m 20 n
    2   m 22 w
    3   m 0 s


Turn 378
================================================================
warning: owned entities 22, 0 collided on cell (23, 16) as the result of moves on this turn
At command 2 of 2:
    1   m 0 o
>>> 2   m 22 n

