
Turn 5
================================================================
warning: entity 3 was directed to use 4 halite to move south, but only 0 halite was available
At command 1 of 3:
>>> 1   m 3 s
    2   m 1 w
    3   g


Turn 7
================================================================
warning: entity 5 was directed to use 5 halite to move west, but only 0 halite was available
At command 1 of 4:
>>> 1   m 5 w
    2   m 1 o
    3   m 3 w


Turn 9
================================================================
warning: entity 7 was directed to use 5 halite to move west, but only 0 halite was available
At command 2 of 5:
    1   m 5 o
>>> 2   m 7 w
    3   m 3 o
    4   m 1 o


Turn 36
================================================================
warning: entity 3 was directed to use 3 halite to move north, but only 0 halite was available
At command 2 of 5:
    1   m 5 e
>>> 2   m 3 n
    3   m 1 e
    4   m 9 w


Turn 46
================================================================
warning: entity 9 was directed to use 5 halite to move north, but only 0 halite was available
At command 1 of 5:
>>> 1   m 9 n
    2   m 7 n
    3   m 3 o


Turn 48
================================================================
warning: entity 7 was directed to use 2 halite to move south, but only 0 halite was available
At command 1 of 5:
>>> 1   m 7 s
    2   m 9 o
    3   m 3 w


Turn 50
================================================================
warning: entity 7 was directed to use 6 halite to move west, but only 5 halite was available
At command 2 of 6:
    1   m 1 o
>>> 2   m 7 w
    3   m 9 e
    4   m 3 o


Turn 52
================================================================
warning: entity 11 was directed to use 1 halite to move west, but only 0 halite was available
At command 1 of 7:
>>> 1   m 11 w
    2   m 1 w
    3   m 7 w

warning: entity 1 was directed to use 4 halite to move west, but only 2 halite was available
At command 2 of 7:
    1   m 11 w
>>> 2   m 1 w
    3   m 7 w
    4   m 9 o


Turn 54
================================================================
warning: entity 11 was directed to use 6 halite to move south, but only 4 halite was available
At command 2 of 7:
    1   m 7 s
>>> 2   m 11 s
    3   m 12 o
    4   m 1 n


Turn 55
================================================================
warning: entity 7 was directed to use 5 halite to move south, but only 1 halite was available
At command 1 of 7:
>>> 1   m 7 s
    2   m 5 n
    3   m 3 o


Turn 57
================================================================
warning: entity 5 was directed to use 3 halite to move north, but only 0 halite was available
At command 2 of 8:
    1   m 13 w
>>> 2   m 5 n
    3   m 11 o
    4   m 7 o


Turn 58
================================================================
warning: entity 13 was directed to use 1 halite to move west, but only 0 halite was available
At command 1 of 8:
>>> 1   m 13 w
    2   m 9 e
    3   m 5 n


Turn 60
================================================================
warning: entity 5 was directed to use 5 halite to move west, but only 0 halite was available
At command 1 of 8:
>>> 1   m 5 w
    2   m 3 e
    3   m 11 w


Turn 67
================================================================
warning: entity 3 was directed to use 3 halite to move north, but only 0 halite was available
At command 2 of 8:
    1   m 5 n
>>> 2   m 3 n
    3   m 13 w
    4   m 11 w


Turn 84
================================================================
warning: entity 9 was directed to use 4 halite to move south, but only 0 halite was available
At command 3 of 9:
    1   m 7 o
    2   m 11 e
>>> 3   m 9 s
    4   m 13 o
    5   m 16 w


Turn 87
================================================================
warning: entity 9 was directed to use 6 halite to move west, but only 4 halite was available
At command 1 of 9:
>>> 1   m 9 w
    2   m 7 s
    3   m 11 e

warning: entity 7 was directed to use 2 halite to move south, but only 0 halite was available
At command 2 of 9:
    1   m 9 w
>>> 2   m 7 s
    3   m 11 e
    4   m 13 e


Turn 89
================================================================
warning: entity 16 was directed to use 5 halite to move south, but only 4 halite was available
At command 6 of 9:
    4   m 11 n
    5   m 7 o
>>> 6   m 16 s
    7   m 5 w
    8   m 12 w


Turn 91
================================================================
warning: entity 9 was directed to use 6 halite to move west, but only 4 halite was available
At command 4 of 10:
    2   m 13 e
    3   m 3 n
>>> 4   m 9 w
    5   m 12 n
    6   m 1 e

warning: entity 12 was directed to use 3 halite to move north, but only 0 halite was available
At command 5 of 10:
    3   m 3 n
    4   m 9 w
>>> 5   m 12 n
    6   m 1 e
    7   m 18 w


Turn 94
================================================================
warning: entity 16 was directed to use 6 halite to move south, but only 3 halite was available
At command 5 of 10:
    3   m 13 s
    4   m 11 s
>>> 5   m 16 s
    6   m 5 e
    7   m 3 o


Turn 95
================================================================
warning: entity 12 was directed to use 6 halite to move north, but only 1 halite was available
At command 1 of 10:
>>> 1   m 12 n
    2   m 1 e
    3   m 13 n

warning: entity 11 was directed to use 3 halite to move west, but only 0 halite was available
At command 4 of 10:
    2   m 1 e
    3   m 13 n
>>> 4   m 11 w
    5   m 18 w
    6   m 7 o


Turn 96
================================================================
warning: entity 18 was directed to use 2 halite to move north, but only 1 halite was available
At command 7 of 10:
    5   m 12 n
    6   m 11 s
>>> 7   m 18 n
    8   m 7 o
    9   m 3 w


Turn 97
================================================================
warning: entity 13 was directed to use 6 halite to move north, but only 0 halite was available
At command 4 of 10:
    2   m 12 n
    3   m 1 e
>>> 4   m 13 n
    5   m 11 w
    6   m 9 o


Turn 98
================================================================
warning: entity 11 was directed to use 4 halite to move west, but only 2 halite was available
At command 4 of 11:
    2   m 12 w
    3   m 1 s
>>> 4   m 11 w
    5   m 7 o
    6   m 18 w


Turn 99
================================================================
warning: entity 18 was directed to use 5 halite to move north, but only 1 halite was available
At command 7 of 11:
    5   m 13 o
    6   m 11 s
>>> 7   m 18 n
    8   m 7 o
    9   m 9 o


Turn 100
================================================================
warning: entity 3 was directed to use 6 halite to move north, but only 0 halite was available
At command 1 of 12:
>>> 1   m 3 n
    2   m 19 e
    3   m 11 w


Turn 101
================================================================
warning: entity 19 was directed to use 5 halite to move east, but only 0 halite was available
At command 2 of 12:
    1   m 20 e
>>> 2   m 19 e
    3   m 11 s
    4   m 9 o


Turn 102
================================================================
warning: entity 11 was directed to use 4 halite to move south, but only 0 halite was available
At command 5 of 12:
    3   m 1 s
    4   m 20 e
>>> 5   m 11 s
    6   m 18 w
    7   m 5 s


Turn 103
================================================================
warning: entity 20 was directed to use 5 halite to move east, but only 0 halite was available
At command 3 of 12:
    1   m 13 n
    2   m 3 w
>>> 3   m 20 e
    4   m 1 s
    5   m 18 n

warning: entity 18 was directed to use 5 halite to move north, but only 0 halite was available
At command 5 of 12:
    3   m 20 e
    4   m 1 s
>>> 5   m 18 n
    6   m 5 s
    7   m 19 s


Turn 104
================================================================
warning: entity 3 was directed to use 4 halite to move north, but only 2 halite was available
At command 1 of 12:
>>> 1   m 3 n
    2   m 11 s
    3   m 13 o


Turn 107
================================================================
warning: entity 3 was directed to use 6 halite to move west, but only 5 halite was available
At command 3 of 12:
    1   m 19 o
    2   m 5 e
>>> 3   m 3 w
    4   m 9 o
    5   m 13 o


Turn 108
================================================================
warning: entity 5 was directed to use 4 halite to move east, but only 0 halite was available
At command 1 of 12:
>>> 1   m 5 e
    2   m 20 e
    3   m 16 o


Turn 112
================================================================
warning: entity 1 was directed to use 2 halite to move south, but only 0 halite was available
At command 3 of 12:
    1   m 3 n
    2   m 11 w
>>> 3   m 1 s
    4   m 5 o
    5   m 7 o


Turn 115
================================================================
warning: entity 1 was directed to use 3 halite to move west, but only 1 halite was available
At command 4 of 12:
    2   m 20 o
    3   m 11 o
>>> 4   m 1 w
    5   m 5 e
    6   m 13 o


Turn 118
================================================================
warning: entity 1 was directed to use 5 halite to move west, but only 2 halite was available
At command 3 of 12:
    1   m 16 e
    2   m 13 o
>>> 3   m 1 w
    4   m 9 o
    5   m 3 o


Turn 123
================================================================
warning: entity 1 was directed to use 5 halite to move south, but only 0 halite was available
At command 2 of 12:
    1   m 16 n
>>> 2   m 1 s
    3   m 18 e
    4   m 7 w


Turn 126
================================================================
warning: entity 16 was directed to use 4 halite to move east, but only 0 halite was available
At command 5 of 12:
    3   m 20 o
    4   m 7 n
>>> 5   m 16 e
    6   m 11 o
    7   m 1 o


Turn 129
================================================================
warning: entity 16 was directed to use 5 halite to move east, but only 3 halite was available
At command 3 of 12:
    1   m 18 s
    2   m 9 e
>>> 3   m 16 e
    4   m 7 n
    5   m 20 w


Turn 132
================================================================
warning: entity 7 was directed to use 1 halite to move south, but only 0 halite was available
At command 6 of 12:
    4   m 19 o
    5   m 20 w
>>> 6   m 7 s
    7   m 5 n
    8   m 12 e


Turn 134
================================================================
warning: entity 7 was directed to use 5 halite to move south, but only 4 halite was available
At command 2 of 12:
    1   m 9 n
>>> 2   m 7 s
    3   m 18 s
    4   m 20 w

warning: entity 18 was directed to use 3 halite to move south, but only 0 halite was available
At command 3 of 12:
    1   m 9 n
    2   m 7 s
>>> 3   m 18 s
    4   m 20 w
    5   m 12 e


Turn 137
================================================================
warning: entity 18 was directed to use 5 halite to move east, but only 1 halite was available
At command 2 of 12:
    1   m 1 o
>>> 2   m 18 e
    3   m 7 w
    4   m 3 e


Turn 139
================================================================
warning: entity 7 was directed to use 3 halite to move south, but only 2 halite was available
At command 2 of 12:
    1   m 11 e
>>> 2   m 7 s
    3   m 19 n
    4   m 20 e


Turn 141
================================================================
warning: entity 18 was directed to use 5 halite to move south, but only 2 halite was available
At command 2 of 12:
    1   m 7 s
>>> 2   m 18 s
    3   m 20 n
    4   m 3 s

warning: entity 20 was directed to use 4 halite to move north, but only 0 halite was available
At command 3 of 12:
    1   m 7 s
    2   m 18 s
>>> 3   m 20 n
    4   m 3 s
    5   m 11 e


Turn 142
================================================================
warning: entity 7 was directed to use 5 halite to move west, but only 4 halite was available
At command 3 of 12:
    1   m 12 o
    2   m 5 o
>>> 3   m 7 w
    4   m 3 s
    5   m 9 s


Turn 144
================================================================
warning: entity 20 was directed to use 4 halite to move south, but only 3 halite was available
At command 3 of 12:
    1   m 3 s
    2   m 18 s
>>> 3   m 20 s
    4   m 13 s
    5   m 11 n

warning: entity 9 was directed to use 1 halite to move west, but only 0 halite was available
At command 6 of 12:
    4   m 13 s
    5   m 11 n
>>> 6   m 9 w
    7   m 7 w
    8   m 16 o


Turn 146
================================================================
warning: entity 9 was directed to use 5 halite to move west, but only 4 halite was available
At command 3 of 12:
    1   m 3 o
    2   m 13 s
>>> 3   m 9 w
    4   m 16 w
    5   m 18 s

warning: entity 18 was directed to use 5 halite to move south, but only 0 halite was available
At command 5 of 12:
    3   m 9 w
    4   m 16 w
>>> 5   m 18 s
    6   m 7 o
    7   m 11 n


Turn 149
================================================================
warning: entity 12 was directed to use 3 halite to move east, but only 0 halite was available
At command 3 of 12:
    1   m 16 w
    2   m 9 w
>>> 3   m 12 e
    4   m 3 o
    5   m 7 s


Turn 152
================================================================
warning: entity 12 was directed to use 5 halite to move north, but only 1 halite was available
At command 1 of 12:
>>> 1   m 12 n
    2   m 9 s
    3   m 5 w

warning: entity 9 was directed to use 5 halite to move south, but only 0 halite was available
At command 2 of 12:
    1   m 12 n
>>> 2   m 9 s
    3   m 5 w
    4   m 16 o


Turn 154
================================================================
warning: entity 3 was directed to use 2 halite to move east, but only 0 halite was available
At command 2 of 12:
    1   m 9 w
>>> 2   m 3 e
    3   m 5 s
    4   m 12 o


Turn 155
================================================================
warning: entity 9 was directed to use 6 halite to move west, but only 4 halite was available
At command 4 of 12:
    2   m 5 s
    3   m 20 s
>>> 4   m 9 w
    5   m 13 e
    6   m 1 e


Turn 156
================================================================
warning: entity 13 was directed to use 3 halite to move east, but only 0 halite was available
At command 6 of 12:
    4   m 20 s
    5   m 5 s
>>> 6   m 13 e
    7   m 7 o
    8   m 9 s


Turn 157
================================================================
warning: entity 3 was directed to use 4 halite to move east, but only 0 halite was available
At command 4 of 12:
    2   m 1 e
    3   m 19 o
>>> 4   m 3 e
    5   m 20 e
    6   m 5 s


Turn 159
================================================================
warning: entity 9 was directed to use 5 halite to move south, but only 3 halite was available
At command 7 of 12:
    5   m 16 n
    6   m 3 s
>>> 7   m 9 s
    8   m 5 s
    9   m 20 o


Turn 160
================================================================
warning: entity 19 was directed to use 5 halite to move east, but only 0 halite was available
At command 2 of 12:
    1   m 12 e
>>> 2   m 19 e
    3   m 5 s
    4   m 11 n

warning: entity 11 was directed to use 1 halite to move north, but only 0 halite was available
At command 4 of 12:
    2   m 19 e
    3   m 5 s
>>> 4   m 11 n
    5   m 1 e
    6   m 16 w

warning: entity 3 was directed to use 6 halite to move east, but only 4 halite was available
At command 7 of 12:
    5   m 1 e
    6   m 16 w
>>> 7   m 3 e
    8   m 18 e
    9   m 7 w


Turn 162
================================================================
warning: entity 16 was directed to use 2 halite to move south, but only 0 halite was available
At command 6 of 12:
    4   m 13 o
    5   m 1 n
>>> 6   m 16 s
    7   m 9 w
    8   m 20 o


Turn 163
================================================================
warning: entity 11 was directed to use 4 halite to move north, but only 0 halite was available
At command 1 of 12:
>>> 1   m 11 n
    2   m 5 s
    3   m 9 o

warning: entity 19 was directed to use 5 halite to move east, but only 4 halite was available
At command 8 of 12:
    6   m 7 o
    7   m 1 n
>>> 8   m 19 e
    9   m 13 e
    10   m 16 s


Turn 165
================================================================
warning: entity 3 was directed to use 5 halite to move east, but only 4 halite was available
At command 4 of 12:
    2   m 20 s
    3   m 1 n
>>> 4   m 3 e
    5   m 5 s
    6   m 13 s


Turn 166
================================================================
warning: entity 16 was directed to use 6 halite to move west, but only 1 halite was available
At command 3 of 12:
    1   m 13 s
    2   m 11 o
>>> 3   m 16 w
    4   m 20 o
    5   m 1 n


Turn 167
================================================================
warning: entity 19 was directed to use 5 halite to move north, but only 4 halite was available
At command 2 of 12:
    1   m 1 n
>>> 2   m 19 n
    3   m 13 o
    4   m 5 e


Turn 168
================================================================
warning: entity 5 was directed to use 2 halite to move east, but only 0 halite was available
At command 1 of 12:
>>> 1   m 5 e
    2   m 1 n
    3   m 3 o


Turn 171
================================================================
warning: entity 16 was directed to use 5 halite to move west, but only 2 halite was available
At command 5 of 12:
    3   m 1 n
    4   m 11 o
>>> 5   m 16 w
    6   m 5 e
    7   m 9 o

warning: entity 5 was directed to use 3 halite to move east, but only 1 halite was available
At command 6 of 12:
    4   m 11 o
    5   m 16 w
>>> 6   m 5 e
    7   m 9 o
    8   m 19 o


Turn 174
================================================================
warning: entity 5 was directed to use 4 halite to move east, but only 3 halite was available
At command 5 of 12:
    3   m 1 n
    4   m 16 o
>>> 5   m 5 e
    6   m 20 o
    7   m 19 o


Turn 176
================================================================
warning: entity 1 was directed to use 4 halite to move west, but only 0 halite was available
At command 2 of 12:
    1   m 13 e
>>> 2   m 1 w
    3   m 5 s
    4   m 7 e


Turn 178
================================================================
warning: entity 5 was directed to use 5 halite to move east, but only 1 halite was available
At command 4 of 12:
    2   m 19 e
    3   m 13 e
>>> 4   m 5 e
    5   m 7 e
    6   m 3 e


Turn 180
================================================================
warning: entity 1 was directed to use 5 halite to move north, but only 0 halite was available
At command 2 of 12:
    1   m 18 o
>>> 2   m 1 n
    3   m 19 o
    4   m 20 w


Turn 192
================================================================
warning: entity 12 was directed to use 2 halite to move north, but only 0 halite was available
At command 9 of 12:
    7   m 7 n
    8   m 1 n
>>> 9   m 12 n
    10   m 13 o
    11   m 11 o


Turn 195
================================================================
warning: entity 12 was directed to use 6 halite to move north, but only 0 halite was available
At command 2 of 11:
    1   m 16 n
>>> 2   m 12 n
    3   m 5 s
    4   m 18 w

warning: entity 20 was directed to use 1 halite to move north, but only 0 halite was available
At command 5 of 11:
    3   m 5 s
    4   m 18 w
>>> 5   m 20 n
    6   m 1 o
    7   m 7 n


Turn 198
================================================================
warning: entity 20 was directed to use 6 halite to move north, but only 1 halite was available
At command 2 of 11:
    1   m 5 e
>>> 2   m 20 n
    3   m 12 e
    4   m 9 n


Turn 199
================================================================
warning: entity 7 was directed to use 3 halite to move west, but only 0 halite was available
At command 5 of 11:
    3   m 18 w
    4   m 11 e
>>> 5   m 7 w
    6   m 5 s
    7   m 9 n

warning: entity 12 was directed to use 5 halite to move north, but only 3 halite was available
At command 8 of 11:
    6   m 5 s
    7   m 9 n
>>> 8   m 12 n
    9   m 3 o
    10   m 20 w


Turn 201
================================================================
warning: entity 16 was directed to use 1 halite to move north, but only 0 halite was available
At command 5 of 11:
    3   m 18 n
    4   m 11 e
>>> 5   m 16 n
    6   m 12 n
    7   m 9 n


Turn 202
================================================================
warning: entity 20 was directed to use 6 halite to move north, but only 3 halite was available
At command 6 of 11:
    4   m 9 e
    5   m 11 e
>>> 6   m 20 n
    7   m 13 o
    8   m 5 o


Turn 203
================================================================
warning: entity 7 was directed to use 5 halite to move west, but only 2 halite was available
At command 3 of 11:
    1   m 12 n
    2   m 18 n
>>> 3   m 7 w
    4   m 3 w
    5   m 9 e

warning: entity 9 was directed to use 1 halite to move east, but only 0 halite was available
At command 5 of 11:
    3   m 7 w
    4   m 3 w
>>> 5   m 9 e
    6   m 11 e
    7   m 16 s

warning: entity 16 was directed to use 6 halite to move south, but only 4 halite was available
At command 7 of 11:
    5   m 9 e
    6   m 11 e
>>> 7   m 16 s
    8   m 20 n
    9   m 13 o


Turn 204
================================================================
warning: entity 12 was directed to use 5 halite to move east, but only 1 halite was available
At command 1 of 11:
>>> 1   m 12 e
    2   m 18 n
    3   m 3 w


Turn 206
================================================================
warning: entity 9 was directed to use 4 halite to move east, but only 0 halite was available
At command 6 of 11:
    4   m 11 s
    5   m 1 e
>>> 6   m 9 e
    7   m 5 e
    8   m 12 o


Turn 209
================================================================
warning: entity 16 was directed to use 4 halite to move north, but only 0 halite was available
At command 1 of 11:
>>> 1   m 16 n
    2   m 3 w
    3   m 11 s

warning: entity 9 was directed to use 6 halite to move north, but only 3 halite was available
At command 8 of 11:
    6   m 5 o
    7   m 13 e
>>> 8   m 9 n
    9   m 12 n
    10   m 20 o


Turn 213
================================================================
warning: entity 9 was directed to use 5 halite to move north, but only 4 halite was available
At command 3 of 11:
    1   m 11 s
    2   m 20 n
>>> 3   m 9 n
    4   m 7 s
    5   m 3 w


Turn 215
================================================================
warning: entity 18 was directed to use 3 halite to move north, but only 0 halite was available
At command 9 of 11:
    7   m 11 s
    8   m 7 o
>>> 9   m 18 n
    10   m 16 o
    11   m 5 o


Turn 218
================================================================
warning: entity 9 was directed to use 6 halite to move east, but only 0 halite was available
At command 3 of 11:
    1   m 3 n
    2   m 1 s
>>> 3   m 9 e
    4   m 13 e
    5   m 11 n

warning: entity 11 was directed to use 1 halite to move north, but only 0 halite was available
At command 5 of 11:
    3   m 9 e
    4   m 13 e
>>> 5   m 11 n
    6   m 18 n
    7   m 5 s

warning: entity 18 was directed to use 6 halite to move north, but only 3 halite was available
At command 6 of 11:
    4   m 13 e
    5   m 11 n
>>> 6   m 18 n
    7   m 5 s
    8   m 20 w


Turn 220
================================================================
warning: entity 11 was directed to use 4 halite to move north, but only 3 halite was available
At command 7 of 10:
    5   m 13 e
    6   m 9 n
>>> 7   m 11 n
    8   m 7 o
    9   m 12 o


Turn 221
================================================================
warning: entity 9 was directed to use 6 halite to move east, but only 5 halite was available
At command 1 of 10:
>>> 1   m 9 e
    2   m 18 n
    3   m 13 e

warning: entity 1 was directed to use 1 halite to move east, but only 0 halite was available
At command 4 of 10:
    2   m 18 n
    3   m 13 e
>>> 4   m 1 e
    5   m 3 n
    6   m 16 o


Turn 223
================================================================
warning: entity 18 was directed to use 3 halite to move north, but only 2 halite was available
At command 2 of 10:
    1   m 3 n
>>> 2   m 18 n
    3   m 9 o
    4   m 13 n

warning: entity 1 was directed to use 4 halite to move east, but only 3 halite was available
At command 7 of 10:
    5   m 11 w
    6   m 12 w
>>> 7   m 1 e
    8   m 7 o
    9   m 16 o


Turn 225
================================================================
warning: entity 11 was directed to use 5 halite to move north, but only 0 halite was available
At command 1 of 10:
>>> 1   m 11 n
    2   m 3 n
    3   m 13 n


Turn 227
================================================================
warning: entity 1 was directed to use 5 halite to move north, but only 4 halite was available
At command 4 of 10:
    2   m 12 w
    3   m 11 n
>>> 4   m 1 n
    5   m 3 n
    6   m 18 o


Turn 232
================================================================
warning: entity 1 was directed to use 5 halite to move east, but only 0 halite was available
At command 2 of 10:
    1   m 16 e
>>> 2   m 1 e
    3   m 12 w
    4   m 13 n

warning: entity 3 was directed to use 3 halite to move north, but only 0 halite was available
At command 5 of 10:
    3   m 12 w
    4   m 13 n
>>> 5   m 3 n
    6   m 18 o
    7   m 7 o


Turn 236
================================================================
warning: entity 3 was directed to use 5 halite to move west, but only 0 halite was available
At command 4 of 10:
    2   m 11 w
    3   m 16 e
>>> 4   m 3 w
    5   m 13 s
    6   m 1 e

warning: entity 1 was directed to use 5 halite to move east, but only 0 halite was available
At command 6 of 10:
    4   m 3 w
    5   m 13 s
>>> 6   m 1 e
    7   m 7 e
    8   m 9 o


Turn 237
================================================================
warning: entity 13 was directed to use 1 halite to move east, but only 0 halite was available
At command 2 of 10:
    1   m 12 o
>>> 2   m 13 e
    3   m 11 o
    4   m 16 s


Turn 239
================================================================
warning: entity 1 was directed to use 5 halite to move east, but only 4 halite was available
At command 4 of 10:
    2   m 16 s
    3   m 9 o
>>> 4   m 1 e
    5   m 3 n
    6   m 12 s


Turn 240
================================================================
warning: entity 3 was directed to use 6 halite to move north, but only 2 halite was available
At command 2 of 10:
    1   m 7 e
>>> 2   m 3 n
    3   m 13 e
    4   m 12 s

warning: entity 13 was directed to use 2 halite to move east, but only 0 halite was available
At command 3 of 10:
    1   m 7 e
    2   m 3 n
>>> 3   m 13 e
    4   m 12 s
    5   m 16 s


Turn 243
================================================================
warning: entity 13 was directed to use 4 halite to move south, but only 1 halite was available
At command 6 of 10:
    4   m 16 w
    5   m 20 o
>>> 6   m 13 s
    7   m 1 n
    8   m 11 o


Turn 244
================================================================
warning: entity 16 was directed to use 2 halite to move north, but only 0 halite was available
At command 1 of 10:
>>> 1   m 16 n
    2   m 9 w
    3   m 3 n

warning: entity 3 was directed to use 5 halite to move north, but only 4 halite was available
At command 3 of 10:
    1   m 16 n
    2   m 9 w
>>> 3   m 3 n
    4   m 7 n
    5   m 12 s


Turn 245
================================================================
warning: entity 12 was directed to use 1 halite to move east, but only 0 halite was available
At command 3 of 10:
    1   m 18 e
    2   m 9 w
>>> 3   m 12 e
    4   m 1 n
    5   m 7 n


Turn 247
================================================================
warning: entity 13 was directed to use 4 halite to move south, but only 0 halite was available
At command 6 of 10:
    4   m 16 w
    5   m 20 e
>>> 6   m 13 s
    7   m 12 s
    8   m 11 e

warning: entity 12 was directed to use 5 halite to move south, but only 3 halite was available
At command 7 of 10:
    5   m 20 e
    6   m 13 s
>>> 7   m 12 s
    8   m 11 e
    9   m 1 o


Turn 248
================================================================
warning: entity 16 was directed to use 6 halite to move north, but only 0 halite was available
At command 4 of 10:
    2   m 20 e
    3   m 9 w
>>> 4   m 16 n
    5   m 7 n
    6   m 3 n


Turn 250
================================================================
warning: entity 13 was directed to use 5 halite to move south, but only 3 halite was available
At command 5 of 10:
    3   m 18 e
    4   m 1 o
>>> 5   m 13 s
    6   m 9 w
    7   m 20 e


Turn 252
================================================================
warning: entity 12 was directed to use 4 halite to move east, but only 1 halite was available
At command 2 of 10:
    1   m 1 o
>>> 2   m 12 e
    3   m 11 e
    4   m 18 s


Turn 254
================================================================
warning: entity 13 was directed to use 5 halite to move south, but only 2 halite was available
At command 2 of 10:
    1   m 11 e
>>> 2   m 13 s
    3   m 20 e
    4   m 18 s


Turn 256
================================================================
warning: entity 7 was directed to use 1 halite to move north, but only 0 halite was available
At command 3 of 10:
    1   m 11 s
    2   m 18 s
>>> 3   m 7 n
    4   m 20 e
    5   m 12 s

warning: entity 12 was directed to use 6 halite to move south, but only 0 halite was available
At command 5 of 10:
    3   m 7 n
    4   m 20 e
>>> 5   m 12 s
    6   m 16 n
    7   m 13 e


Turn 258
================================================================
warning: entity 7 was directed to use 6 halite to move east, but only 3 halite was available
At command 1 of 10:
>>> 1   m 7 e
    2   m 3 o
    3   m 20 e

warning: entity 13 was directed to use 5 halite to move south, but only 2 halite was available
At command 7 of 10:
    5   m 18 s
    6   m 16 w
>>> 7   m 13 s
    8   m 9 s
    9   m 12 o


Turn 263
================================================================
warning: entity 7 was directed to use 6 halite to move east, but only 2 halite was available
At command 1 of 10:
>>> 1   m 7 e
    2   m 18 w
    3   m 20 s

warning: entity 18 was directed to use 1 halite to move west, but only 0 halite was available
At command 2 of 10:
    1   m 7 e
>>> 2   m 18 w
    3   m 20 s
    4   m 11 e


Turn 265
================================================================
warning: entity 18 was directed to use 5 halite to move east, but only 3 halite was available
At command 2 of 10:
    1   m 9 w
>>> 2   m 18 e
    3   m 20 s
    4   m 11 e

warning: entity 11 was directed to use 3 halite to move east, but only 0 halite was available
At command 4 of 10:
    2   m 18 e
    3   m 20 s
>>> 4   m 11 e
    5   m 7 e
    6   m 3 o


Turn 267
================================================================
warning: entity 9 was directed to use 4 halite to move west, but only 0 halite was available
At command 1 of 10:
>>> 1   m 9 w
    2   m 20 s
    3   m 7 e


Turn 268
================================================================
warning: entity 7 was directed to use 5 halite to move north, but only 0 halite was available
At command 5 of 10:
    3   m 18 s
    4   m 20 s
>>> 5   m 7 n
    6   m 11 s
    7   m 3 e


Turn 270
================================================================
warning: entity 9 was directed to use 4 halite to move west, but only 2 halite was available
At command 1 of 10:
>>> 1   m 9 w
    2   m 20 s
    3   m 13 o

warning: entity 18 was directed to use 6 halite to move east, but only 3 halite was available
At command 5 of 10:
    3   m 13 o
    4   m 3 e
>>> 5   m 18 e
    6   m 16 n
    7   m 11 e


Turn 272
================================================================
warning: entity 7 was directed to use 5 halite to move north, but only 3 halite was available
At command 4 of 10:
    2   m 3 e
    3   m 18 e
>>> 4   m 7 n
    5   m 13 o
    6   m 20 s

warning: entity 11 was directed to use 6 halite to move south, but only 2 halite was available
At command 8 of 10:
    6   m 20 s
    7   m 16 n
>>> 8   m 11 s
    9   m 9 w
    10   m 12 o


Turn 274
================================================================
warning: entity 20 was directed to use 2 halite to move east, but only 0 halite was available
At command 8 of 10:
    6   m 18 e
    7   m 1 w
>>> 8   m 20 e
    9   m 13 o
    10   m 12 o


Turn 275
================================================================
warning: entity 9 was directed to use 5 halite to move west, but only 0 halite was available
At command 2 of 10:
    1   m 3 s
>>> 2   m 9 w
    3   m 16 n
    4   m 7 e

warning: entity 18 was directed to use 5 halite to move east, but only 2 halite was available
At command 5 of 10:
    3   m 16 n
    4   m 7 e
>>> 5   m 18 e
    6   m 1 w
    7   m 11 o


Turn 276
================================================================
warning: entity 7 was directed to use 5 halite to move north, but only 3 halite was available
At command 5 of 10:
    3   m 20 e
    4   m 3 s
>>> 5   m 7 n
    6   m 1 w
    7   m 13 o


Turn 277
================================================================
warning: entity 20 was directed to use 4 halite to move south, but only 2 halite was available
At command 2 of 10:
    1   m 18 e
>>> 2   m 20 s
    3   m 12 s
    4   m 16 o


Turn 279
================================================================
warning: entity 9 was directed to use 6 halite to move west, but only 0 halite was available
At command 6 of 10:
    4   m 1 w
    5   m 3 s
>>> 6   m 9 w
    7   m 7 n
    8   m 12 o


Turn 281
================================================================
warning: entity 20 was directed to use 4 halite to move east, but only 3 halite was available
At command 1 of 10:
>>> 1   m 20 e
    2   m 7 o
    3   m 9 w


Turn 283
================================================================
warning: entity 9 was directed to use 5 halite to move west, but only 3 halite was available
At command 2 of 10:
    1   m 1 w
>>> 2   m 9 w
    3   m 3 s
    4   m 11 s


Turn 285
================================================================
warning: entity 20 was directed to use 6 halite to move south, but only 2 halite was available
At command 1 of 10:
>>> 1   m 20 s
    2   m 13 e
    3   m 9 o


Turn 289
================================================================
warning: entity 3 was directed to use 2 halite to move west, but only 0 halite was available
At command 5 of 10:
    3   m 1 s
    4   m 7 o
>>> 5   m 3 w
    6   m 12 w
    7   m 11 o


Turn 290
================================================================
warning: entity 20 was directed to use 5 halite to move east, but only 0 halite was available
At command 1 of 10:
>>> 1   m 20 e
    2   m 12 w
    3   m 16 n


Turn 292
================================================================
warning: entity 3 was directed to use 4 halite to move north, but only 2 halite was available
At command 4 of 10:
    2   m 20 e
    3   m 12 n
>>> 4   m 3 n
    5   m 18 o
    6   m 16 o


Turn 294
================================================================
warning: entity 20 was directed to use 6 halite to move east, but only 0 halite was available
At command 2 of 10:
    1   m 3 n
>>> 2   m 20 e
    3   m 7 e
    4   m 1 s


Turn 297
================================================================
warning: entity 3 was directed to use 2 halite to move north, but only 1 halite was available
At command 2 of 10:
    1   m 7 o
>>> 2   m 3 n
    3   m 18 s
    4   m 1 e

warning: entity 1 was directed to use 1 halite to move east, but only 0 halite was available
At command 4 of 10:
    2   m 3 n
    3   m 18 s
>>> 4   m 1 e
    5   m 12 n
    6   m 20 e


Turn 298
================================================================
warning: entity 20 was directed to use 6 halite to move east, but only 2 halite was available
At command 3 of 10:
    1   m 18 s
    2   m 12 n
>>> 3   m 20 e
    4   m 11 e
    5   m 7 o


Turn 300
================================================================
warning: entity 1 was directed to use 3 halite to move north, but only 1 halite was available
At command 2 of 10:
    1   m 12 n
>>> 2   m 1 n
    3   m 11 e
    4   m 3 n

warning: entity 3 was directed to use 5 halite to move north, but only 0 halite was available
At command 4 of 10:
    2   m 1 n
    3   m 11 e
>>> 4   m 3 n
    5   m 20 s
    6   m 18 o


Turn 303
================================================================
warning: entity 1 was directed to use 4 halite to move east, but only 2 halite was available
At command 3 of 10:
    1   m 11 o
    2   m 12 e
>>> 3   m 1 e
    4   m 3 n
    5   m 20 s

warning: entity 3 was directed to use 6 halite to move north, but only 5 halite was available
At command 4 of 10:
    2   m 12 e
    3   m 1 e
>>> 4   m 3 n
    5   m 20 s
    6   m 9 o


Turn 305
================================================================
warning: entity 12 was directed to use 1 halite to move east, but only 0 halite was available
At command 1 of 10:
>>> 1   m 12 e
    2   m 1 n
    3   m 20 s


Turn 306
================================================================
warning: entity 1 was directed to use 5 halite to move east, but only 4 halite was available
At command 1 of 10:
>>> 1   m 1 e
    2   m 3 w
    3   m 20 o


Turn 307
================================================================
warning: entity 12 was directed to use 4 halite to move south, but only 3 halite was available
At command 3 of 10:
    1   m 3 w
    2   m 9 w
>>> 3   m 12 s
    4   m 1 e
    5   m 20 o


Turn 308
================================================================
warning: entity 3 was directed to use 5 halite to move west, but only 2 halite was available
At command 1 of 10:
>>> 1   m 3 w
    2   m 9 w
    3   m 1 n


Turn 311
================================================================
warning: entity 1 was directed to use 4 halite to move east, but only 1 halite was available
At command 2 of 10:
    1   m 12 e
>>> 2   m 1 e
    3   m 11 e
    4   m 9 o


Turn 312
================================================================
warning: entity 12 was directed to use 5 halite to move south, but only 0 halite was available
At command 3 of 10:
    1   m 11 o
    2   m 20 o
>>> 3   m 12 s
    4   m 1 e
    5   m 9 o


Turn 314
================================================================
warning: entity 1 was directed to use 6 halite to move east, but only 5 halite was available
At command 1 of 10:
>>> 1   m 1 e
    2   m 11 o
    3   m 12 e


Turn 320
================================================================
warning: entity 1 was directed to use 3 halite to move north, but only 1 halite was available
At command 1 of 10:
>>> 1   m 1 n
    2   m 12 e
    3   m 9 o


Turn 323
================================================================
warning: entity 1 was directed to use 5 halite to move north, but only 4 halite was available
At command 1 of 9:
>>> 1   m 1 n
    2   m 3 o
    3   m 20 o


Turn 348
================================================================
warning: entity 3 was directed to use 1 halite to move east, but only 0 halite was available
At command 2 of 9:
    1   m 9 n
>>> 2   m 3 e
    3   m 1 o
    4   m 20 o


Turn 360
================================================================
warning: entity 9 was directed to use 1 halite to move west, but only 0 halite was available
At command 4 of 10:
    2   m 1 s
    3   m 11 w
>>> 4   m 9 w
    5   m 16 e
    6   m 7 e

warning: owned entities 5, 18 collided on cell (25, 28) as the result of moves on this turn
At command 7 of 10:
    5   m 16 e
    6   m 7 e
>>> 7   m 5 e
    8   m 13 w
    9   m 3 n

Other commands that placed an entity on this cell:
    8   m 13 w
    9   m 3 n
>>> 10   m 18 n


Turn 363
================================================================
warning: entity 9 was directed to use 5 halite to move north, but only 0 halite was available
At command 7 of 8:
    5   m 20 e
    6   m 13 n
>>> 7   m 9 n
    8   m 3 n


Turn 368
================================================================
warning: entity 3 was directed to use 1 halite to move west, but only 0 halite was available
At command 3 of 8:
    1   m 11 n
    2   m 7 e
>>> 3   m 3 w
    4   m 16 n
    5   m 20 e

warning: entity 9 was directed to use 1 halite to move north, but only 0 halite was available
At command 6 of 8:
    4   m 16 n
    5   m 20 e
>>> 6   m 9 n
    7   m 13 w
    8   m 1 n


Turn 371
================================================================
warning: entity 3 was directed to use 3 halite to move west, but only 0 halite was available
At command 1 of 8:
>>> 1   m 3 w
    2   m 7 s
    3   m 11 w

warning: entity 9 was directed to use 5 halite to move west, but only 3 halite was available
At command 6 of 8:
    4   m 13 w
    5   m 16 e
>>> 6   m 9 w
    7   m 20 n
    8   m 1 n


Turn 374
================================================================
warning: entity 3 was directed to use 5 halite to move west, but only 4 halite was available
At command 4 of 7:
    2   m 20 n
    3   m 7 e
>>> 4   m 3 w
    5   m 13 w
    6   m 9 w


Turn 375
================================================================
warning: entity 9 was directed to use 5 halite to move west, but only 1 halite was available
At command 6 of 7:
    4   m 7 e
    5   m 13 n
>>> 6   m 9 w
    7   m 3 w


Turn 379
================================================================
warning: entity 9 was directed to use 5 halite to move north, but only 1 halite was available
At command 5 of 7:
    3   m 13 w
    4   m 20 n
>>> 5   m 9 n
    6   m 3 w
    7   m 1 e


Turn 381
================================================================
warning: entity 3 was directed to use 6 halite to move north, but only 2 halite was available
At command 2 of 7:
    1   m 1 n
>>> 2   m 3 n
    3   m 11 n
    4   m 9 n


Turn 385
================================================================
warning: owned entities 20, 11 collided on cell (8, 16) as the result of moves on this turn
At command 4 of 7:
    2   m 7 s
    3   m 3 e
>>> 4   m 20 e
    5   m 9 n
    6   m 11 w

Other commands that placed an entity on this cell:
    4   m 20 e
    5   m 9 n
>>> 6   m 11 w
    7   m 1 e


Turn 386
================================================================
warning: owned entities 7, 13 collided on cell (8, 16) as the result of moves on this turn
At command 1 of 5:
>>> 1   m 7 s
    2   m 1 o
    3   m 9 w

Other commands that placed an entity on this cell:
    2   m 1 o
    3   m 9 w
>>> 4   m 13 n
    5   m 3 s


Turn 388
================================================================
warning: entity 9 was directed to use 2 halite to move north, but only 0 halite was available
At command 1 of 3:
>>> 1   m 9 n
    2   m 1 n
    3   m 3 e


Turn 391
================================================================
warning: entity 9 was directed to use 6 halite to move west, but only 1 halite was available
At command 3 of 3:
    1   m 3 e
    2   m 1 n
>>> 3   m 9 w


Turn 399
================================================================
warning: entity 3 was directed to use 2 halite to move west, but only 0 halite was available
At command 2 of 2:
    1   m 1 w
>>> 2   m 3 w

