
Turn 18
================================================================
warning: entity 9 was directed to use 5 halite to move north, but only 0 halite was available
At command 1 of 5:
>>> 1   m 9 n
    2   m 7 o
    3   m 2 e


Turn 20
================================================================
warning: entity 0 was directed to use 6 halite to move west, but only 0 halite was available
At command 4 of 5:
    2   m 2 w
    3   m 7 o
>>> 4   m 0 w
    5   m 5 e


Turn 27
================================================================
warning: entity 10 was directed to use 5 halite to move south, but only 0 halite was available
At command 3 of 6:
    1   m 2 o
    2   m 5 o
>>> 3   m 10 s
    4   m 9 o
    5   m 7 o


Turn 32
================================================================
warning: entity 5 was directed to use 3 halite to move north, but only 0 halite was available
At command 1 of 6:
>>> 1   m 5 n
    2   m 10 o
    3   m 7 w


Turn 35
================================================================
warning: entity 5 was directed to use 5 halite to move east, but only 0 halite was available
At command 1 of 6:
>>> 1   m 5 e
    2   m 7 o
    3   m 10 o


Turn 45
================================================================
warning: entity 7 was directed to use 2 halite to move west, but only 0 halite was available
At command 1 of 7:
>>> 1   m 7 w
    2   m 9 o
    3   m 0 e


Turn 47
================================================================
warning: entity 13 was directed to use 4 halite to move west, but only 0 halite was available
At command 5 of 7:
    3   m 10 o
    4   m 9 n
>>> 5   m 13 w
    6   m 2 e
    7   m 5 o


Turn 50
================================================================
warning: entity 0 was directed to use 3 halite to move south, but only 0 halite was available
At command 1 of 7:
>>> 1   m 0 s
    2   m 13 n
    3   m 2 e

warning: entity 13 was directed to use 5 halite to move north, but only 4 halite was available
At command 2 of 7:
    1   m 0 s
>>> 2   m 13 n
    3   m 2 e
    4   m 9 o


Turn 53
================================================================
warning: entity 0 was directed to use 3 halite to move west, but only 2 halite was available
At command 2 of 7:
    1   m 9 w
>>> 2   m 0 w
    3   m 13 o
    4   m 2 o


Turn 54
================================================================
warning: entity 5 was directed to use 2 halite to move north, but only 0 halite was available
At command 1 of 8:
>>> 1   m 5 n
    2   m 10 o
    3   m 9 w


Turn 56
================================================================
warning: entity 15 was directed to use 2 halite to move north, but only 0 halite was available
At command 1 of 8:
>>> 1   m 15 n
    2   m 9 w
    3   m 0 w


Turn 57
================================================================
warning: entity 5 was directed to use 2 halite to move west, but only 0 halite was available
At command 2 of 8:
    1   m 9 s
>>> 2   m 5 w
    3   m 0 n
    4   m 10 n


Turn 58
================================================================
warning: entity 15 was directed to use 6 halite to move east, but only 5 halite was available
At command 4 of 8:
    2   m 0 o
    3   m 10 o
>>> 4   m 15 e
    5   m 13 o
    6   m 2 w


Turn 60
================================================================
warning: entity 5 was directed to use 6 halite to move west, but only 0 halite was available
At command 3 of 8:
    1   m 9 o
    2   m 0 n
>>> 3   m 5 w
    4   m 10 n
    5   m 15 o


Turn 63
================================================================
warning: entity 0 was directed to use 6 halite to move north, but only 4 halite was available
At command 1 of 8:
>>> 1   m 0 n
    2   m 5 w
    3   m 10 e


Turn 66
================================================================
warning: entity 5 was directed to use 3 halite to move north, but only 0 halite was available
At command 4 of 8:
    2   m 13 n
    3   m 2 s
>>> 4   m 5 n
    5   m 0 o
    6   m 7 o


Turn 71
================================================================
warning: entity 2 was directed to use 1 halite to move north, but only 0 halite was available
At command 3 of 7:
    1   m 5 n
    2   m 15 n
>>> 3   m 2 n
    4   m 0 n
    5   m 9 s


Turn 73
================================================================
warning: entity 2 was directed to use 5 halite to move north, but only 4 halite was available
At command 6 of 8:
    4   m 0 o
    5   m 10 o
>>> 6   m 2 n
    7   m 15 o
    8   g


Turn 75
================================================================
warning: entity 9 was directed to use 4 halite to move east, but only 3 halite was available
At command 1 of 8:
>>> 1   m 9 e
    2   m 5 n
    3   m 2 n

warning: entity 18 was directed to use 1 halite to move west, but only 0 halite was available
At command 4 of 8:
    2   m 5 n
    3   m 2 n
>>> 4   m 18 w
    5   m 7 n
    6   m 15 o


Turn 77
================================================================
warning: entity 2 was directed to use 5 halite to move west, but only 4 halite was available
At command 2 of 8:
    1   m 9 w
>>> 2   m 2 w
    3   m 18 s
    4   m 7 n

warning: entity 18 was directed to use 5 halite to move south, but only 4 halite was available
At command 3 of 8:
    1   m 9 w
    2   m 2 w
>>> 3   m 18 s
    4   m 7 n
    5   m 10 w


Turn 79
================================================================
warning: entity 9 was directed to use 4 halite to move west, but only 2 halite was available
At command 1 of 9:
>>> 1   m 9 w
    2   m 2 w
    3   m 10 w


Turn 80
================================================================
warning: entity 7 was directed to use 3 halite to move north, but only 0 halite was available
At command 6 of 9:
    4   m 20 n
    5   m 9 n
>>> 6   m 7 n
    7   m 18 o
    8   m 15 o


Turn 87
================================================================
warning: entity 20 was directed to use 5 halite to move north, but only 3 halite was available
At command 3 of 9:
    1   m 10 s
    2   m 2 o
>>> 3   m 20 n
    4   m 9 o
    5   m 7 n


Turn 91
================================================================
warning: entity 20 was directed to use 4 halite to move north, but only 3 halite was available
At command 4 of 9:
    2   m 5 w
    3   m 0 n
>>> 4   m 20 n
    5   m 9 n
    6   m 18 o


Turn 96
================================================================
warning: entity 10 was directed to use 1 halite to move west, but only 0 halite was available
At command 3 of 9:
    1   m 9 w
    2   m 20 o
>>> 3   m 10 w
    4   m 15 o
    5   m 7 o


Turn 115
================================================================
warning: entity 23 was directed to use 4 halite to move east, but only 0 halite was available
At command 5 of 10:
    3   m 15 s
    4   m 0 s
>>> 5   m 23 e
    6   m 18 w
    7   m 7 w


Turn 121
================================================================
warning: entity 15 was directed to use 5 halite to move west, but only 0 halite was available
At command 4 of 10:
    2   m 9 e
    3   m 20 o
>>> 4   m 15 w
    5   m 5 e
    6   m 2 e


Turn 125
================================================================
warning: entity 0 was directed to use 1 halite to move east, but only 0 halite was available
At command 1 of 11:
>>> 1   m 0 e
    2   m 5 n
    3   m 2 s


Turn 127
================================================================
warning: entity 24 was directed to use 3 halite to move east, but only 0 halite was available
At command 4 of 11:
    2   m 7 e
    3   m 18 e
>>> 4   m 24 e
    5   m 2 s
    6   m 20 n

warning: entity 0 was directed to use 5 halite to move south, but only 3 halite was available
At command 8 of 11:
    6   m 20 n
    7   m 9 e
>>> 8   m 0 s
    9   m 23 o
    10   m 15 o


Turn 130
================================================================
warning: entity 24 was directed to use 6 halite to move south, but only 0 halite was available
At command 5 of 11:
    3   m 7 e
    4   m 2 s
>>> 5   m 24 s
    6   m 10 o
    7   m 15 o


Turn 138
================================================================
warning: entity 2 was directed to use 3 halite to move east, but only 0 halite was available
At command 9 of 11:
    7   m 9 s
    8   m 20 e
>>> 9   m 2 e
    10   m 24 o
    11   m 5 n


Turn 141
================================================================
warning: entity 0 was directed to use 4 halite to move north, but only 0 halite was available
At command 2 of 11:
    1   m 10 w
>>> 2   m 0 n
    3   m 23 w
    4   m 18 s


Turn 143
================================================================
warning: entity 10 was directed to use 2 halite to move north, but only 0 halite was available
At command 1 of 11:
>>> 1   m 10 n
    2   m 23 s
    3   m 0 w


Turn 145
================================================================
warning: entity 23 was directed to use 3 halite to move south, but only 0 halite was available
At command 1 of 11:
>>> 1   m 23 s
    2   m 9 s
    3   m 20 e


Turn 147
================================================================
warning: entity 10 was directed to use 5 halite to move west, but only 1 halite was available
At command 3 of 11:
    1   m 20 e
    2   m 9 n
>>> 3   m 10 w
    4   m 23 s
    5   m 15 e


Turn 148
================================================================
warning: entity 23 was directed to use 5 halite to move south, but only 3 halite was available
At command 2 of 11:
    1   m 15 n
>>> 2   m 23 s
    3   m 24 n
    4   m 2 e

warning: entity 2 was directed to use 4 halite to move east, but only 3 halite was available
At command 4 of 11:
    2   m 23 s
    3   m 24 n
>>> 4   m 2 e
    5   m 18 s
    6   m 7 s

warning: entity 9 was directed to use 2 halite to move west, but only 0 halite was available
At command 8 of 11:
    6   m 7 s
    7   m 5 e
>>> 8   m 9 w
    9   m 20 e
    10   m 10 w


Turn 149
================================================================
warning: entity 5 was directed to use 2 halite to move north, but only 0 halite was available
At command 3 of 11:
    1   m 15 e
    2   m 10 n
>>> 3   m 5 n
    4   m 18 s
    5   m 7 s


Turn 151
================================================================
warning: entity 5 was directed to use 6 halite to move south, but only 5 halite was available
At command 5 of 11:
    3   m 20 e
    4   m 9 w
>>> 5   m 5 s
    6   m 7 s
    7   m 18 s


Turn 152
================================================================
warning: entity 7 was directed to use 2 halite to move south, but only 0 halite was available
At command 1 of 11:
>>> 1   m 7 s
    2   m 18 e
    3   m 10 w

warning: entity 10 was directed to use 6 halite to move west, but only 2 halite was available
At command 3 of 11:
    1   m 7 s
    2   m 18 e
>>> 3   m 10 w
    4   m 20 n
    5   m 9 w

warning: entity 9 was directed to use 3 halite to move west, but only 1 halite was available
At command 5 of 11:
    3   m 10 w
    4   m 20 n
>>> 5   m 9 w
    6   m 15 o
    7   m 0 o

warning: entity 2 was directed to use 5 halite to move east, but only 2 halite was available
At command 10 of 11:
    8   m 5 e
    9   m 23 o
>>> 10   m 2 e
    11   m 24 o


Turn 153
================================================================
warning: entity 18 was directed to use 1 halite to move east, but only 0 halite was available
At command 2 of 11:
    1   m 5 e
>>> 2   m 18 e
    3   m 7 w
    4   m 10 w


Turn 154
================================================================
warning: entity 7 was directed to use 6 halite to move south, but only 5 halite was available
At command 7 of 11:
    5   m 5 o
    6   m 10 w
>>> 7   m 7 s
    8   m 18 n
    9   m 15 n


Turn 155
================================================================
warning: entity 18 was directed to use 6 halite to move east, but only 3 halite was available
At command 7 of 10:
    5   m 20 n
    6   m 5 o
>>> 7   m 18 e
    8   m 7 s
    9   m 0 o


Turn 156
================================================================
warning: entity 2 was directed to use 5 halite to move east, but only 1 halite was available
At command 4 of 10:
    2   m 9 w
    3   m 20 n
>>> 4   m 2 e
    5   m 24 w
    6   m 5 o


Turn 158
================================================================
warning: entity 9 was directed to use 3 halite to move north, but only 0 halite was available
At command 3 of 10:
    1   m 7 w
    2   m 18 n
>>> 3   m 9 n
    4   m 20 n
    5   m 0 o

warning: entity 24 was directed to use 5 halite to move west, but only 1 halite was available
At command 8 of 10:
    6   m 15 w
    7   m 23 o
>>> 8   m 24 w
    9   m 2 o
    10   m 5 o


Turn 159
================================================================
warning: entity 15 was directed to use 1 halite to move west, but only 0 halite was available
At command 3 of 10:
    1   m 18 n
    2   m 7 w
>>> 3   m 15 w
    4   m 20 n
    5   m 9 n


Turn 160
================================================================
warning: entity 7 was directed to use 2 halite to move west, but only 1 halite was available
At command 3 of 10:
    1   m 9 o
    2   m 20 n
>>> 3   m 7 w
    4   m 18 e
    5   m 15 n

warning: entity 18 was directed to use 5 halite to move east, but only 0 halite was available
At command 4 of 10:
    2   m 20 n
    3   m 7 w
>>> 4   m 18 e
    5   m 15 n
    6   m 0 o


Turn 161
================================================================
warning: entity 15 was directed to use 4 halite to move west, but only 3 halite was available
At command 1 of 10:
>>> 1   m 15 w
    2   m 23 n
    3   m 20 n


Turn 164
================================================================
warning: entity 18 was directed to use 5 halite to move north, but only 2 halite was available
At command 7 of 10:
    5   m 0 o
    6   m 5 o
>>> 7   m 18 n
    8   m 7 w
    9   m 24 w


Turn 165
================================================================
warning: entity 15 was directed to use 6 halite to move north, but only 2 halite was available
At command 2 of 10:
    1   m 23 n
>>> 2   m 15 n
    3   m 20 n
    4   m 9 o

warning: entity 24 was directed to use 2 halite to move north, but only 1 halite was available
At command 9 of 10:
    7   m 7 o
    8   m 18 e
>>> 9   m 24 n
    10   m 2 n


Turn 168
================================================================
warning: entity 23 was directed to use 1 halite to move west, but only 0 halite was available
At command 1 of 10:
>>> 1   m 23 w
    2   m 15 n
    3   m 5 w

warning: entity 24 was directed to use 6 halite to move north, but only 0 halite was available
At command 6 of 10:
    4   m 9 n
    5   m 20 e
>>> 6   m 24 n
    7   m 2 o
    8   m 0 o


Turn 169
================================================================
warning: entity 20 was directed to use 1 halite to move south, but only 0 halite was available
At command 3 of 10:
    1   m 15 w
    2   m 5 n
>>> 3   m 20 s
    4   m 9 n
    5   m 23 w

warning: entity 18 was directed to use 5 halite to move east, but only 2 halite was available
At command 9 of 10:
    7   m 2 o
    8   m 0 o
>>> 9   m 18 e
    10   m 7 s


Turn 170
================================================================
warning: entity 15 was directed to use 6 halite to move west, but only 3 halite was available
At command 1 of 10:
>>> 1   m 15 w
    2   m 5 w
    3   m 23 n


Turn 171
================================================================
warning: entity 20 was directed to use 4 halite to move south, but only 3 halite was available
At command 2 of 10:
    1   m 5 n
>>> 2   m 20 s
    3   m 9 w
    4   m 23 n

warning: entity 23 was directed to use 3 halite to move north, but only 2 halite was available
At command 4 of 10:
    2   m 20 s
    3   m 9 w
>>> 4   m 23 n
    5   m 0 o
    6   m 15 w


Turn 173
================================================================
warning: entity 5 was directed to use 1 halite to move north, but only 0 halite was available
At command 1 of 10:
>>> 1   m 5 n
    2   m 20 e
    3   m 9 w


Turn 175
================================================================
warning: entity 5 was directed to use 4 halite to move north, but only 3 halite was available
At command 2 of 10:
    1   m 23 w
>>> 2   m 5 n
    3   m 15 n
    4   m 0 e

warning: entity 15 was directed to use 3 halite to move north, but only 2 halite was available
At command 3 of 10:
    1   m 23 w
    2   m 5 n
>>> 3   m 15 n
    4   m 0 e
    5   m 20 e

warning: entity 20 was directed to use 5 halite to move east, but only 3 halite was available
At command 5 of 10:
    3   m 15 n
    4   m 0 e
>>> 5   m 20 e
    6   m 9 o
    7   m 2 o


Turn 176
================================================================
warning: entity 23 was directed to use 1 halite to move north, but only 0 halite was available
At command 4 of 10:
    2   m 7 o
    3   m 18 n
>>> 4   m 23 n
    5   m 5 w
    6   m 15 w


Turn 177
================================================================
warning: entity 18 was directed to use 4 halite to move east, but only 3 halite was available
At command 4 of 10:
    2   m 15 w
    3   m 0 e
>>> 4   m 18 e
    5   m 7 o
    6   m 23 w


Turn 178
================================================================
warning: entity 15 was directed to use 5 halite to move west, but only 4 halite was available
At command 2 of 10:
    1   m 5 n
>>> 2   m 15 w
    3   m 23 n
    4   m 0 n


Turn 179
================================================================
warning: entity 23 was directed to use 2 halite to move north, but only 1 halite was available
At command 2 of 10:
    1   m 5 n
>>> 2   m 23 n
    3   m 0 n
    4   m 15 w


Turn 180
================================================================
warning: entity 5 was directed to use 4 halite to move north, but only 1 halite was available
At command 5 of 10:
    3   m 9 w
    4   m 20 o
>>> 5   m 5 n
    6   m 23 w
    7   m 18 o


Turn 183
================================================================
warning: entity 23 was directed to use 1 halite to move west, but only 0 halite was available
At command 1 of 10:
>>> 1   m 23 w
    2   m 0 s
    3   m 2 w

warning: entity 15 was directed to use 5 halite to move north, but only 2 halite was available
At command 5 of 10:
    3   m 2 w
    4   m 24 w
>>> 5   m 15 n
    6   m 5 w
    7   m 18 n


Turn 184
================================================================
warning: entity 0 was directed to use 3 halite to move south, but only 0 halite was available
At command 1 of 10:
>>> 1   m 0 s
    2   m 2 w
    3   m 24 w

warning: entity 5 was directed to use 5 halite to move west, but only 0 halite was available
At command 4 of 10:
    2   m 2 w
    3   m 24 w
>>> 4   m 5 w
    5   m 23 n
    6   m 15 w


Turn 185
================================================================
warning: entity 23 was directed to use 5 halite to move west, but only 3 halite was available
At command 3 of 10:
    1   m 2 w
    2   m 24 n
>>> 3   m 23 w
    4   m 15 n
    5   m 0 e


Turn 187
================================================================
warning: entity 0 was directed to use 5 halite to move east, but only 3 halite was available
At command 6 of 10:
    4   m 24 w
    5   m 2 w
>>> 6   m 0 e
    7   m 7 n
    8   m 18 o


Turn 188
================================================================
warning: entity 5 was directed to use 5 halite to move north, but only 0 halite was available
At command 4 of 10:
    2   m 24 o
    3   m 2 s
>>> 4   m 5 n
    5   m 15 o
    6   m 0 e


Turn 191
================================================================
warning: entity 23 was directed to use 6 halite to move north, but only 1 halite was available
At command 1 of 10:
>>> 1   m 23 n
    2   m 2 s
    3   m 24 e


Turn 199
================================================================
warning: entity 7 was directed to use 2 halite to move south, but only 0 halite was available
At command 2 of 10:
    1   m 23 o
>>> 2   m 7 s
    3   m 18 w
    4   m 15 w


Turn 202
================================================================
warning: entity 7 was directed to use 4 halite to move west, but only 0 halite was available
At command 2 of 9:
    1   m 18 w
>>> 2   m 7 w
    3   m 15 o
    4   m 24 e


Turn 203
================================================================
warning: entity 2 was directed to use 2 halite to move east, but only 0 halite was available
At command 2 of 9:
    1   m 24 e
>>> 2   m 2 e
    3   m 20 n
    4   m 18 w


Turn 205
================================================================
warning: entity 7 was directed to use 5 halite to move south, but only 2 halite was available
At command 1 of 9:
>>> 1   m 7 s
    2   m 18 w
    3   m 2 e


Turn 206
================================================================
warning: entity 2 was directed to use 3 halite to move south, but only 2 halite was available
At command 4 of 9:
    2   m 15 e
    3   m 23 w
>>> 4   m 2 s
    5   m 24 s
    6   m 18 s


Turn 211
================================================================
warning: entity 20 was directed to use 1 halite to move west, but only 0 halite was available
At command 4 of 9:
    2   m 5 n
    3   m 0 w
>>> 4   m 20 w
    5   m 24 s
    6   m 2 o


Turn 213
================================================================
warning: entity 20 was directed to use 4 halite to move south, but only 3 halite was available
At command 5 of 9:
    3   m 15 e
    4   m 0 w
>>> 5   m 20 s
    6   m 24 s
    7   m 2 e


Turn 217
================================================================
warning: entity 24 was directed to use 6 halite to move south, but only 0 halite was available
At command 5 of 9:
    3   m 0 n
    4   m 5 o
>>> 5   m 24 s
    6   m 2 s
    7   m 18 s


Turn 220
================================================================
warning: entity 18 was directed to use 1 halite to move south, but only 0 halite was available
At command 5 of 9:
    3   m 0 n
    4   m 5 w
>>> 5   m 18 s
    6   m 7 o
    7   m 20 o


Turn 222
================================================================
warning: entity 0 was directed to use 1 halite to move west, but only 0 halite was available
At command 6 of 9:
    4   m 7 s
    5   m 18 o
>>> 6   m 0 w
    7   m 20 s
    8   m 24 w

warning: entity 24 was directed to use 5 halite to move west, but only 0 halite was available
At command 8 of 9:
    6   m 0 w
    7   m 20 s
>>> 8   m 24 w
    9   m 2 s


Turn 225
================================================================
warning: entity 0 was directed to use 5 halite to move west, but only 0 halite was available
At command 3 of 9:
    1   m 15 n
    2   m 5 w
>>> 3   m 0 w
    4   m 23 w
    5   m 20 s


Turn 226
================================================================
warning: entity 24 was directed to use 5 halite to move south, but only 0 halite was available
At command 8 of 9:
    6   m 18 e
    7   m 7 o
>>> 8   m 24 s
    9   m 2 s


Turn 231
================================================================
warning: entity 0 was directed to use 3 halite to move north, but only 0 halite was available
At command 1 of 9:
>>> 1   m 0 n
    2   m 5 w
    3   m 15 n


Turn 238
================================================================
warning: entity 15 was directed to use 1 halite to move south, but only 0 halite was available
At command 1 of 9:
>>> 1   m 15 s
    2   m 23 s
    3   m 5 s


Turn 240
================================================================
warning: entity 15 was directed to use 5 halite to move east, but only 4 halite was available
At command 3 of 9:
    1   m 23 s
    2   m 0 w
>>> 3   m 15 e
    4   m 24 s
    5   m 2 e


Turn 243
================================================================
warning: entity 7 was directed to use 3 halite to move west, but only 0 halite was available
At command 7 of 8:
    5   m 24 o
    6   m 2 e
>>> 7   m 7 w
    8   m 18 o


Turn 247
================================================================
warning: entity 7 was directed to use 5 halite to move north, but only 1 halite was available
At command 4 of 8:
    2   m 5 s
    3   m 20 e
>>> 4   m 7 n
    5   m 18 o
    6   m 15 o


Turn 249
================================================================
warning: entity 23 was directed to use 4 halite to move east, but only 0 halite was available
At command 1 of 8:
>>> 1   m 23 e
    2   m 5 s
    3   m 18 w


Turn 252
================================================================
warning: entity 5 was directed to use 3 halite to move east, but only 0 halite was available
At command 1 of 8:
>>> 1   m 5 e
    2   m 23 o
    3   m 18 w


Turn 254
================================================================
warning: entity 7 was directed to use 3 halite to move west, but only 0 halite was available
At command 3 of 8:
    1   m 20 e
    2   m 5 e
>>> 3   m 7 w
    4   m 18 w
    5   m 2 w


Turn 255
================================================================
warning: entity 5 was directed to use 4 halite to move east, but only 2 halite was available
At command 2 of 8:
    1   m 20 e
>>> 2   m 5 e
    3   m 2 w
    4   m 24 e


Turn 257
================================================================
warning: entity 7 was directed to use 5 halite to move west, but only 3 halite was available
At command 6 of 8:
    4   m 24 e
    5   m 18 n
>>> 6   m 7 w
    7   m 15 w
    8   m 23 o


Turn 260
================================================================
warning: entity 5 was directed to use 6 halite to move east, but only 1 halite was available
At command 2 of 8:
    1   m 20 n
>>> 2   m 5 e
    3   m 15 n
    4   m 2 w


Turn 263
================================================================
warning: entity 18 was directed to use 4 halite to move east, but only 0 halite was available
At command 5 of 8:
    3   m 2 n
    4   m 15 s
>>> 5   m 18 e
    6   m 7 n
    7   m 20 o


Turn 264
================================================================
warning: entity 5 was directed to use 5 halite to move south, but only 1 halite was available
At command 1 of 8:
>>> 1   m 5 s
    2   m 24 e
    3   m 2 n


Turn 265
================================================================
warning: entity 7 was directed to use 6 halite to move north, but only 4 halite was available
At command 5 of 8:
    3   m 15 s
    4   m 18 n
>>> 5   m 7 n
    6   m 5 s
    7   m 20 n


Turn 266
================================================================
warning: entity 15 was directed to use 2 halite to move south, but only 0 halite was available
At command 2 of 8:
    1   m 20 n
>>> 2   m 15 s
    3   m 5 e
    4   m 24 n

warning: entity 18 was directed to use 6 halite to move east, but only 5 halite was available
At command 7 of 8:
    5   m 2 n
    6   m 23 o
>>> 7   m 18 e
    8   m 7 w


Turn 269
================================================================
warning: entity 15 was directed to use 3 halite to move south, but only 1 halite was available
At command 1 of 8:
>>> 1   m 15 s
    2   m 20 w
    3   m 23 w


Turn 270
================================================================
warning: entity 20 was directed to use 3 halite to move south, but only 0 halite was available
At command 1 of 8:
>>> 1   m 20 s
    2   m 23 n
    3   m 5 e


Turn 272
================================================================
warning: entity 18 was directed to use 3 halite to move north, but only 0 halite was available
At command 2 of 8:
    1   m 23 n
>>> 2   m 18 n
    3   m 7 n
    4   m 15 s

warning: entity 15 was directed to use 5 halite to move south, but only 4 halite was available
At command 4 of 8:
    2   m 18 n
    3   m 7 n
>>> 4   m 15 s
    5   m 5 e
    6   m 20 s


Turn 273
================================================================
warning: entity 20 was directed to use 5 halite to move west, but only 3 halite was available
At command 3 of 8:
    1   m 23 n
    2   m 5 e
>>> 3   m 20 w
    4   m 24 n
    5   m 2 o


Turn 274
================================================================
warning: entity 5 was directed to use 5 halite to move east, but only 0 halite was available
At command 2 of 8:
    1   m 23 o
>>> 2   m 5 e
    3   m 18 n
    4   m 7 n


Turn 277
================================================================
warning: entity 2 was directed to use 3 halite to move north, but only 0 halite was available
At command 7 of 8:
    5   m 7 o
    6   m 18 o
>>> 7   m 2 n
    8   m 24 n


Turn 279
================================================================
warning: entity 23 was directed to use 3 halite to move north, but only 0 halite was available
At command 1 of 8:
>>> 1   m 23 n
    2   m 7 o
    3   m 18 n


Turn 282
================================================================
warning: entity 23 was directed to use 6 halite to move north, but only 5 halite was available
At command 1 of 8:
>>> 1   m 23 n
    2   m 20 s
    3   m 15 o

warning: entity 24 was directed to use 1 halite to move north, but only 0 halite was available
At command 6 of 8:
    4   m 18 n
    5   m 7 o
>>> 6   m 24 n
    7   m 2 o
    8   m 5 s


Turn 285
================================================================
warning: entity 24 was directed to use 4 halite to move west, but only 0 halite was available
At command 7 of 8:
    5   m 7 o
    6   m 5 o
>>> 7   m 24 w
    8   m 2 o


Turn 291
================================================================
warning: entity 24 was directed to use 2 halite to move north, but only 0 halite was available
At command 1 of 8:
>>> 1   m 24 n
    2   m 2 s
    3   m 20 s


Turn 294
================================================================
warning: entity 24 was directed to use 6 halite to move north, but only 1 halite was available
At command 3 of 8:
    1   m 5 w
    2   m 23 e
>>> 3   m 24 n
    4   m 2 o
    5   m 15 w


Turn 299
================================================================
warning: entity 24 was directed to use 3 halite to move north, but only 1 halite was available
At command 3 of 8:
    1   m 5 w
    2   m 15 w
>>> 3   m 24 n
    4   m 2 w
    5   m 23 e


Turn 308
================================================================
warning: entity 2 was directed to use 2 halite to move north, but only 0 halite was available
At command 5 of 8:
    3   m 15 n
    4   m 20 e
>>> 5   m 2 n
    6   m 24 n
    7   m 7 w


Turn 312
================================================================
warning: entity 15 was directed to use 4 halite to move north, but only 0 halite was available
At command 3 of 8:
    1   m 23 n
    2   m 5 n
>>> 3   m 15 n
    4   m 20 e
    5   m 18 w


Turn 316
================================================================
warning: entity 15 was directed to use 5 halite to move north, but only 2 halite was available
At command 5 of 8:
    3   m 18 w
    4   m 7 n
>>> 5   m 15 n
    6   m 23 w
    7   m 2 w


Turn 323
================================================================
warning: entity 5 was directed to use 1 halite to move east, but only 0 halite was available
At command 1 of 8:
>>> 1   m 5 e
    2   m 23 w
    3   m 15 e

warning: entity 2 was directed to use 2 halite to move east, but only 0 halite was available
At command 7 of 8:
    5   m 18 s
    6   m 7 n
>>> 7   m 2 e
    8   m 24 o


Turn 325
================================================================
warning: entity 5 was directed to use 5 halite to move east, but only 4 halite was available
At command 6 of 8:
    4   m 18 s
    5   m 15 e
>>> 6   m 5 e
    7   m 2 e
    8   m 24 o


Turn 326
================================================================
warning: entity 20 was directed to use 1 halite to move north, but only 0 halite was available
At command 2 of 8:
    1   m 23 w
>>> 2   m 20 n
    3   m 7 w
    4   m 18 s

warning: entity 15 was directed to use 5 halite to move north, but only 0 halite was available
At command 5 of 8:
    3   m 7 w
    4   m 18 s
>>> 5   m 15 n
    6   m 5 e
    7   m 2 e

warning: entity 2 was directed to use 4 halite to move east, but only 3 halite was available
At command 7 of 8:
    5   m 15 n
    6   m 5 e
>>> 7   m 2 e
    8   m 24 o


Turn 329
================================================================
warning: entity 20 was directed to use 4 halite to move south, but only 0 halite was available
At command 5 of 7:
    3   m 7 n
    4   m 18 s
>>> 5   m 20 s
    6   m 5 e
    7   m 2 o


Turn 330
================================================================
warning: entity 7 was directed to use 2 halite to move west, but only 0 halite was available
At command 3 of 7:
    1   m 23 s
    2   m 15 n
>>> 3   m 7 w
    4   m 18 s
    5   m 5 s

warning: entity 5 was directed to use 5 halite to move south, but only 2 halite was available
At command 5 of 7:
    3   m 7 w
    4   m 18 s
>>> 5   m 5 s
    6   m 20 s
    7   m 2 o


Turn 333
================================================================
warning: entity 7 was directed to use 5 halite to move north, but only 3 halite was available
At command 5 of 7:
    3   m 23 s
    4   m 18 s
>>> 5   m 7 n
    6   m 20 o
    7   m 2 o


Turn 334
================================================================
warning: entity 15 was directed to use 5 halite to move north, but only 0 halite was available
At command 2 of 7:
    1   m 23 s
>>> 2   m 15 n
    3   m 5 o
    4   m 18 s


Turn 338
================================================================
warning: entity 18 was directed to use 3 halite to move north, but only 0 halite was available
At command 1 of 7:
>>> 1   m 18 n
    2   m 7 n
    3   m 23 s


Turn 339
================================================================
warning: entity 7 was directed to use 4 halite to move north, but only 1 halite was available
At command 4 of 7:
    2   m 5 e
    3   m 15 o
>>> 4   m 7 n
    5   m 18 w
    6   m 20 o


Turn 341
================================================================
warning: entity 23 was directed to use 1 halite to move south, but only 0 halite was available
At command 1 of 7:
>>> 1   m 23 s
    2   m 7 w
    3   m 18 o


Turn 344
================================================================
warning: entity 23 was directed to use 6 halite to move south, but only 1 halite was available
At command 1 of 7:
>>> 1   m 23 s
    2   m 5 s
    3   m 7 n


Turn 346
================================================================
warning: entity 7 was directed to use 3 halite to move west, but only 2 halite was available
At command 4 of 7:
    2   m 20 e
    3   m 5 s
>>> 4   m 7 w
    5   m 18 s
    6   m 15 o


Turn 349
================================================================
warning: entity 7 was directed to use 6 halite to move west, but only 3 halite was available
At command 4 of 7:
    2   m 23 o
    3   m 18 s
>>> 4   m 7 w
    5   m 20 o
    6   m 15 e


Turn 368
================================================================
warning: owned entities 18, 23 collided on cell (23, 16) as the result of moves on this turn
At command 2 of 6:
    1   m 20 w
>>> 2   m 18 e
    3   m 24 w
    4   m 2 s


Turn 373
================================================================
warning: owned entities 20, 2 collided on cell (23, 16) as the result of moves on this turn
At command 1 of 4:
>>> 1   m 20 n
    2   m 15 w
    3   m 24 n

Other commands that placed an entity on this cell:
    2   m 15 w
    3   m 24 n
>>> 4   m 2 w


Turn 382
================================================================
warning: entity 24 was directed to use 16 halite to move north, but only 10 halite was available
At command 2 of 2:
    1   m 15 o
>>> 2   m 24 n


Turn 385
================================================================
warning: entity 24 was directed to use 55 halite to move north, but only 31 halite was available
At command 1 of 2:
>>> 1   m 24 n
    2   m 15 o


Turn 389
================================================================
warning: owned entities 24, 15 collided on cell (23, 16) as the result of moves on this turn
At command 1 of 2:
>>> 1   m 24 n
    2   m 15 o

